node   1  (   0,    0) (   5,    3) (   7,    4) (   5,    3) (   3,    3) (   3,    2) (   3,    2) (   2,    2) (   3,    4) (   3,    0)
          (   3,    1) (   3,    2) (   3,    4) (   3,    3) (   3,    2) (   3,    2) (   3,    4) (   3,    4) (   3,    4) (   3,    1)
          (   2,    3) (   2,    2) (   3,    4) (   3,    2) (   3,    1) (   3,    2) (   3,    1) (   3,    2) (   2,    6) (   2,    4)
          (   3,    3) (   3,    5) (   3,    3) (   2,    4) (   3,    1) (   2,    2) (   3,    1) (   2,    2) (   2,    3) (   2,    1)
          (   1,    5) (   2,    4) (   3,    2) (   3,    4) (   3,    3) (   3,    3) (   3,    0) (   3,    1) (   3,    2) (   3,    2)
          (   3,    2) (   3,    2) (   2,    3) (   2,    2) (   3,    3) (   3,    0) (   2,    2) (   3,    3) (   2,    5) (   3,    6)
          (   3,    2) (   3,    3) (   3,    1) (   3,    1) (   3,    2) (   2,    1) (   3,    2) (   2,    1) (   3,    0) (   3,    3)
          (   3,    0) (   3,    1) (   3,    1) (   3,    2) (   3,    2) (   3,    4) (   3,    3) (   3,    3) (   3,    3) (   3,    4)
          (   3,    0) (   2,    3) (   3,    1) (   3,    2) (   3,    2) (   2,    4) (   3,    5) (   3,    1) (   3,    3) (   1,    4)
          (   2,    2) (   2,    4) (   3,    4) (   3,    3) (   3,    2) (   3,    3) (   3,    2) (   3,    1) (   2,    4) (   3,    3)
          (   2,    3) (   3,    5) (   3,    7) (   3,    4) (   3,    1) (   2,    1) (   3,    3) (   3,    2) (   2,    2) (   3,    3)
          (   3,    2) (   3,    1) (   3,    3) (   2,    2) (   3,    4) (   3,    1) (   3,    1) (   3,    6) (   2,    3) (   2,    2)
          (   1,    3) (   3,    2) (   3,    5) (   3,    3) (   3,    2) (   3,    5) (   2,    3) (   3,    3) (   3,    1) (   3,    2)
          (   3,    3) (   2,    2) (   3,    2) (   3,    4) (   3,    1) (   3,    2) (   3,    3) (   3,    3) (   3,    2) (   3,    3)
          (   3,    0) (   3,    4) (   3,    0) (   3,    3) (   3,    4) (   3,    3) (   3,    2) (   3,    2) (   2,    0) (   2,    1)
          (   2,    6) (   2,    3) (   2,    2) (   3,    3) (   2,    4) (   3,    0) (   2,    4) (   3,    3) (   2,    2) (   3,    2)
          (   3,    1) (   3,    3) (   2,    2) (   3,    1) (   2,    6) (   2,    1) (   2,    2) (   3,    4) (   3,    4) (   3,    2)
          (   3,    2) (   3,    2) (   3,    3) (   2,    3) (   3,    5) (   2,    1) (   3,    3) (   3,    2) (   3,    4) (   3,    3)
          (   3,    4) (   2,    3) (   3,    2) (   2,    2) (   3,    6) (   2,    1) (   2,    4) (   3,    2) (   1,    0) (   3,    4)
          (   3,    1) (   3,    3) (   3,    0) (   2,    4) (   3,    4) (   3,    4) (   3,    1) (   2,    1) (   3,    1) (   1,    4)
          (   3,    1) (   3,    1) (   3,    3) (   2,    4) (   2,    3) (   3,    3) (   2,    2) (   3,    1) (   3,    3) (   3,    3)
          (   3,    2) (   3,    5) (   2,    2) (   3,    0) (   2,    4) (   2,    2) (   3,    2) (   3,    2) (   2,    0) (   3,    2)
          (   2,    1) (   2,    3) (   2,    1) (   2,    3) (   2,    2) (   2,    4) (   2,    5) (   3,    2) (   2,    5) (   3,    4)
          (   3,    2) (   3,    5) (   3,    4) (   3,    4) (   2,    4) (   3,    5) (   3,    5) (   3,    5) (   3,    4) (   3,    4)
          (   3,    2) (   3,    4) (   3,    5) (   3,    5) (   3,    5) (   2,    0) (   2,    3) (   3,    5) (   3,    5) (   3,    2)
          (   3,    2) (   2,    1) (   3,    3) (   3,    7) (   2,    2) (   3,    2) (   2,    2) (   3,    3) (   2,    4) (   3,    1)
          (   3,    4) (   3,    1) (   3,    5) (   3,    3) (   3,    1) (   3,    5) (   3,    5) (   3,    3) (   3,    3) (   3,    3)
          (   3,    4) (   3,    4) (   3,    2) (   3,    3) (   2,    3) (   2,    3) (   3,    3) (   2,    1) (   3,    3) (   3,    2)
          (   3,    6) (   3,    4) (   2,    3) (   3,    3) (   3,    0) (   3,    3) (   3,    3) (   3,    5) (   2,    4) (   3,    1)
          (   1,    2) (   3,    5) (   2,    2) (   3,    1) (   3,    4) (   3,    4) (   3,    2) (   3,    2) (   3,    3) (   2,    4)
          (   3,    2) (   3,    1) (   2,    2) (   3,    3) (   3,    1) (   3,    5) (   3,    2) (   2,    3) (   3,    3) (   2,    5)
          (   3,    4) (   2,    3) (   3,    3) (   3,    2) (   2,    1) (   2,    4) (   2,    4) (   3,    1) (   3,    5) (   3,    3)
          (   3,    4) (   1,    3) (   3,    4) (   3,    3) (   2,    2) (   3,    1) (   2,    2) (   3,    2) (   2,    3) (   2,    5)
          (   2,    2) (   3,    4) (   3,    3) (   3,    3) (   3,    4) (   2,    2) (   3,    1) (   3,    3) (   3,    4) (   3,    3)
          (   3,    3) (   3,    5) (   3,    4) (   2,    1) (   2,    1) (   3,    2) (   3,    3) (   3,    1) (   2,    2) (   2,    1)
          (   2,    2) (   3,    0) (   3,    1) (   3,    4) (   3,    2) (   3,    1) (   2,    2) (   3,    3) (   2,    2) (   3,    1)
          (   2,    3) (   3,    1) (   3,    4) (   2,    2) (   2,    4) (   3,    3) (   3,    3) (   3,    1) (   2,    3) (   3,    2)
          (   3,    3) (   3,    3) (   3,    1) (   3,    1) (   3,    4) (   3,    0) (   3,    3) (   2,    3) (   3,    4) (   3,    3)
          (   3,    2) (   3,    2) (   3,    1) (   3,    1) (   3,    2) (   3,    1) (   2,    5) (   2,    3) (   3,    3) (   3,    2)
          (   3,    2) (   3,    3) (   3,    2) (   3,    4) (   1,    1) (   2,    3) (   3,    2) (   3,    1) (   2,    3) (   3,    1)
          (   3,    2) (   3,    1) (   3,    1) (   3,    4) (   3,    4) (   3,    4) (   3,    2) (   2,    4) (   3,    2) (   1,    4)
          (   2,    5) (   3,    4) (   3,    4) (   2,    5) (   2,    2) (   2,    1) (   3,    4) (   3,    1) (   3,    4) (   2,    3)
          (   3,    2) (   2,    6) (   3,    2) (   3,    1) (   2,    2) (   3,    1) (   2,    5) (   3,    3) (   2,    2) (   3,    0)
          (   2,    3) (   3,    2) (   0,    3) (   3,    5) (   1,    1) (   3,    5) (   3,    6) (   2,    3) (   3,    3) (   3,    5)
          (   3,    1) (   3,    3) (   2,    0) (   3,    4) (   3,    2) (   3,    2) (   3,    1) (   2,    4) (   3,    0) (   3,    2)
          (   3,    1) (   2,    3) (   2,    7) (   2,    3) (   3,    0) (   2,    0) (   2,    2) (   3,    2) (   3,    6) (   3,    4)
          (   3,    4) (   3,    2) (   3,    4) (   3,    3) (   3,    2) (   3,    3) (   3,    1) (   3,    4) (   2,    1) (   3,    0)
          (   3,    3) (   3,    2) (   3,    3) (   3,    4) (   3,    3) (   2,    3) (   3,    2) (   3,    1) (   2,    2) (   3,    1)
          (   2,    2) (   3,    3) (   3,    2) (   3,    3) (   3,    2) (   3,    4) (   3,    4) (   2,    2) (   3,    5) (   3,    1)
          (   1,    3) (   3,    1) (   3,    3) (   2,    4) (   3,    1) (   3,    1) (   3,    3) (   3,    4) (   3,    1) (   3,    1)
          (   3,    3) (   3,    2) (   2,    5) (   3,    5) (   3,    1) (   3,    3) (   2,    3) (   3,    3) (   2,    4) (   3,    3)
          (   3,    3) (   3,    3) (   3,    5) (   3,    6) (   2,    3) (   1,    3) (   3,    3) (   3,    1) (   2,    1) (   3,    2)
          (   3,    2) (   3,    3) (   3,    2) (   3,    3) (   3,    2) (   2,    6) (   3,    4) (   3,    1) (   3,    0) (   3,    3)
          (   3,    2) (   3,    4) (   3,    4) (   3,    3) (   3,    2) (   3,    4) (   3,    4) (   3,    3) (   3,    0) (   3,    4)
          (   3,    2) (   3,    1) (   3,    2) (   2,    2) (   3,    2) (   2,    3) (   3,    3) (   3,    2) (   1,    1) (   3,    1)
          (   3,    1) (   3,    3) (   2,    3) (   2,    2) (   3,    4) (   2,    3) (   3,    3) (   3,    2) (   2,    1) (   3,    3)
          (   3,    2) (   3,    1) (   3,    1) (   2,    1) (   3,    1) (   3,    1) (   3,    2) (   3,    2) (   3,    1) (   3,    3)
          (   3,    3) (   3,    3) (   3,    1) (   2,    4) (   3,    2) (   3,    2) (   3,    0) (   3,    3) (   3,    4) (   3,    2)
          (   2,    2) (   2,    2) (   3,    2) (   2,    5) (   3,    5) (   2,    2) (   3,    1) (   2,    2) (   3,    4) (   3,    1)
          (   2,    1) (   3,    4) (   1,    1) (   2,    5) (   3,    6) (   3,    2) (   0,    5) (   3,    4) (   3,    2) (   2,    3)
          (   3,    0) (   3,    1) (   2,    4) (   3,    2) (   2,    3) (   3,    2) (   3,    3) (   3,    5) (   3,    2) (   3,    4)
          (   3,    1) (   3,    2) (   3,    4) (   2,    2) (   2,    2) (   3,    0) (   3,    1) (   3,    4) (   2,    6) (   3,    1)
          (   3,    2) (   3,    0) (   3,    4) (   3,    4) (   3,    5) (   3,    0) (   3,    6) (   3,    3) (   2,    1) (   3,    5)
          (   3,    1) (   2,    3) (   3,    1) (   3,    5) (   3,    9) (   3,    3) (   3,    9) (   2,    2) (   3,    2) (   2,    3)
          (   2,    2) (   3,    3) (   3,    2) (   3,    1) (   3,    2) (   3,    1) (   3,    4) (   3,    3) (   1,    5) (   3,    7)
          (   1,    1) (   2,    2) (   3,    3) (   3,    4) (   3,    2) (   1,    2) (   3,    4) (   2,    2) (   3,    3) (   2,    0)
          (   2,    0) (   3,    2) (   3,    3) (   3,    5) (   3,    5) (   2,    1) (   3,    1) (   3,    2) (   3,    4) (   3,    4)
          (   3,    2) (   3,    3) (   2,    5) (   2,    1) (   3,    0) (   1,    2) (   3,    5) (   2,    3) (   2,    3) (   3,    1)
          (   3,    4) (   3,    1) (   3,    1) (   2,    5) (   3,    0) (   3,    0) (   3,    4) (   2,    4) (   3,    1) (   3,    4)
          (   3,    5) (   2,    1) (   3,    2) (   2,    2) (   2,    3) (   3,    5) (   3,    2) (   3,    1) (   3,    1) (   1,    0)
         
node   1 sent_total   1882  recv_total   1858

node   2  (   1,    0) (   0,    0) (   1,    1) (   2,    3) (   2,    3) (   3,    5) (   3,    2) (   3,    2) (   3,    2) (   2,    2)
          (   3,    2) (   3,    4) (   2,    4) (   3,    4) (   3,    2) (   2,    2) (   1,    2) (   3,    2) (   2,    1) (   3,    2)
          (   3,    1) (   3,    3) (   2,    4) (   3,    2) (   3,    1) (   3,    1) (   2,    1) (   3,    3) (   3,    3) (   2,    1)
          (   3,    3) (   3,    3) (   3,    2) (   2,    1) (   3,    1) (   3,    3) (   2,    5) (   3,    1) (   3,    3) (   3,    4)
          (   3,    5) (   1,    5) (   3,    0) (   3,    2) (   1,    4) (   3,    0) (   3,    0) (   3,    1) (   3,    1) (   3,    3)
          (   3,    2) (   2,    5) (   2,    1) (   1,    2) (   3,    4) (   1,    2) (   3,    1) (   2,    2) (   3,    3) (   2,    3)
          (   2,    1) (   3,    4) (   3,    3) (   3,    4) (   2,    4) (   3,    1) (   3,    2) (   2,    2) (   3,    1) (   2,    4)
          (   2,    2) (   2,    0) (   3,    1) (   2,    3) (   1,    2) (   3,    0) (   2,    2) (   2,    3) (   3,    3) (   3,    3)
          (   3,    3) (   3,    4) (   3,    4) (   2,    4) (   2,    2) (   3,    4) (   3,    2) (   3,    2) (   3,    0) (   2,    1)
          (   3,    3) (   3,    2) (   3,    0) (   2,    4) (   3,    3) (   3,    1) (   3,    1) (   3,    1) (   2,    3) (   3,    3)
          (   2,    4) (   3,    2) (   3,    2) (   3,    2) (   2,    1) (   1,    1) (   3,    5) (   3,    0) (   3,    0) (   3,    2)
          (   3,    1) (   3,    7) (   3,    2) (   3,    4) (   3,    5) (   3,    2) (   3,    3) (   3,    2) (   3,    3) (   3,    5)
          (   3,    6) (   3,    3) (   3,    2) (   3,    3) (   3,    1) (   3,    1) (   3,    2) (   3,    2) (   2,    3) (   3,    3)
          (   2,    0) (   3,    2) (   2,    3) (   3,    1) (   3,    5) (   3,    4) (   2,    2) (   3,    3) (   3,    4) (   3,    3)
          (   3,    3) (   3,    5) (   3,    4) (   2,    2) (   3,    4) (   3,    1) (   3,    4) (   3,    3) (   2,    1) (   3,    2)
          (   2,    2) (   2,    3) (   3,    0) (   3,    0) (   2,    1) (   3,    4) (   2,    3) (   3,    1) (   2,    1) (   3,    2)
          (   2,    4) (   3,    1) (   3,    4) (   2,    3) (   2,    1) (   3,    3) (   3,    2) (   3,    5) (   2,    3) (   3,    4)
          (   2,    1) (   3,    2) (   3,    1) (   2,    2) (   3,    3) (   3,    1) (   2,    2) (   3,    4) (   3,    0) (   3,    4)
          (   3,    0) (   2,    3) (   2,    1) (   3,    2) (   3,    3) (   3,    2) (   2,    0) (   3,    3) (   3,    3) (   3,    1)
          (   3,    4) (   2,    2) (   3,    3) (   3,    2) (   3,    6) (   3,    3) (   3,    3) (   3,    2) (   2,    1) (   3,    1)
          (   2,    0) (   3,    5) (   3,    4) (   3,    1) (   3,    5) (   3,    3) (   3,    0) (   3,    1) (   3,    2) (   3,    1)
          (   3,    2) (   3,    3) (   3,    3) (   3,    4) (   3,    3) (   2,    3) (   3,    1) (   2,    5) (   3,    3) (   2,    1)
          (   3,    5) (   2,    1) (   2,    4) (   3,    3) (   3,    2) (   3,    5) (   2,    1) (   2,    5) (   3,    1) (   3,    6)
          (   3,    5) (   3,    4) (   3,    2) (   3,    1) (   3,    2) (   3,    4) (   3,    3) (   2,    4) (   3,    2) (   1,    9)
          (   2,    6) (   2,    3) (   3,    1) (   3,    2) (   3,    2) (   2,    6) (   3,    2) (   3,    0) (   3,    2) (   1,    4)
          (   3,    5) (   3,    0) (   2,    3) (   3,    4) (   3,    1) (   2,    7) (   3,    0) (   3,    3) (   3,    3) (   3,    1)
          (   3,    2) (   3,    3) (   3,    6) (   3,    1) (   3,    1) (   3,    2) (   3,    4) (   3,    4) (   3,    4) (   3,    0)
          (   3,    3) (   2,    4) (   3,    2) (   3,    3) (   3,    3) (   2,    4) (   3,    1) (   2,    5) (   1,    1) (   3,    5)
          (   3,    3) (   3,    3) (   3,    3) (   3,    1) (   3,    2) (   3,    1) (   3,    4) (   3,    3) (   3,    3) (   3,    4)
          (   1,    2) (   3,    4) (   3,    1) (   3,    0) (   2,    4) (   2,    0) (   3,    3) (   3,    2) (   2,    2) (   3,    2)
          (   2,    6) (   3,    0) (   3,    4) (   3,    5) (   3,    4) (   2,    1) (   3,    1) (   3,    3) (   3,    0) (   3,    0)
          (   3,    5) (   2,    3) (   2,    2) (   3,    4) (   3,    3) (   3,    4) (   3,    2) (   3,    3) (   3,    0) (   3,    3)
          (   3,    5) (   3,    2) (   2,    5) (   3,    2) (   3,    2) (   3,    2) (   3,    2) (   3,    3) (   3,    5) (   2,    3)
          (   3,    4) (   3,    4) (   1,    2) (   2,    3) (   3,    2) (   2,    3) (   3,    1) (   3,    1) (   3,    2) (   3,    2)
          (   3,    3) (   3,    4) (   3,    4) (   3,    2) (   3,    4) (   2,    2) (   3,    2) (   3,    2) (   2,    3) (   3,    1)
          (   2,    1) (   2,    1) (   2,    1) (   3,    2) (   2,    1) (   2,    5) (   3,    2) (   3,    3) (   3,    3) (   3,    3)
          (   3,    5) (   3,    3) (   3,    5) (   3,    6) (   3,    3) (   3,    0) (   2,    3) (   3,    3) (   3,    1) (   3,    0)
          (   3,    2) (   3,    1) (   3,    3) (   3,    7) (   2,    2) (   3,    4) (   3,    3) (   2,    3) (   3,    1) (   3,    3)
          (   3,    3) (   3,    6) (   3,    3) (   3,    3) (   3,    2) (   3,    2) (   3,    2) (   2,    3) (   3,    4) (   3,    0)
          (   3,    2) (   3,    1) (   2,    1) (   3,    3) (   3,    3) (   3,    4) (   3,    2) (   3,    2) (   3,    2) (   2,    2)
          (   3,    0) (   3,    2) (   3,    2) (   2,    3) (   2,    2) (   3,    3) (   3,    4) (   3,    3) (   2,    3) (   3,    1)
          (   3,    3) (   3,    2) (   3,    2) (   3,    2) (   3,    4) (   3,    3) (   3,    2) (   3,    2) (   2,    1) (   3,    3)
          (   3,    0) (   3,    2) (   3,    1) (   2,    2) (   3,    3) (   3,    6) (   3,    1) (   3,    3) (   3,    0) (   2,    3)
          (   2,    3) (   2,    1) (   3,    3) (   2,    1) (   3,    1) (   3,    1) (   3,    3) (   3,    2) (   3,    4) (   2,    4)
          (   3,    3) (   3,    2) (   0,    6) (   3,    2) (   3,    4) (   3,    2) (   2,    1) (   2,    0) (   1,    0) (   3,    4)
          (   3,    3) (   3,    2) (   2,    2) (   3,    3) (   3,    7) (   3,    1) (   2,    1) (   3,    5) (   3,    2) (   3,    5)
          (   2,    0) (   3,    6) (   3,    1) (   2,    2) (   3,    2) (   2,    4) (   2,    4) (   3,    2) (   3,    4) (   2,    2)
          (   3,    1) (   2,    1) (   3,    4) (   3,    1) (   2,    2) (   2,    3) (   3,    1) (   3,    3) (   2,    4) (   3,    2)
          (   3,    2) (   3,    1) (   2,    5) (   3,    2) (   3,    3) (   3,    2) (   3,    2) (   2,    5) (   3,    3) (   3,    4)
          (   1,    2) (   2,    2) (   2,    4) (   2,    3) (   3,    7) (   3,    1) (   3,    1) (   2,    5) (   3,    1) (   3,    4)
          (   2,    7) (   2,    2) (   3,    1) (   3,    4) (   3,    6) (   3,    3) (   3,    2) (   3,    3) (   3,    3) (   3,    2)
          (   3,    2) (   3,    3) (   2,    0) (   3,    5) (   3,    3) (   2,    5) (   3,    1) (   3,    6) (   3,    1) (   2,    3)
          (   3,    4) (   2,    3) (   2,    3) (   3,    3) (   3,    2) (   3,    5) (   3,    2) (   3,    3) (   3,    3) (   2,    3)
          (   3,    3) (   2,    3) (   3,    2) (   3,    1) (   2,    3) (   2,    5) (   2,    2) (   3,    3) (   3,    5) (   3,    3)
          (   3,    2) (   3,    1) (   3,    4) (   3,    2) (   3,    4) (   2,    0) (   3,    3) (   3,    3) (   3,    4) (   3,    5)
          (   3,    4) (   3,    4) (   3,    2) (   3,    3) (   3,    1) (   3,    2) (   3,    2) (   3,    4) (   3,    3) (   3,    0)
          (   2,    3) (   3,    4) (   3,    1) (   2,    2) (   3,    1) (   2,    2) (   3,    1) (   3,    2) (   3,    1) (   3,    3)
          (   3,    5) (   3,    4) (   3,    2) (   2,    2) (   3,    2) (   2,    4) (   3,    2) (   2,    1) (   3,    2) (   3,    4)
          (   3,    1) (   3,    3) (   3,    5) (   3,    3) (   2,    1) (   2,    2) (   3,    2) (   3,    4) (   3,    1) (   3,    3)
          (   3,    3) (   3,    6) (   3,    0) (   3,    2) (   3,    1) (   3,    0) (   3,    2) (   3,    0) (   3,    2) (   1,    3)
          (   3,    2) (   3,    2) (   2,    6) (   3,    3) (   2,    4) (   3,    3) (   2,    0) (   3,    3) (   2,    3) (   3,    1)
          (   3,    3) (   3,    3) (   3,    5) (   2,    2) (   2,    2) (   2,    4) (   2,    3) (   3,    3) (   3,    1) (   2,    1)
          (   3,    3) (   3,    1) (   2,    5) (   3,    4) (   2,    1) (   3,    1) (   2,    3) (   3,    5) (   3,    1) (   3,    1)
          (   3,    3) (   0,    4) (   3,    3) (   3,    1) (   3,    1) (   3,    2) (   3,    1) (   2,    1) (   3,    2) (   3,    3)
          (   2,    3) (   3,    3) (   2,    2) (   1,    3) (   3,    2) (   3,    3) (   3,    2) (   3,    2) (   3,    3) (   3,    0)
          (   2,    4) (   1,    2) (   2,    3) (   3,    4) (   3,    2) (   3,    4) (   1,    3) (   3,    2) (   3,    2) (   2,    1)
          (   2,    5) (   3,    1) (   3,    3) (   3,    4) (   3,    5) (   3,    3) (   3,    1) (   3,    5) (   3,    1) (   3,    4)
          (   3,    2) (   2,    4) (   3,    2) (   2,    2) (   3,    1) (   3,    1) (   3,    0) (   3,    2) (   3,    5) (   3,    3)
          (   3,    5) (   1,    3) (   3,    2) (   2,    1) (   3,    6) (   3,    4) (   2,    4) (   3,    3) (   3,    2) (   1,    1)
          (   3,    3) (   1,    1) (   3,    2) (   3,    5) (   3,    3) (   3,    3) (   3,    4) (   3,    2) (   3,    5) (   2,    3)
         
node   2 sent_total   1876  recv_total   1808

node   3  (   1,    0) (   0,    0) (   2,    3) (   3,    1) (   1,    4) (   3,    2) (   3,    2) (   3,    3) (   3,    1) (   3,    3)
          (   2,    4) (   3,    2) (   2,    4) (   3,    2) (   3,    2) (   2,    3) (   2,    3) (   2,    3) (   3,    1) (   2,    3)
          (   3,    4) (   3,    2) (   3,    7) (   3,    1) (   3,    4) (   3,    5) (   3,    5) (   3,    1) (   3,    2) (   3,    3)
          (   3,    3) (   3,    1) (   3,    1) (   3,    3) (   2,    0) (   2,    5) (   2,    1) (   3,    4) (   3,    0) (   3,    3)
          (   3,    0) (   2,    2) (   3,    4) (   3,    3) (   3,    5) (   3,    2) (   2,    4) (   3,    1) (   3,    5) (   1,    0)
          (   2,    3) (   2,    3) (   3,    4) (   3,    3) (   2,    2) (   3,    3) (   3,    2) (   3,    3) (   3,    3) (   3,    0)
          (   2,    3) (   3,    4) (   2,    4) (   3,    3) (   2,    4) (   3,    2) (   2,    2) (   2,    4) (   3,    2) (   3,    1)
          (   3,    3) (   2,    2) (   2,    4) (   3,    0) (   3,    5) (   3,    2) (   3,    5) (   3,    2) (   3,    2) (   3,    0)
          (   3,    5) (   3,    2) (   2,    3) (   3,    6) (   2,    1) (   3,    3) (   2,    2) (   3,    4) (   3,    4) (   2,    3)
          (   3,    3) (   3,    1) (   3,    0) (   3,    3) (   2,    4) (   3,    6) (   2,    3) (   3,    5) (   2,    3) (   3,    3)
          (   2,    1) (   3,    2) (   3,    1) (   3,    5) (   3,    4) (   3,    4) (   3,    1) (   2,    3) (   2,    5) (   3,    4)
          (   3,    1) (   2,    1) (   3,    3) (   3,    3) (   2,    2) (   3,    2) (   3,    0) (   3,    0) (   3,    1) (   3,    2)
          (   3,    2) (   3,    2) (   3,    2) (   3,    4) (   2,    3) (   2,    1) (   3,    5) (   3,    3) (   3,    3) (   3,    0)
          (   3,    2) (   3,    3) (   3,    5) (   3,    3) (   3,    4) (   3,    2) (   2,    1) (   3,    2) (   3,    2) (   3,    4)
          (   2,    4) (   3,    1) (   3,    3) (   2,    4) (   3,    3) (   2,    4) (   3,    4) (   3,    4) (   3,    4) (   2,    0)
          (   3,    3) (   3,    1) (   3,    3) (   3,    3) (   3,    1) (   3,    1) (   3,    4) (   2,    2) (   2,    4) (   2,    2)
          (   3,    1) (   2,    4) (   3,    1) (   3,    7) (   3,    3) (   2,    3) (   3,    6) (   3,    1) (   3,    2) (   3,    3)
          (   3,    4) (   0,    1) (   3,    2) (   3,    3) (   3,    1) (   3,    2) (   3,    6) (   2,    0) (   2,    4) (   3,    3)
          (   1,    2) (   3,    3) (   2,    3) (   3,    3) (   3,    2) (   3,    6) (   3,    4) (   3,    3) (   3,    1) (   2,    2)
          (   3,    3) (   3,    3) (   2,    2) (   2,    3) (   3,    1) (   3,    1) (   3,    7) (   3,    1) (   3,    4) (   3,    3)
          (   3,    3) (   3,    5) (   3,    4) (   2,    4) (   3,    1) (   3,    2) (   3,    2) (   3,    2) (   2,    1) (   2,    2)
          (   3,    2) (   3,    4) (   2,    4) (   3,    3) (   3,    1) (   3,    3) (   3,    0) (   2,    1) (   2,    1) (   3,    2)
          (   3,    0) (   3,    2) (   3,    4) (   3,    2) (   3,    2) (   2,    4) (   3,    3) (   3,    3) (   3,    3) (   3,    2)
          (   3,    0) (   0,    4) (   3,    1) (   3,    2) (   2,    2) (   1,    1) (   2,    4) (   3,    3) (   3,    2) (   2,    1)
          (   1,    2) (   2,    2) (   3,    4) (   3,    4) (   3,    2) (   3,    1) (   2,    2) (   3,    2) (   3,    1) (   2,    4)
          (   2,    0) (   3,    3) (   3,    2) (   3,    1) (   2,    4) (   2,    2) (   3,    4) (   3,    3) (   3,    5) (   3,    2)
          (   3,    3) (   3,    2) (   3,    1) (   3,    2) (   3,    3) (   2,    6) (   3,    0) (   3,    4) (   3,    2) (   3,    1)
          (   3,    6) (   2,    3) (   3,    1) (   3,    1) (   3,    5) (   3,    1) (   3,    3) (   3,    2) (   3,    0) (   3,    1)
          (   3,    4) (   3,    2) (   3,    3) (   3,    1) (   3,    5) (   3,    1) (   3,    2) (   3,    2) (   3,    0) (   3,    2)
          (   3,    1) (   2,    2) (   3,    4) (   3,    4) (   2,    3) (   3,    5) (   3,    1) (   2,    2) (   2,    2) (   2,    2)
          (   3,    1) (   2,    0) (   3,    1) (   3,    2) (   3,    2) (   3,    2) (   3,    3) (   2,    2) (   3,    2) (   3,    6)
          (   3,    2) (   2,    5) (   3,    1) (   2,    3) (   3,    4) (   3,    3) (   2,    3) (   3,    4) (   2,    2) (   3,    1)
          (   2,    7) (   3,    3) (   3,    0) (   3,    2) (   1,    3) (   3,    0) (   3,    2) (   2,    4) (   3,    5) (   3,    5)
          (   3,    0) (   2,    2) (   3,    2) (   3,    2) (   2,    3) (   3,    5) (   3,    2) (   1,    4) (   2,    1) (   3,    4)
          (   3,    1) (   3,    4) (   3,    0) (   3,    4) (   3,    1) (   2,    0) (   3,    3) (   3,    2) (   2,    1) (   1,    6)
          (   3,    1) (   2,    3) (   3,    4) (   3,    7) (   3,    1) (   2,    2) (   3,    3) (   3,    1) (   3,    1) (   3,    3)
          (   3,    2) (   3,    3) (   2,    4) (   2,    2) (   3,    5) (   2,    3) (   3,    1) (   3,    2) (   3,    2) (   3,    4)
          (   2,    7) (   3,    4) (   3,    4) (   1,    5) (   3,    5) (   3,    5) (   2,    2) (   2,    1) (   3,    2) (   3,    5)
          (   3,    1) (   2,    2) (   2,    3) (   3,    2) (   3,    3) (   3,    2) (   2,    5) (   3,    3) (   3,    1) (   3,    2)
          (   3,    4) (   3,    4) (   3,    4) (   3,    3) (   2,    4) (   2,    2) (   3,    4) (   3,    5) (   3,    1) (   3,    3)
          (   2,    4) (   3,    3) (   2,    4) (   2,    1) (   2,    2) (   3,    4) (   3,    0) (   3,    2) (   3,    3) (   3,    2)
          (   3,    2) (   2,    1) (   3,    5) (   3,    6) (   3,    1) (   2,    4) (   1,    3) (   3,    5) (   2,    1) (   3,    4)
          (   3,    4) (   3,    2) (   3,    1) (   3,    1) (   2,    2) (   3,    1) (   3,    6) (   2,    2) (   2,    1) (   3,    3)
          (   3,    0) (   3,    1) (   2,    6) (   3,    1) (   3,    4) (   2,    3) (   3,    0) (   3,    2) (   2,    2) (   2,    2)
          (   2,    2) (   3,    2) (   3,    3) (   3,    4) (   3,    1) (   3,    2) (   3,    4) (   3,    4) (   2,    5) (   3,    5)
          (   2,    3) (   3,    2) (   2,    3) (   3,    3) (   3,    5) (   3,    2) (   3,    0) (   2,    2) (   3,    5) (   1,    0)
          (   3,    2) (   3,    0) (   3,    3) (   2,    4) (   3,    0) (   3,    4) (   2,    1) (   3,    0) (   2,    2) (   2,    5)
          (   2,    5) (   3,    4) (   3,    3) (   3,    1) (   2,    3) (   3,    3) (   2,    2) (   2,    3) (   3,    4) (   3,    4)
          (   3,    5) (   3,    6) (   3,    3) (   3,    2) (   3,    3) (   2,    4) (   3,    3) (   2,    3) (   3,    0) (   3,    3)
          (   3,    1) (   3,    5) (   3,    3) (   3,    2) (   3,    1) (   3,    3) (   2,    1) (   2,    2) (   3,    3) (   3,    4)
          (   3,    0) (   3,    6) (   3,    0) (   3,    0) (   3,    3) (   3,    2) (   3,    3) (   2,    3) (   3,    0) (   2,    1)
          (   2,    8) (   3,    4) (   3,    0) (   2,    1) (   3,    4) (   3,    5) (   3,    0) (   3,    1) (   3,    2) (   3,    1)
          (   3,    1) (   3,    1) (   3,    2) (   3,    2) (   2,    3) (   2,    2) (   2,    4) (   3,    2) (   3,    8) (   3,    2)
          (   3,    5) (   3,    4) (   3,    1) (   2,    2) (   3,    2) (   1,    5) (   2,    1) (   3,    3) (   2,    3) (   3,    2)
          (   2,    4) (   2,    1) (   1,    1) (   3,    3) (   3,    5) (   3,    4) (   3,    5) (   2,    2) (   3,    4) (   3,    2)
          (   3,    4) (   2,    5) (   3,    2) (   2,    2) (   3,    3) (   3,    0) (   3,    3) (   2,    5) (   3,    1) (   2,    3)
          (   3,    2) (   3,    3) (   3,    4) (   3,    4) (   3,    1) (   3,    3) (   3,    5) (   3,    6) (   2,    1) (   3,    3)
          (   3,    0) (   2,    4) (   2,    1) (   3,    1) (   3,    1) (   3,    4) (   3,    2) (   2,    1) (   2,    1) (   3,    3)
          (   2,    2) (   3,    2) (   3,    3) (   3,    2) (   2,    3) (   2,    2) (   3,    2) (   3,    4) (   2,    2) (   3,    2)
          (   2,    3) (   2,    3) (   3,    3) (   3,    5) (   3,    2) (   3,    4) (   3,    2) (   2,    3) (   2,    4) (   3,    4)
          (   2,    2) (   3,    4) (   2,    1) (   2,    4) (   3,    3) (   2,    2) (   3,    2) (   3,    1) (   3,    4) (   2,    1)
          (   3,    1) (   2,    5) (   3,    1) (   3,    2) (   3,    2) (   3,    1) (   3,    5) (   3,    1) (   3,    1) (   3,    3)
          (   1,    3) (   2,    3) (   2,    2) (   2,    1) (   3,    4) (   2,    3) (   3,    2) (   2,    1) (   3,    1) (   2,    5)
          (   3,    6) (   3,    3) (   3,    0) (   2,    3) (   3,    0) (   3,    6) (   3,    2) (   3,    2) (   3,    1) (   3,    3)
          (   2,    1) (   3,    5) (   3,    3) (   3,    4) (   2,    2) (   3,    7) (   3,    3) (   2,    2) (   2,    4) (   2,    3)
          (   3,    2) (   3,    4) (   3,    3) (   3,    2) (   3,    1) (   3,    4) (   3,    2) (   2,    2) (   2,    3) (   2,    4)
          (   3,    0) (   3,    1) (   3,    1) (   3,    1) (   2,    0) (   3,    6) (   1,    2) (   1,    4) (   3,    3) (   3,    5)
          (   3,    5) (   3,    3) (   3,    3) (   3,    4) (   2,    5) (   2,    3) (   3,    3) (   3,    4) (   3,    3) (   3,    4)
          (   3,    2) (   3,    5) (   3,    3) (   3,    0) (   3,    1) (   3,    4) (   2,    0) (   3,    4) (   3,    5) (   3,    1)
          (   3,    2) (   3,    2) (   2,    1) (   3,    4) (   3,    3) (   3,    2) (   3,    2) (   3,    2) (   3,    2) (   3,    4)
         
node   3 sent_total   1869  recv_total   1854

node   4  (   1,    0) (   0,    0) (   2,    1) (   2,    1) (   3,    5) (   3,    1) (   3,    3) (   3,    3) (   3,    1) (   2,    6)
          (   3,    2) (   3,    4) (   3,    3) (   3,    2) (   2,    5) (   3,    1) (   3,    1) (   3,    2) (   2,    2) (   1,    1)
          (   3,    4) (   3,    3) (   2,    2) (   3,    4) (   3,    1) (   2,    4) (   2,    3) (   2,    0) (   2,    1) (   3,    1)
          (   3,    2) (   1,    3) (   3,    2) (   3,    1) (   3,    6) (   2,    1) (   3,    5) (   3,    2) (   2,    1) (   2,    2)
          (   3,    2) (   3,    4) (   3,    2) (   3,    2) (   2,    3) (   2,    4) (   3,    6) (   1,    4) (   3,    2) (   2,    4)
          (   3,    1) (   3,    7) (   2,    3) (   3,    4) (   2,    5) (   2,    2) (   3,    2) (   3,    2) (   2,    0) (   3,    4)
          (   3,    3) (   3,    1) (   3,    1) (   3,    1) (   3,    4) (   3,    2) (   3,    6) (   3,    7) (   3,    2) (   3,    2)
          (   3,    3) (   2,    6) (   3,    3) (   3,    3) (   2,    5) (   3,    2) (   3,    1) (   3,    1) (   3,    4) (   3,    2)
          (   3,    3) (   3,    1) (   3,    2) (   2,    2) (   2,    1) (   3,    4) (   3,    1) (   3,    4) (   3,    3) (   3,    3)
          (   3,    2) (   3,    3) (   3,    3) (   3,    1) (   3,    3) (   3,    1) (   3,    2) (   3,    3) (   2,    2) (   3,    2)
          (   3,    2) (   2,    2) (   3,    2) (   3,    2) (   2,    4) (   3,    4) (   3,    1) (   2,    3) (   3,    5) (   3,    1)
          (   3,    1) (   2,    2) (   2,    2) (   3,    3) (   2,    1) (   3,    6) (   3,    4) (   3,    3) (   3,    2) (   3,    3)
          (   3,    1) (   2,    2) (   2,    2) (   3,    2) (   3,    2) (   3,    3) (   3,    3) (   3,    3) (   3,    2) (   2,    2)
          (   2,    1) (   2,    3) (   3,    3) (   3,    4) (   2,    2) (   2,    4) (   3,    4) (   2,    4) (   3,    1) (   3,    4)
          (   3,    3) (   3,    1) (   3,    3) (   2,    5) (   2,    3) (   3,    4) (   3,    5) (   3,    3) (   3,    2) (   3,    2)
          (   3,    1) (   2,    2) (   3,    5) (   3,    7) (   3,    3) (   2,    3) (   3,    3) (   2,    2) (   3,    3) (   3,    3)
          (   3,    4) (   3,    4) (   2,    4) (   3,    3) (   1,    3) (   3,    3) (   2,    2) (   3,    2) (   3,    2) (   2,    4)
          (   2,    4) (   3,    6) (   3,    1) (   3,    3) (   3,    1) (   2,    3) (   3,    1) (   2,    4) (   3,    2) (   3,    1)
          (   3,    0) (   2,    2) (   3,    1) (   3,    4) (   1,    3) (   3,    4) (   2,    1) (   3,    2) (   1,    5) (   3,    2)
          (   3,    0) (   3,    3) (   3,    5) (   3,    5) (   2,    2) (   3,    8) (   2,    2) (   2,    4) (   3,    3) (   3,    3)
          (   3,    3) (   3,    1) (   3,    3) (   3,    3) (   2,    3) (   3,    1) (   3,    4) (   2,    5) (   2,    3) (   2,    2)
          (   3,    4) (   2,    1) (   3,    2) (   3,    3) (   3,    3) (   2,    3) (   3,    1) (   2,    1) (   2,    3) (   2,    3)
          (   1,    1) (   3,    1) (   3,    0) (   2,    2) (   3,    1) (   3,    3) (   3,    3) (   3,    2) (   3,    3) (   3,    6)
          (   3,    1) (   3,    2) (   2,    1) (   2,    5) (   3,    6) (   3,    4) (   3,    2) (   3,    1) (   3,    1) (   3,    3)
          (   3,    2) (   3,    2) (   3,    1) (   3,    2) (   3,    2) (   3,    5) (   2,    1) (   3,    3) (   3,    2) (   3,    1)
          (   3,    3) (   3,    4) (   3,    4) (   2,    0) (   3,    6) (   2,    2) (   3,    2) (   3,    4) (   3,    2) (   3,    0)
          (   2,    1) (   3,    1) (   2,    5) (   2,    2) (   3,    3) (   2,    4) (   3,    2) (   3,    2) (   2,    5) (   3,    5)
          (   3,    2) (   3,    1) (   3,    3) (   2,    1) (   2,    1) (   2,    2) (   3,    5) (   3,    1) (   3,    3) (   3,    1)
          (   3,    3) (   2,    3) (   3,    1) (   3,    1) (   1,    8) (   3,    6) (   3,    3) (   3,    1) (   3,    1) (   2,    1)
          (   2,    3) (   2,    0) (   3,    3) (   3,    3) (   1,    1) (   2,    0) (   2,    3) (   2,    4) (   2,    3) (   3,    4)
          (   3,    3) (   3,    3) (   3,    3) (   2,    4) (   2,    3) (   3,    3) (   2,    3) (   3,    5) (   3,    3) (   3,    0)
          (   3,    0) (   2,    2) (   2,    7) (   2,    4) (   3,    5) (   3,    2) (   3,    4) (   3,    0) (   2,    3) (   3,    4)
          (   3,    3) (   2,    1) (   2,    2) (   3,    4) (   1,    3) (   3,    2) (   3,    5) (   3,    2) (   3,    2) (   3,    2)
          (   3,    1) (   3,    5) (   3,    1) (   2,    4) (   2,    2) (   3,    1) (   1,    2) (   3,    4) (   3,    0) (   3,    0)
          (   3,    4) (   3,    1) (   3,    2) (   3,    4) (   3,    5) (   3,    2) (   3,    3) (   2,    3) (   3,    2) (   3,    2)
          (   3,    3) (   3,    2) (   3,    2) (   3,    0) (   3,    4) (   3,    1) (   3,    0) (   2,    5) (   3,    5) (   3,    6)
          (   3,    4) (   3,    4) (   3,    1) (   3,    4) (   2,    3) (   1,    1) (   3,    3) (   2,    3) (   2,    1) (   3,    3)
          (   3,    2) (   3,    1) (   3,    4) (   2,    2) (   3,    0) (   2,    1) (   3,    3) (   3,    3) (   2,    4) (   3,    2)
          (   3,    3) (   3,    3) (   2,    4) (   3,    5) (   2,    4) (   3,    3) (   3,    2) (   2,    4) (   3,    2) (   3,    5)
          (   3,    2) (   3,    5) (   3,    7) (   2,    4) (   3,    5) (   3,    0) (   2,    4) (   3,    3) (   3,    4) (   3,    4)
          (   3,    3) (   3,    3) (   3,    3) (   3,    4) (   2,    3) (   2,    2) (   2,    1) (   3,    2) (   3,    2) (   3,    4)
          (   2,    2) (   3,    1) (   2,    3) (   2,    6) (   2,    3) (   3,    3) (   3,    1) (   2,    4) (   3,    2) (   2,    4)
          (   3,    2) (   3,    0) (   2,    2) (   3,    1) (   3,    4) (   3,    3) (   2,    2) (   2,    2) (   2,    3) (   2,    3)
          (   3,    3) (   3,    4) (   3,    3) (   3,    0) (   3,    1) (   2,    2) (   3,    0) (   2,    2) (   3,    4) (   3,    1)
          (   3,    5) (   3,    0) (   2,    0) (   2,    0) (   3,    2) (   3,    5) (   3,    1) (   3,    6) (   3,    7) (   2,    3)
          (   3,    1) (   2,    4) (   3,    2) (   3,    1) (   3,    3) (   3,    3) (   2,    5) (   3,    3) (   3,    0) (   3,    3)
          (   3,    5) (   2,    0) (   3,    2) (   2,    5) (   3,    2) (   2,    2) (   3,    2) (   3,    3) (   3,    3) (   3,    1)
          (   3,    1) (   3,    2) (   3,    2) (   2,    3) (   3,    2) (   3,    4) (   3,    7) (   3,    0) (   2,    4) (   3,    4)
          (   3,    4) (   3,    0) (   2,    3) (   3,    3) (   3,    1) (   3,    2) (   3,    2) (   3,    1) (   3,    5) (   1,    3)
          (   2,    1) (   2,    2) (   3,    2) (   3,    5) (   3,    0) (   3,    4) (   2,    4) (   3,    2) (   2,    2) (   3,    2)
          (   3,    2) (   3,    1) (   2,    0) (   3,    2) (   3,    2) (   3,    2) (   2,    1) (   2,    2) (   2,    3) (   2,    2)
          (   2,    3) (   2,    4) (   3,    6) (   3,    2) (   3,    1) (   2,    1) (   3,    4) (   3,    1) (   3,    2) (   3,    4)
          (   3,    1) (   3,    3) (   2,    5) (   2,    1) (   3,    3) (   3,    3) (   3,    1) (   3,    5) (   3,    1) (   2,    2)
          (   3,    2) (   3,    0) (   3,    5) (   3,    5) (   3,    7) (   3,    5) (   3,    1) (   3,    1) (   3,    2) (   3,    3)
          (   3,    5) (   3,    2) (   2,    2) (   2,    4) (   3,    1) (   3,    3) (   2,    5) (   3,    2) (   2,    2) (   3,    2)
          (   2,    0) (   2,    0) (   3,    4) (   3,    4) (   3,    4) (   1,    3) (   2,    1) (   2,    2) (   3,    2) (   2,    1)
          (   3,    2) (   3,    3) (   3,    2) (   2,    4) (   3,    2) (   3,    2) (   3,    4) (   2,    5) (   3,    3) (   3,    3)
          (   2,    5) (   2,    4) (   2,    6) (   3,    2) (   3,    1) (   3,    2) (   3,    2) (   3,    2) (   2,    2) (   3,    1)
          (   2,    3) (   3,    3) (   1,    2) (   3,    1) (   3,    2) (   3,    3) (   3,    3) (   3,    1) (   2,    3) (   3,    0)
          (   2,    5) (   2,    1) (   2,    5) (   3,    3) (   3,    3) (   2,    4) (   2,    2) (   3,    2) (   3,    2) (   2,    1)
          (   3,    1) (   3,    3) (   3,    3) (   3,    2) (   3,    3) (   3,    3) (   2,    4) (   2,    1) (   2,    5) (   3,    2)
          (   2,    7) (   2,    1) (   3,    3) (   3,    4) (   3,    2) (   2,    3) (   3,    3) (   3,    7) (   3,    1) (   3,    1)
          (   3,    3) (   2,    3) (   2,    3) (   2,    0) (   2,    2) (   3,    3) (   3,    1) (   2,    2) (   2,    2) (   3,    0)
          (   2,    5) (   2,    3) (   3,    5) (   3,    4) (   2,    3) (   3,    1) (   2,    2) (   3,    2) (   2,    3) (   2,    3)
          (   2,    1) (   3,    1) (   3,    7) (   3,    2) (   2,    2) (   3,    3) (   2,    4) (   3,    3) (   3,    5) (   3,    2)
          (   2,    2) (   3,    1) (   3,    3) (   2,    1) (   3,    5) (   2,    3) (   2,    5) (   3,    1) (   2,    3) (   3,    1)
          (   3,    1) (   3,    6) (   2,    4) (   2,    3) (   3,    5) (   3,    1) (   2,    3) (   3,    2) (   3,    2) (   3,    1)
          (   3,    2) (   3,    2) (   2,    2) (   3,    3) (   3,    1) (   2,    1) (   3,    1) (   2,    3) (   3,    2) (   3,    3)
          (   2,    1) (   3,    2) (   3,    4) (   2,    3) (   3,    0) (   3,    3) (   2,    2) (   3,    1) (   3,    3) (   3,    4)
          (   3,    4) (   3,    3) (   3,    0) (   3,    1) (   2,    2) (   3,    0) (   3,    3) (   3,    4) (   3,    2) (   3,    6)
         
node   4 sent_total   1854  recv_total   1849

node   5  (   0,    0) (   1,    0) (   0,    0) (   1,    1) (   2,    1) (   3,    2) (   3,    7) (   3,    5) (   3,    4) (   3,    2)
          (   2,    1) (   2,    2) (   3,    2) (   3,    2) (   3,    3) (   1,    1) (   3,    1) (   3,    3) (   2,    4) (   3,    3)
          (   3,    5) (   3,    3) (   1,    1) (   3,    3) (   3,    3) (   2,    4) (   3,    1) (   2,    0) (   3,    2) (   3,    1)
          (   3,    1) (   2,    2) (   3,    3) (   3,    5) (   3,    1) (   2,    2) (   3,    2) (   2,    5) (   3,    1) (   2,    3)
          (   3,    2) (   3,    0) (   3,    0) (   3,    1) (   3,    2) (   3,    4) (   2,    6) (   3,    0) (   3,    1) (   3,    3)
          (   2,    2) (   3,    1) (   3,    2) (   3,    3) (   3,    0) (   2,    5) (   3,    2) (   2,    3) (   3,    2) (   2,    2)
          (   3,    2) (   3,    0) (   2,    4) (   3,    1) (   3,    2) (   3,    4) (   2,    1) (   1,    3) (   3,    5) (   3,    3)
          (   3,    2) (   3,    2) (   1,    4) (   3,    5) (   3,    1) (   3,    3) (   2,    2) (   2,    4) (   3,    4) (   3,    5)
          (   3,    1) (   2,    3) (   3,    5) (   3,    2) (   2,    3) (   1,    0) (   3,    3) (   3,    2) (   2,    4) (   3,    2)
          (   3,    4) (   3,    5) (   3,    7) (   3,    3) (   2,    2) (   3,    4) (   3,    1) (   3,    1) (   3,    4) (   2,    5)
          (   2,    2) (   3,    1) (   2,    1) (   3,    0) (   2,    1) (   1,    1) (   3,    3) (   3,    4) (   3,    0) (   3,    0)
          (   3,    2) (   2,    3) (   3,    0) (   1,    2) (   3,    1) (   3,    2) (   3,    3) (   3,    1) (   3,    3) (   3,    1)
          (   3,    2) (   2,    5) (   3,    2) (   2,    0) (   3,    3) (   3,    3) (   3,    1) (   2,    4) (   3,    2) (   1,    3)
          (   2,    5) (   3,    2) (   2,    2) (   3,    1) (   2,    3) (   2,    1) (   3,    4) (   3,    1) (   3,    5) (   3,    4)
          (   3,    2) (   3,    3) (   3,    5) (   3,    3) (   3,    1) (   3,    2) (   3,    3) (   3,    6) (   2,    6) (   3,    5)
          (   3,    3) (   3,    2) (   3,    1) (   3,    1) (   3,    5) (   3,    3) (   3,    2) (   3,    4) (   2,    4) (   3,    2)
          (   3,    0) (   3,    2) (   3,    6) (   3,    1) (   2,    0) (   3,    3) (   3,    3) (   1,    2) (   3,    2) (   3,    3)
          (   2,    6) (   3,    1) (   2,    4) (   3,    1) (   3,    0) (   2,    9) (   2,    1) (   3,    2) (   2,    3) (   2,    3)
          (   3,    5) (   2,    3) (   3,    3) (   3,    4) (   3,    5) (   3,    2) (   2,    4) (   2,    5) (   3,    4) (   2,    2)
          (   3,    3) (   3,    5) (   3,    3) (   3,    0) (   3,    1) (   2,    0) (   3,    1) (   2,    3) (   3,    5) (   2,    3)
          (   3,    5) (   3,    0) (   3,    2) (   3,    0) (   3,    1) (   2,    2) (   2,    3) (   2,    3) (   2,    2) (   3,    2)
          (   3,    2) (   3,    1) (   3,    2) (   2,    1) (   3,    1) (   2,    0) (   2,    5) (   3,    5) (   2,    1) (   2,    4)
          (   3,    2) (   3,    3) (   2,    5) (   3,    3) (   3,    5) (   3,    1) (   2,    4) (   3,    2) (   3,    1) (   2,    2)
          (   3,    3) (   2,    3) (   3,    4) (   3,    3) (   3,    1) (   3,    5) (   3,    0) (   3,    2) (   3,    2) (   3,    3)
          (   3,    3) (   3,    1) (   3,    2) (   2,    1) (   2,    4) (   2,    2) (   3,    2) (   3,    1) (   3,    3) (   2,    3)
          (   3,    3) (   3,    6) (   3,    5) (   3,    3) (   3,    1) (   3,    3) (   3,    1) (   2,    2) (   2,    4) (   3,    2)
          (   2,    6) (   3,    3) (   3,    3) (   2,    4) (   3,    4) (   3,    1) (   3,    4) (   1,    2) (   1,    2) (   2,    2)
          (   3,    2) (   3,    3) (   2,    3) (   3,    2) (   3,    2) (   3,    3) (   3,    3) (   1,    2) (   3,    2) (   2,    3)
          (   3,    4) (   2,    2) (   3,    1) (   3,    5) (   3,    1) (   3,    6) (   2,    2) (   3,    6) (   2,    3) (   3,    4)
          (   3,    1) (   3,    1) (   3,    5) (   3,    0) (   1,    2) (   3,    2) (   3,    2) (   2,    4) (   3,    2) (   3,    2)
          (   3,    3) (   3,    2) (   2,    2) (   2,    1) (   3,    4) (   3,    0) (   2,    4) (   2,    3) (   2,    3) (   3,    7)
          (   2,    0) (   3,    3) (   3,    1) (   3,    2) (   3,    3) (   3,    2) (   3,    1) (   3,    4) (   1,    2) (   3,    3)
          (   3,    2) (   3,    2) (   3,    4) (   3,    3) (   3,    2) (   3,    5) (   3,    3) (   3,    2) (   3,    4) (   3,    0)
          (   3,    7) (   3,    1) (   3,    3) (   3,    4) (   2,    0) (   3,    2) (   3,    5) (   3,    1) (   3,    1) (   3,    2)
          (   3,    0) (   2,    1) (   2,    4) (   2,    2) (   3,    1) (   3,    6) (   3,    2) (   2,    8) (   3,    3) (   1,    2)
          (   2,    0) (   3,    4) (   2,    4) (   3,    1) (   3,    4) (   3,    4) (   1,    2) (   3,    0) (   3,    3) (   3,    3)
          (   3,    3) (   3,    1) (   3,    6) (   3,    4) (   2,    1) (   3,    3) (   3,    0) (   3,    3) (   3,    7) (   2,    1)
          (   3,    1) (   3,    3) (   3,    3) (   2,    0) (   3,    2) (   3,    4) (   2,    4) (   3,    2) (   3,    2) (   3,    2)
          (   3,    1) (   3,    1) (   2,    4) (   3,    3) (   3,    3) (   3,    4) (   3,    1) (   3,    2) (   3,    4) (   3,    4)
          (   3,    2) (   3,    3) (   2,    1) (   3,    0) (   3,    5) (   3,    3) (   3,    0) (   3,    4) (   2,    4) (   2,    3)
          (   3,    1) (   3,    5) (   3,    1) (   3,    3) (   3,    3) (   3,    2) (   3,    3) (   1,    2) (   2,    3) (   2,    2)
          (   2,    1) (   3,    6) (   3,    2) (   3,    2) (   3,    2) (   2,    1) (   2,    4) (   3,    3) (   1,    6) (   2,    0)
          (   3,    4) (   3,    4) (   2,    6) (   2,    3) (   3,    2) (   3,    2) (   3,    2) (   2,    4) (   3,    7) (   3,    0)
          (   1,    2) (   3,    2) (   3,    3) (   3,    2) (   2,    7) (   3,    3) (   2,    3) (   3,    2) (   2,    2) (   3,    2)
          (   3,    2) (   3,    5) (   2,    6) (   3,    1) (   3,    2) (   3,    4) (   2,    4) (   3,    4) (   3,    2) (   3,    2)
          (   3,    2) (   3,    3) (   2,    2) (   3,    3) (   3,    0) (   2,    3) (   3,    6) (   2,    4) (   1,    1) (   3,    0)
          (   3,    4) (   3,    6) (   3,    1) (   2,    0) (   3,    6) (   3,    0) (   2,    4) (   3,    1) (   2,    2) (   3,    2)
          (   3,    3) (   3,    3) (   3,    1) (   3,    2) (   3,    3) (   2,    4) (   3,    5) (   3,    4) (   3,    1) (   3,    5)
          (   3,    4) (   3,    2) (   2,    2) (   2,    0) (   3,    2) (   2,    3) (   1,    0) (   2,    0) (   2,    2) (   3,    3)
          (   3,    2) (   3,    4) (   2,    4) (   3,    1) (   3,    4) (   3,    3) (   2,    2) (   3,    0) (   3,    0) (   3,    2)
          (   3,    4) (   3,    4) (   3,    2) (   3,    7) (   3,    2) (   2,    3) (   3,    4) (   2,    2) (   2,    3) (   3,    3)
          (   3,    1) (   3,    2) (   3,    5) (   3,    2) (   3,    1) (   3,    5) (   2,    2) (   1,    4) (   3,    2) (   3,    5)
          (   3,    6) (   3,    4) (   3,    3) (   1,    2) (   3,    3) (   3,    3) (   3,    3) (   3,    3) (   2,    3) (   3,    4)
          (   3,    2) (   3,    3) (   3,    4) (   3,    3) (   3,    1) (   3,    0) (   3,    2) (   1,    3) (   2,    0) (   3,    2)
          (   2,    3) (   1,    5) (   3,    5) (   2,    2) (   3,    1) (   2,    1) (   3,    3) (   3,    5) (   2,    2) (   3,    3)
          (   3,    3) (   3,    2) (   1,    0) (   3,    1) (   3,    2) (   3,    5) (   3,    3) (   3,    1) (   3,    4) (   3,    4)
          (   3,    2) (   3,    3) (   3,    2) (   3,    2) (   1,    6) (   3,    3) (   3,    2) (   3,    6) (   2,    5) (   3,    2)
          (   2,    3) (   3,    1) (   3,    3) (   3,    1) (   3,    5) (   3,    3) (   2,    1) (   1,    5) (   1,    3) (   3,    3)
          (   3,    4) (   2,    4) (   3,    1) (   2,    5) (   3,    3) (   1,    2) (   2,    3) (   3,    2) (   3,    3) (   2,    3)
          (   3,    1) (   3,    2) (   3,    6) (   3,    0) (   3,    2) (   2,    3) (   3,    4) (   3,    1) (   3,    3) (   3,    3)
          (   3,    3) (   3,    0) (   3,    0) (   2,    3) (   3,    2) (   3,    1) (   3,    2) (   3,    2) (   2,    3) (   3,    3)
          (   3,    2) (   3,    4) (   3,    1) (   3,    2) (   3,    1) (   3,    1) (   3,    2) (   3,    3) (   3,    2) (   3,    5)
          (   3,    1) (   3,    5) (   3,    0) (   3,    2) (   1,    4) (   2,    2) (   2,    2) (   3,    3) (   3,    1) (   3,    0)
          (   3,    4) (   3,    2) (   3,    4) (   2,    2) (   3,    1) (   3,    2) (   3,    2) (   3,    0) (   3,    3) (   3,    4)
          (   3,    2) (   3,    2) (   3,    3) (   3,    4) (   3,    4) (   3,    2) (   3,    1) (   1,    2) (   3,    3) (   2,    3)
          (   3,    2) (   3,    4) (   3,    2) (   2,    3) (   3,    2) (   3,    1) (   2,    3) (   3,    2) (   2,    1) (   3,    6)
          (   3,    4) (   3,    3) (   3,    3) (   2,    1) (   3,    2) (   3,    3) (   3,    3) (   3,    1) (   3,    1) (   3,    4)
          (   3,    2) (   3,    4) (   3,    4) (   3,    3) (   3,    6) (   1,    2) (   3,    3) (   3,    1) (   1,    2) (   3,    5)
          (   3,    3) (   2,    3) (   3,    2) (   3,    8) (   3,    4) (   3,    4) (   3,    2) (   2,    3) (   2,    1) (   3,    4)
          (   3,    3) (   2,    4) (   3,    0) (   2,    4) (   2,    2) (   3,    0) (   3,    2) (   2,    5) (   3,    4) (   3,    2)
         
node   5 sent_total   1859  recv_total   1841

node   6  (   0,    0) (   1,    0) (   0,    0) (   2,    2) (   3,    1) (   3,    2) (   3,    4) (   3,    1) (   3,    1) (   2,    3)
          (   3,    3) (   3,    4) (   2,    3) (   3,    3) (   3,    3) (   3,    5) (   2,    0) (   3,    0) (   3,    1) (   3,    5)
          (   2,    2) (   3,    2) (   3,    3) (   2,    2) (   2,    4) (   3,    3) (   2,    0) (   3,    1) (   3,    1) (   2,    4)
          (   2,    0) (   3,    1) (   1,    4) (   3,    3) (   3,    6) (   3,    4) (   3,    5) (   3,    5) (   3,    2) (   3,    3)
          (   3,    3) (   3,    3) (   2,    2) (   3,    1) (   2,    5) (   2,    2) (   3,    2) (   3,    7) (   2,    1) (   3,    2)
          (   3,    0) (   2,    1) (   3,    4) (   3,    3) (   3,    2) (   2,    6) (   2,    2) (   2,    6) (   3,    3) (   3,    2)
          (   3,    5) (   3,    2) (   2,    4) (   3,    3) (   3,    1) (   3,    5) (   2,    1) (   3,    1) (   2,    4) (   3,    5)
          (   3,    2) (   2,    6) (   3,    2) (   2,    2) (   3,    1) (   3,    5) (   2,    3) (   3,    3) (   3,    3) (   3,    2)
          (   3,    3) (   2,    6) (   2,    2) (   2,    2) (   2,    3) (   3,    1) (   3,    2) (   2,    5) (   3,    3) (   3,    4)
          (   3,    4) (   3,    3) (   3,    3) (   3,    4) (   3,    3) (   2,    2) (   3,    6) (   3,    2) (   3,    3) (   2,    2)
          (   3,    7) (   2,    4) (   3,    2) (   3,    2) (   3,    2) (   1,    1) (   3,    0) (   2,    4) (   2,    3) (   1,    4)
          (   3,    4) (   2,    4) (   3,    3) (   3,    0) (   1,    2) (   3,    2) (   3,    2) (   2,    3) (   3,    2) (   3,    3)
          (   3,    3) (   3,    2) (   3,    4) (   3,    1) (   2,    5) (   2,    1) (   3,    3) (   3,    2) (   3,    4) (   3,    4)
          (   2,    5) (   2,    1) (   3,    2) (   3,    1) (   2,    4) (   3,    1) (   3,    1) (   3,    1) (   3,    2) (   3,    3)
          (   3,    4) (   3,    2) (   3,    1) (   3,    3) (   2,    0) (   3,    6) (   3,    1) (   3,    3) (   3,    2) (   3,    1)
          (   3,    3) (   3,    5) (   3,    5) (   3,    4) (   2,    4) (   1,    3) (   2,    1) (   3,    2) (   2,    3) (   2,    1)
          (   3,    4) (   3,    0) (   3,    4) (   3,    1) (   3,    3) (   2,    2) (   2,    2) (   3,    1) (   2,    5) (   3,    1)
          (   3,    3) (   2,    3) (   3,    3) (   3,    3) (   3,    5) (   2,    5) (   2,    3) (   2,    1) (   2,    5) (   3,    3)
          (   3,    8) (   2,    3) (   3,    4) (   3,    1) (   3,    0) (   3,    3) (   3,    2) (   3,    3) (   3,    2) (   3,    6)
          (   2,    2) (   3,    4) (   2,    2) (   2,    1) (   3,    3) (   3,    2) (   3,    2) (   2,    0) (   3,    2) (   3,    2)
          (   3,    2) (   3,    3) (   3,    3) (   3,    1) (   2,    3) (   3,    2) (   3,    3) (   2,    5) (   3,    1) (   2,    6)
          (   3,    3) (   3,    3) (   3,    2) (   1,    2) (   2,    5) (   3,    3) (   3,    2) (   3,    5) (   2,    2) (   3,    1)
          (   3,    5) (   3,    3) (   3,    1) (   2,    1) (   3,    0) (   2,    3) (   3,    0) (   3,    5) (   3,    5) (   3,    3)
          (   3,    4) (   1,    3) (   3,    4) (   3,    2) (   3,    3) (   3,    3) (   3,    5) (   3,    1) (   3,    7) (   3,    2)
          (   3,    4) (   3,    2) (   3,    1) (   3,    4) (   2,    3) (   3,    2) (   3,    3) (   3,    5) (   3,    2) (   3,    4)
          (   3,    6) (   3,    1) (   3,    4) (   2,    1) (   2,    4) (   3,    1) (   3,    3) (   3,    0) (   3,    3) (   3,    6)
          (   2,    4) (   3,    2) (   3,    2) (   2,    4) (   2,    5) (   3,    1) (   3,    2) (   3,    2) (   2,    3) (   3,    5)
          (   3,    1) (   3,    3) (   3,    4) (   2,    2) (   1,    3) (   3,    3) (   3,    2) (   3,    6) (   2,    3) (   3,    3)
          (   3,    0) (   3,    2) (   3,    6) (   3,    3) (   1,    3) (   3,    1) (   2,    3) (   2,    0) (   3,    4) (   1,    2)
          (   3,    4) (   3,    1) (   2,    3) (   1,    5) (   3,    2) (   1,    1) (   2,    4) (   3,    2) (   3,    1) (   3,    1)
          (   1,    0) (   3,    2) (   3,    2) (   2,    3) (   3,    2) (   2,    1) (   3,    4) (   2,    3) (   3,    5) (   3,    1)
          (   3,    4) (   3,    2) (   3,    2) (   3,    3) (   2,    2) (   3,    2) (   3,    3) (   3,    4) (   3,    3) (   3,    2)
          (   3,    2) (   2,    2) (   3,    2) (   2,    2) (   2,    4) (   1,    5) (   3,    2) (   3,    2) (   3,    4) (   2,    5)
          (   3,    3) (   3,    4) (   3,    4) (   3,    1) (   3,    6) (   2,    1) (   2,    2) (   3,    3) (   3,    1) (   2,    1)
          (   2,    5) (   3,    2) (   3,    2) (   2,    3) (   3,    4) (   3,    3) (   3,    3) (   3,    4) (   2,    7) (   3,    2)
          (   2,    3) (   3,    2) (   3,    3) (   3,    3) (   3,    2) (   2,    3) (   2,    4) (   3,    2) (   2,    6) (   3,    2)
          (   3,    1) (   3,    3) (   3,    3) (   3,    1) (   1,    0) (   2,    4) (   3,    4) (   2,    1) (   3,    0) (   3,    3)
          (   3,    4) (   1,    1) (   3,    3) (   3,    2) (   3,    1) (   3,    3) (   2,    2) (   3,    2) (   2,    3) (   3,    3)
          (   3,    1) (   3,    2) (   3,    5) (   2,    3) (   2,    5) (   2,    2) (   2,    4) (   2,    5) (   3,    4) (   3,    2)
          (   2,    4) (   3,    0) (   3,    2) (   3,    3) (   3,    1) (   3,    0) (   3,    4) (   3,    0) (   3,    3) (   2,    4)
          (   3,    2) (   3,    4) (   3,    5) (   2,    3) (   2,    3) (   3,    1) (   3,    3) (   3,    5) (   3,    3) (   3,    5)
          (   3,    3) (   3,    2) (   3,    4) (   2,    0) (   3,    1) (   2,    2) (   3,    0) (   3,    1) (   3,    4) (   3,    1)
          (   2,    2) (   3,    4) (   3,    5) (   3,    3) (   3,    2) (   2,    5) (   3,    2) (   2,    3) (   1,    2) (   3,    4)
          (   2,    3) (   3,    4) (   3,    2) (   1,    4) (   2,    2) (   2,    0) (   3,    3) (   3,    2) (   3,    2) (   3,    2)
          (   2,    1) (   3,    3) (   3,    2) (   3,    3) (   2,    5) (   2,    3) (   3,    4) (   2,    3) (   3,    3) (   3,    2)
          (   3,    7) (   3,    3) (   3,    2) (   3,    3) (   2,    3) (   2,    5) (   3,    0) (   3,    2) (   3,    3) (   2,    4)
          (   3,    1) (   3,    2) (   3,    0) (   3,    2) (   2,    0) (   3,    3) (   3,    5) (   3,    5) (   3,    2) (   3,    2)
          (   3,    1) (   2,    1) (   3,    3) (   3,    5) (   3,    3) (   3,    0) (   3,    1) (   3,    4) (   3,    2) (   3,    3)
          (   2,    4) (   3,    4) (   2,    3) (   2,    4) (   3,    3) (   2,    3) (   2,    4) (   3,    1) (   2,    2) (   2,    1)
          (   3,    4) (   3,    1) (   3,    1) (   3,    3) (   3,    3) (   2,    3) (   3,    4) (   3,    3) (   2,    1) (   2,    1)
          (   2,    2) (   2,    1) (   3,    7) (   3,    3) (   2,    4) (   3,    3) (   3,    2) (   3,    5) (   3,    3) (   3,    2)
          (   3,    1) (   3,    1) (   3,    0) (   3,    3) (   3,    1) (   3,    0) (   3,    3) (   3,    3) (   3,    3) (   3,    2)
          (   3,    4) (   3,    2) (   3,    2) (   3,    2) (   2,    3) (   3,    2) (   3,    4) (   3,    5) (   2,    3) (   3,    3)
          (   3,    3) (   3,    4) (   3,    5) (   3,    3) (   3,    1) (   3,    4) (   2,    2) (   2,    4) (   3,    3) (   3,    4)
          (   3,    2) (   3,    3) (   3,    2) (   3,    3) (   3,    3) (   3,    2) (   3,    3) (   3,    0) (   3,    2) (   2,    2)
          (   3,    4) (   3,    3) (   3,    2) (   3,    5) (   3,    1) (   3,    3) (   3,    1) (   3,    1) (   3,    5) (   2,    2)
          (   3,    0) (   3,    1) (   2,    3) (   3,    5) (   3,    3) (   3,    1) (   3,    5) (   2,    1) (   3,    3) (   3,    3)
          (   2,    3) (   3,    2) (   3,    2) (   3,    3) (   3,    5) (   2,    3) (   3,    3) (   3,    6) (   3,    2) (   3,    4)
          (   3,    4) (   2,    0) (   2,    3) (   3,    3) (   3,    2) (   3,    4) (   3,    1) (   2,    3) (   3,    2) (   3,    6)
          (   2,    5) (   3,    2) (   3,    4) (   3,    4) (   2,    3) (   3,    6) (   3,    2) (   2,    1) (   3,    5) (   3,    2)
          (   3,    3) (   3,    6) (   2,    1) (   3,    4) (   3,    2) (   3,    4) (   3,    6) (   3,    3) (   2,    1) (   3,    3)
          (   3,    1) (   2,    1) (   3,    5) (   2,    1) (   3,    0) (   2,    2) (   3,    3) (   3,    0) (   2,    2) (   2,    2)
          (   3,    5) (   3,    3) (   3,    2) (   3,    3) (   3,    2) (   3,    6) (   3,    3) (   3,    0) (   2,    4) (   3,    2)
          (   1,    0) (   3,    1) (   3,    1) (   3,    4) (   3,    2) (   3,    4) (   3,    1) (   3,    4) (   3,    2) (   2,    4)
          (   3,    2) (   3,    0) (   3,    0) (   1,    5) (   3,    0) (   2,    1) (   3,    5) (   3,    4) (   3,    1) (   3,    4)
          (   3,    3) (   3,    1) (   3,    2) (   3,    3) (   3,    4) (   2,    1) (   3,    3) (   2,    3) (   3,    1) (   2,    4)
          (   3,    3) (   2,    1) (   2,    3) (   3,    1) (   3,    0) (   3,    0) (   3,    5) (   3,    2) (   3,    0) (   3,    2)
          (   3,    4) (   3,    1) (   2,    4) (   2,    2) (   3,    3) (   3,    4) (   3,    1) (   3,    2) (   3,    2) (   3,    0)
          (   2,    2) (   3,    3) (   3,    1) (   3,    2) (   3,    3) (   2,    3) (   1,    0) (   2,    0) (   3,    2) (   3,    4)
          (   2,    0) (   3,    4) (   3,    6) (   2,    0) (   3,    2) (   3,    0) (   2,    3) (   2,    1) (   2,    0) (   3,    2)
         
node   6 sent_total   1869  recv_total   1872

node   7  (   0,    0) (   1,    0) (   0,    0) (   2,    1) (   2,    0) (   3,    3) (   3,    4) (   3,    4) (   1,    4) (   1,    2)
          (   2,    3) (   3,    0) (   3,    3) (   3,    3) (   2,    2) (   3,    2) (   2,    3) (   3,    3) (   3,    2) (   3,    1)
          (   3,    2) (   3,    3) (   3,    5) (   3,    1) (   3,    3) (   3,    3) (   2,    6) (   2,    2) (   2,    3) (   3,    4)
          (   3,    1) (   2,    3) (   3,    3) (   3,    3) (   3,    4) (   2,    3) (   3,    1) (   1,    3) (   3,    4) (   3,    2)
          (   3,    3) (   3,    2) (   0,    3) (   3,    5) (   3,    1) (   3,    0) (   3,    4) (   2,    5) (   3,    3) (   2,    3)
          (   3,    4) (   3,    2) (   3,    3) (   1,    2) (   3,    3) (   3,    2) (   3,    1) (   3,    4) (   3,    2) (   2,    1)
          (   3,    3) (   2,    1) (   3,    4) (   2,    5) (   3,    2) (   3,    4) (   3,    3) (   3,    2) (   2,    3) (   2,    4)
          (   3,    5) (   0,    2) (   3,    0) (   2,    6) (   3,    3) (   2,    4) (   2,    3) (   3,    2) (   3,    4) (   2,    7)
          (   3,    1) (   3,    5) (   3,    2) (   3,    1) (   3,    6) (   3,    2) (   2,    1) (   3,    0) (   3,    2) (   3,    1)
          (   3,    2) (   3,    2) (   3,    1) (   2,    4) (   1,    3) (   2,    2) (   3,    3) (   3,    4) (   3,    2) (   3,    2)
          (   3,    2) (   2,    3) (   2,    2) (   2,    2) (   2,    2) (   2,    3) (   3,    1) (   3,    2) (   3,    3) (   3,    1)
          (   3,    5) (   2,    2) (   2,    1) (   3,    2) (   3,    2) (   3,    4) (   3,    3) (   2,    4) (   2,    1) (   3,    3)
          (   3,    2) (   3,    2) (   2,    0) (   3,    0) (   3,    2) (   3,    3) (   3,    2) (   3,    0) (   3,    6) (   3,    4)
          (   3,    4) (   3,    3) (   3,    4) (   3,    5) (   3,    2) (   2,    2) (   2,    2) (   3,    2) (   3,    1) (   3,    5)
          (   3,    1) (   3,    1) (   3,    5) (   3,    0) (   3,    3) (   2,    1) (   2,    5) (   2,    2) (   1,    2) (   3,    6)
          (   3,    4) (   3,    5) (   3,    4) (   3,    1) (   3,    5) (   3,    3) (   3,    5) (   3,    2) (   3,    5) (   2,    4)
          (   3,    3) (   2,    3) (   2,    3) (   3,    1) (   3,    0) (   3,    2) (   3,    1) (   3,    3) (   3,    4) (   3,    2)
          (   3,    3) (   2,    3) (   3,    4) (   3,    3) (   3,    4) (   3,    1) (   3,    1) (   3,    6) (   2,    3) (   2,    2)
          (   3,    1) (   2,    0) (   3,    3) (   3,    1) (   3,    2) (   3,    2) (   3,    0) (   2,    1) (   3,    2) (   2,    3)
          (   3,    5) (   2,    3) (   3,    4) (   2,    3) (   3,    4) (   2,    4) (   1,    3) (   3,    6) (   3,    2) (   3,    5)
          (   3,    3) (   2,    4) (   2,    2) (   3,    7) (   2,    5) (   3,    5) (   2,    3) (   2,    4) (   3,    5) (   3,    2)
          (   3,    3) (   2,    4) (   3,    4) (   2,    2) (   3,    2) (   2,    4) (   2,    4) (   2,    1) (   2,    6) (   3,    4)
          (   3,    4) (   3,    5) (   3,    6) (   2,    4) (   2,    4) (   2,    2) (   2,    4) (   2,    3) (   3,    2) (   3,    2)
          (   3,    6) (   3,    1) (   3,    2) (   3,    2) (   2,    2) (   2,    1) (   3,    2) (   2,    5) (   3,    2) (   3,    0)
          (   2,    3) (   3,    4) (   3,    2) (   1,    5) (   3,    4) (   2,    2) (   3,    3) (   3,    0) (   3,    3) (   3,    2)
          (   3,    1) (   3,    4) (   3,    0) (   2,    4) (   3,    3) (   2,    1) (   3,    4) (   3,    3) (   2,    0) (   3,    5)
          (   2,    4) (   3,    5) (   2,    2) (   3,    4) (   3,    1) (   3,    1) (   2,    1) (   3,    2) (   3,    3) (   3,    1)
          (   3,    2) (   3,    3) (   1,    2) (   3,    5) (   3,    3) (   3,    1) (   2,    3) (   3,    4) (   3,    4) (   3,    2)
          (   2,    2) (   3,    4) (   3,    3) (   3,    1) (   3,    2) (   2,    1) (   2,    5) (   3,    3) (   3,    2) (   3,    2)
          (   3,    4) (   2,    5) (   3,    2) (   3,    4) (   3,    1) (   3,    1) (   3,    2) (   2,    4) (   3,    3) (   3,    1)
          (   3,    1) (   3,    4) (   3,    4) (   3,    3) (   2,    4) (   3,    7) (   3,    4) (   2,    2) (   2,    3) (   1,    2)
          (   3,    2) (   3,    2) (   3,    3) (   3,    2) (   3,    0) (   3,    2) (   3,    2) (   3,    0) (   2,    4) (   3,    3)
          (   2,    0) (   2,    5) (   3,    1) (   3,    5) (   3,    3) (   2,    2) (   2,    4) (   3,    3) (   3,    0) (   3,    0)
          (   3,    3) (   2,    2) (   3,    4) (   2,    2) (   3,    3) (   2,    4) (   3,    6) (   2,    4) (   3,    3) (   3,    7)
          (   3,    2) (   3,    3) (   1,    4) (   3,    4) (   3,    3) (   2,    6) (   3,    1) (   3,    2) (   3,    2) (   3,    3)
          (   3,    3) (   3,    1) (   2,    2) (   2,    2) (   3,    4) (   3,    1) (   2,    3) (   3,    3) (   3,    2) (   3,    0)
          (   2,    2) (   3,    3) (   3,    1) (   3,    2) (   3,    0) (   3,    4) (   2,    3) (   1,    3) (   3,    1) (   3,    3)
          (   1,    2) (   3,    4) (   3,    1) (   3,    4) (   2,    2) (   3,    1) (   3,    2) (   3,    4) (   3,    4) (   3,    3)
          (   2,    9) (   3,    2) (   3,    0) (   3,    2) (   2,    3) (   3,    2) (   3,    3) (   3,    1) (   3,    1) (   3,    4)
          (   2,    3) (   2,    3) (   3,    4) (   3,    1) (   2,    3) (   3,    4) (   3,    2) (   3,    4) (   3,    3) (   2,    3)
          (   3,    2) (   3,    4) (   3,    2) (   2,    4) (   3,    1) (   3,    2) (   3,    4) (   3,    2) (   3,    3) (   3,    1)
          (   3,    2) (   3,    2) (   3,    2) (   3,    0) (   3,    4) (   3,    2) (   3,    4) (   3,    3) (   3,    3) (   2,    5)
          (   2,    3) (   3,    4) (   2,    1) (   3,    5) (   3,    0) (   3,    0) (   3,    3) (   2,    4) (   3,    1) (   3,    2)
          (   3,    5) (   3,    2) (   3,    1) (   3,    2) (   2,    3) (   1,    2) (   3,    0) (   3,    3) (   3,    2) (   2,    0)
          (   3,    2) (   2,    2) (   2,    3) (   2,    4) (   3,    3) (   2,    0) (   2,    4) (   3,    1) (   2,    5) (   2,    3)
          (   2,    4) (   3,    4) (   3,    5) (   2,    1) (   3,    1) (   2,    3) (   3,    1) (   3,    2) (   3,    3) (   2,    2)
          (   3,    3) (   3,    1) (   3,    5) (   3,    3) (   3,    5) (   3,    3) (   3,    3) (   3,    3) (   3,    4) (   3,    6)
          (   3,    5) (   3,    4) (   3,    2) (   2,    4) (   2,    3) (   2,    1) (   3,    1) (   3,    3) (   3,    3) (   3,    1)
          (   3,    4) (   2,    3) (   3,    4) (   3,    2) (   3,    6) (   3,    0) (   3,    3) (   3,    2) (   3,    1) (   3,    4)
          (   3,    6) (   3,    3) (   3,    5) (   3,    1) (   0,    1) (   2,    2) (   3,    3) (   2,    2) (   3,    5) (   3,    3)
          (   1,    3) (   3,    1) (   3,    2) (   3,    0) (   3,    1) (   3,    1) (   3,    2) (   3,    3) (   2,    3) (   3,    2)
          (   3,    3) (   3,    2) (   3,    1) (   2,    2) (   3,    7) (   2,    1) (   2,    2) (   3,    4) (   2,    5) (   3,    0)
          (   2,    2) (   2,    3) (   3,    2) (   3,    2) (   3,    1) (   2,    2) (   3,    3) (   3,    2) (   3,    0) (   3,    2)
          (   3,    3) (   3,    4) (   2,    2) (   2,    4) (   3,    2) (   2,    1) (   2,    6) (   3,    4) (   3,    3) (   3,    2)
          (   3,    2) (   3,    4) (   3,    4) (   3,    2) (   3,    1) (   3,    4) (   3,    0) (   1,    3) (   2,    3) (   3,    4)
          (   2,    2) (   3,    5) (   3,    3) (   3,    1) (   3,    5) (   3,    3) (   3,    3) (   2,    1) (   3,    4) (   2,    3)
          (   2,    4) (   3,    6) (   2,    1) (   2,    2) (   2,    1) (   3,    6) (   3,    4) (   3,    3) (   3,    2) (   3,    3)
          (   3,    2) (   3,    1) (   2,    3) (   3,    4) (   2,    4) (   3,    1) (   3,    3) (   2,    5) (   3,    3) (   3,    4)
          (   3,    5) (   2,    2) (   3,    0) (   3,    2) (   3,    5) (   3,    2) (   3,    4) (   2,    6) (   3,    4) (   3,    6)
          (   3,    2) (   2,    2) (   3,    2) (   3,    2) (   3,    5) (   3,    3) (   3,    3) (   3,    4) (   3,    1) (   3,    7)
          (   3,    3) (   2,    5) (   3,    1) (   3,    1) (   3,    4) (   3,    3) (   3,    3) (   2,    1) (   3,    2) (   3,    5)
          (   3,    2) (   3,    4) (   3,    2) (   3,    5) (   3,    4) (   2,    3) (   2,    2) (   3,    3) (   3,    4) (   3,    1)
          (   3,    4) (   3,    1) (   1,    4) (   2,    1) (   2,    1) (   3,    1) (   3,    4) (   2,    3) (   3,    2) (   2,    3)
          (   3,    5) (   3,    4) (   3,    2) (   3,    3) (   3,    5) (   2,    3) (   3,    2) (   3,    2) (   2,    2) (   3,    3)
          (   2,    4) (   3,    0) (   3,    4) (   1,    3) (   3,    2) (   3,    1) (   3,    1) (   3,    1) (   3,    1) (   3,    1)
          (   2,    3) (   2,    3) (   3,    4) (   3,    4) (   3,    1) (   2,    2) (   3,    2) (   3,    6) (   2,    2) (   1,    2)
          (   3,    4) (   2,    4) (   3,    2) (   2,    4) (   3,    2) (   3,    5) (   3,    3) (   3,    3) (   3,    2) (   3,    3)
          (   3,    3) (   3,    3) (   3,    1) (   3,    2) (   2,    3) (   3,    3) (   2,    3) (   3,    1) (   3,    2) (   3,    5)
          (   3,    0) (   3,    1) (   3,    4) (   3,    1) (   3,    4) (   3,    2) (   3,    3) (   3,    1) (   3,    2) (   2,    4)
          (   2,    3) (   2,    3) (   2,    5) (   3,    3) (   1,    2) (   3,    4) (   3,    4) (   3,    3) (   2,    2) (   2,    1)
         
node   7 sent_total   1859  recv_total   1919

node   8  (   0,    0) (   1,    0) (   0,    0) (   3,    2) (   2,    0) (   3,    4) (   3,    2) (   3,    1) (   2,    4) (   2,    1)
          (   2,    2) (   3,    1) (   3,    2) (   3,    1) (   2,    2) (   2,    4) (   3,    6) (   3,    3) (   3,    2) (   3,    3)
          (   1,    5) (   3,    1) (   3,    1) (   3,    5) (   3,    6) (   2,    1) (   2,    2) (   2,    5) (   3,    4) (   2,    4)
          (   3,    2) (   3,    3) (   3,    1) (   2,    2) (   3,    3) (   3,    4) (   2,    1) (   2,    2) (   3,    4) (   3,    5)
          (   2,    2) (   3,    4) (   3,    3) (   2,    5) (   1,    3) (   2,    2) (   3,    2) (   3,    3) (   3,    8) (   2,    4)
          (   3,    5) (   3,    3) (   3,    3) (   2,    4) (   3,    1) (   3,    2) (   3,    3) (   2,    2) (   3,    1) (   3,    6)
          (   3,    2) (   3,    3) (   3,    1) (   3,    2) (   2,    3) (   1,    1) (   2,    5) (   3,    3) (   2,    3) (   2,    2)
          (   2,    2) (   3,    3) (   3,    6) (   3,    2) (   3,    4) (   2,    2) (   3,    4) (   3,    4) (   2,    1) (   2,    3)
          (   3,    4) (   2,    4) (   3,    2) (   3,    3) (   3,    2) (   3,    2) (   3,    4) (   3,    4) (   3,    4) (   3,    2)
          (   3,    3) (   3,    2) (   3,    5) (   2,    2) (   3,    2) (   2,    0) (   1,    3) (   3,    4) (   3,    3) (   2,    0)
          (   3,    2) (   3,    4) (   3,    2) (   3,    2) (   3,    4) (   3,    4) (   3,    2) (   3,    1) (   3,    1) (   3,    2)
          (   2,    3) (   2,    3) (   3,    3) (   3,    2) (   2,    4) (   3,    0) (   3,    4) (   1,    1) (   3,    3) (   2,    2)
          (   2,    2) (   3,    3) (   2,    2) (   3,    4) (   3,    3) (   3,    3) (   3,    4) (   3,    6) (   3,    2) (   3,    6)
          (   3,    2) (   3,    3) (   3,    1) (   2,    3) (   2,    4) (   3,    3) (   2,    4) (   3,    5) (   3,    4) (   3,    0)
          (   3,    3) (   3,    3) (   3,    1) (   3,    3) (   2,    4) (   3,    2) (   3,    1) (   2,    2) (   2,    4) (   2,    4)
          (   3,    0) (   3,    4) (   3,    1) (   3,    2) (   2,    1) (   3,    1) (   3,    1) (   3,    1) (   3,    1) (   2,    2)
          (   3,    3) (   3,    6) (   3,    0) (   2,    3) (   3,    3) (   3,    5) (   2,    2) (   3,    4) (   2,    2) (   3,    3)
          (   2,    2) (   3,    3) (   2,    1) (   3,    3) (   3,    2) (   2,    3) (   3,    1) (   3,    4) (   2,    2) (   3,    1)
          (   3,    2) (   3,    3) (   2,    2) (   3,    4) (   3,    2) (   2,    2) (   2,    1) (   3,    1) (   3,    4) (   3,    0)
          (   3,    2) (   3,    1) (   3,    2) (   3,    2) (   3,    0) (   2,    2) (   3,    1) (   2,    4) (   3,    1) (   2,    4)
          (   3,    2) (   3,    6) (   3,    1) (   3,    3) (   2,    0) (   2,    3) (   2,    5) (   0,    0) (   3,    2) (   3,    3)
          (   2,    3) (   3,    2) (   2,    3) (   3,    5) (   3,    3) (   2,    3) (   2,    4) (   2,    1) (   3,    3) (   3,    2)
          (   3,    2) (   3,    3) (   2,    1) (   3,    2) (   2,    4) (   3,    1) (   3,    1) (   3,    0) (   3,    2) (   2,    1)
          (   3,    3) (   2,    3) (   2,    0) (   2,    1) (   3,    3) (   3,    1) (   3,    2) (   3,    2) (   3,    2) (   3,    0)
          (   2,    2) (   3,    2) (   3,    5) (   2,    1) (   2,    1) (   2,    2) (   2,    3) (   2,    2) (   1,    2) (   3,    1)
          (   3,    1) (   3,    3) (   3,    2) (   3,    1) (   2,    2) (   3,    0) (   3,    3) (   3,    3) (   3,    5) (   3,    3)
          (   3,    1) (   1,    5) (   3,    0) (   2,    3) (   3,    2) (   3,    3) (   3,    3) (   3,    5) (   2,    0) (   3,    4)
          (   3,    3) (   2,    4) (   3,    1) (   3,    4) (   2,    2) (   3,    3) (   3,    3) (   3,    1) (   2,    2) (   3,    2)
          (   3,    0) (   3,    4) (   3,    2) (   3,    8) (   3,    3) (   3,    2) (   3,    3) (   1,    1) (   3,    2) (   3,    6)
          (   2,    2) (   2,    0) (   1,    3) (   2,    3) (   2,    2) (   3,    1) (   3,    3) (   2,    2) (   2,    1) (   3,    4)
          (   2,    4) (   3,    7) (   3,    2) (   3,    1) (   3,    1) (   3,    3) (   3,    3) (   3,    3) (   2,    3) (   3,    1)
          (   2,    5) (   3,    2) (   2,    1) (   2,    2) (   3,    2) (   2,    5) (   1,    4) (   2,    4) (   3,    4) (   2,    1)
          (   3,    2) (   3,    3) (   3,    2) (   3,    1) (   3,    2) (   3,    2) (   2,    1) (   3,    4) (   2,    1) (   3,    2)
          (   2,    1) (   3,    0) (   3,    3) (   2,    3) (   1,    2) (   3,    0) (   3,    3) (   3,    0) (   3,    2) (   3,    1)
          (   3,    6) (   3,    1) (   3,    4) (   3,    2) (   3,    0) (   3,    2) (   3,    3) (   3,    2) (   2,    1) (   2,    2)
          (   1,    5) (   2,    2) (   3,    3) (   2,    2) (   3,    2) (   2,    4) (   2,    4) (   2,    1) (   3,    2) (   3,    1)
          (   3,    2) (   3,    3) (   2,    1) (   3,    3) (   3,    6) (   3,    2) (   3,    3) (   3,    3) (   3,    5) (   3,    3)
          (   2,    2) (   2,    2) (   2,    3) (   3,    3) (   3,    4) (   2,    5) (   3,    3) (   3,    1) (   2,    3) (   1,    2)
          (   3,    3) (   3,    2) (   3,    2) (   3,    2) (   2,    3) (   3,    4) (   1,    2) (   2,    0) (   3,    1) (   3,    4)
          (   3,    1) (   3,    3) (   3,    3) (   3,    3) (   3,    1) (   3,    3) (   3,    5) (   3,    1) (   3,    3) (   3,    2)
          (   3,    2) (   3,    4) (   3,    6) (   2,    1) (   2,    3) (   3,    2) (   3,    5) (   3,    3) (   2,    1) (   3,    2)
          (   2,    3) (   3,    1) (   2,    3) (   3,    2) (   2,    3) (   3,    4) (   2,    1) (   3,    1) (   3,    2) (   3,    2)
          (   3,    4) (   3,    1) (   3,    3) (   1,    1) (   3,    6) (   1,    1) (   2,    1) (   3,    1) (   2,    4) (   3,    2)
          (   3,    4) (   3,    2) (   2,    0) (   3,    5) (   3,    3) (   3,    4) (   2,    4) (   3,    3) (   3,    3) (   3,    3)
          (   3,    5) (   3,    2) (   3,    5) (   3,    0) (   2,    2) (   3,    4) (   3,    2) (   3,    2) (   3,    0) (   2,    1)
          (   3,    2) (   3,    1) (   2,    1) (   2,    1) (   3,    3) (   2,    6) (   3,    1) (   3,    0) (   3,    4) (   3,    3)
          (   2,    2) (   3,    3) (   2,    4) (   3,    6) (   2,    1) (   3,    4) (   2,    2) (   3,    2) (   2,    4) (   3,    3)
          (   3,    3) (   3,    5) (   3,    5) (   3,    3) (   3,    3) (   3,    2) (   3,    1) (   3,    8) (   3,    3) (   3,    2)
          (   3,    1) (   2,    1) (   3,    1) (   3,    4) (   2,    1) (   2,    5) (   3,    2) (   3,    2) (   3,    3) (   3,    1)
          (   3,    2) (   3,    1) (   3,    3) (   2,    3) (   3,    0) (   3,    1) (   1,    2) (   2,    4) (   3,    6) (   3,    4)
          (   3,    3) (   2,    1) (   3,    4) (   3,    3) (   3,    4) (   2,    5) (   3,    5) (   3,    2) (   1,    1) (   3,    2)
          (   3,    2) (   2,    2) (   3,    3) (   3,    2) (   3,    1) (   2,    3) (   3,    4) (   3,    1) (   2,    5) (   3,    3)
          (   3,    5) (   2,    3) (   2,    4) (   1,    4) (   2,    2) (   3,    0) (   3,    1) (   3,    3) (   2,    6) (   1,    3)
          (   3,    1) (   3,    4) (   3,    1) (   2,    1) (   3,    5) (   2,    0) (   3,    2) (   3,    1) (   3,    4) (   1,    2)
          (   3,    1) (   3,    5) (   3,    4) (   3,    2) (   3,    3) (   3,    3) (   1,    1) (   3,    3) (   2,    4) (   3,    1)
          (   2,    5) (   2,    1) (   1,    6) (   2,    3) (   3,    2) (   2,    3) (   3,    5) (   2,    7) (   2,    2) (   3,    3)
          (   3,    5) (   2,    3) (   3,    5) (   2,    2) (   3,    2) (   3,    3) (   2,    3) (   2,    0) (   3,    3) (   2,    1)
          (   3,    2) (   3,    5) (   2,    4) (   3,    2) (   3,    4) (   2,    2) (   3,    3) (   3,    2) (   3,    4) (   3,    1)
          (   3,    2) (   3,    4) (   3,    3) (   3,    3) (   2,    0) (   2,    3) (   3,    0) (   3,    2) (   3,    1) (   3,    3)
          (   2,    5) (   3,    2) (   3,    1) (   3,    2) (   3,    1) (   2,    3) (   3,    3) (   2,    5) (   3,    2) (   2,    0)
          (   3,    5) (   3,    3) (   3,    4) (   3,    0) (   3,    3) (   3,    2) (   3,    2) (   3,    2) (   3,    1) (   2,    3)
          (   3,    4) (   2,    3) (   2,    2) (   3,    3) (   3,    5) (   3,    7) (   3,    1) (   3,    3) (   3,    3) (   3,    4)
          (   2,    3) (   1,    3) (   2,    1) (   3,    5) (   3,    3) (   3,    3) (   3,    2) (   2,    3) (   2,    7) (   3,    5)
          (   3,    1) (   2,    2) (   3,    1) (   2,    2) (   3,    3) (   3,    2) (   3,    4) (   3,    5) (   3,    6) (   3,    0)
          (   2,    5) (   3,    2) (   3,    4) (   2,    1) (   2,    2) (   3,    2) (   2,    2) (   3,    4) (   3,    0) (   2,    1)
          (   3,    5) (   3,    3) (   3,    0) (   3,    3) (   3,    4) (   3,    4) (   2,    0) (   2,    1) (   3,    2) (   3,    4)
          (   3,    2) (   2,    6) (   3,    2) (   2,    0) (   2,    1) (   2,    2) (   3,    4) (   3,    1) (   3,    3) (   2,    1)
          (   2,    0) (   3,    4) (   3,    4) (   2,    1) (   2,    3) (   3,    4) (   3,    1) (   3,    4) (   3,    2) (   3,    2)
          (   2,    6) (   3,    4) (   2,    3) (   3,    3) (   3,    5) (   3,    5) (   2,    6) (   3,    1) (   3,    4) (   2,    1)
          (   3,    3) (   3,    4) (   3,    1) (   3,    4) (   3,    4) (   2,    6) (   3,    2) (   2,    3) (   2,    5) (   3,    0)
         
node   8 sent_total   1835  recv_total   1833

node   9  (   0,    0) (   0,    0) (   1,    0) (   0,    0) (   3,    2) (   3,    1) (   3,    2) (   3,    3) (   2,    4) (   2,    4)
          (   3,    4) (   3,    1) (   3,    3) (   2,    2) (   2,    4) (   3,    2) (   2,    4) (   2,    3) (   3,    7) (   3,    4)
          (   3,    1) (   3,    2) (   3,    2) (   3,    5) (   2,    5) (   3,    2) (   1,    4) (   3,    4) (   3,    1) (   2,    3)
          (   2,    5) (   2,    3) (   2,    2) (   3,    4) (   3,    5) (   3,    4) (   1,    2) (   3,    0) (   3,    4) (   2,    3)
          (   3,    1) (   3,    1) (   3,    4) (   3,    2) (   2,    3) (   3,    5) (   3,    3) (   3,    1) (   3,    1) (   3,    3)
          (   2,    3) (   3,    3) (   3,    1) (   2,    4) (   1,    1) (   3,    3) (   3,    7) (   3,    0) (   2,    5) (   3,    2)
          (   3,    1) (   3,    4) (   3,    2) (   3,    2) (   2,    1) (   2,    0) (   3,    1) (   3,    1) (   3,    3) (   2,    3)
          (   3,    3) (   3,    1) (   3,    1) (   2,    4) (   3,    1) (   2,    2) (   3,    1) (   2,    2) (   3,    0) (   3,    2)
          (   3,    1) (   3,    0) (   3,    1) (   3,    4) (   3,    5) (   3,    4) (   2,    4) (   3,    3) (   3,    4) (   2,    7)
          (   3,    2) (   2,    4) (   3,    3) (   3,    2) (   3,    1) (   3,    2) (   3,    2) (   3,    0) (   2,    3) (   2,    2)
          (   3,    3) (   3,    2) (   3,    2) (   3,    4) (   2,    1) (   3,    1) (   3,    1) (   2,    3) (   3,    1) (   3,    4)
          (   3,    3) (   3,    2) (   3,    3) (   3,    2) (   3,    3) (   2,    1) (   2,    3) (   2,    4) (   2,    3) (   2,    2)
          (   3,    1) (   2,    1) (   3,    3) (   3,    5) (   2,    5) (   3,    4) (   3,    2) (   2,    3) (   3,    2) (   2,    2)
          (   2,    1) (   2,    3) (   3,    1) (   3,    3) (   3,    1) (   2,    4) (   3,    2) (   2,    2) (   3,    4) (   3,    1)
          (   3,    7) (   3,    6) (   3,    5) (   3,    4) (   2,    2) (   3,    0) (   3,    0) (   3,    1) (   3,    4) (   3,    0)
          (   3,    2) (   3,    0) (   2,    3) (   3,    4) (   3,    3) (   3,    5) (   2,    1) (   3,    6) (   2,    2) (   3,    3)
          (   3,    3) (   3,    3) (   2,    1) (   1,    3) (   3,    4) (   3,    0) (   3,    4) (   3,    1) (   3,    1) (   2,    2)
          (   2,    0) (   2,    1) (   3,    2) (   2,    4) (   2,    3) (   3,    1) (   3,    4) (   3,    1) (   3,    1) (   3,    2)
          (   3,    3) (   3,    5) (   3,    2) (   2,    3) (   2,    2) (   3,    2) (   3,    9) (   3,    2) (   3,    4) (   1,    3)
          (   3,    2) (   3,    2) (   2,    4) (   3,    4) (   1,    2) (   2,    0) (   3,    3) (   3,    3) (   3,    3) (   2,    1)
          (   3,    3) (   2,    1) (   2,    3) (   3,    2) (   3,    4) (   3,    1) (   3,    3) (   3,    2) (   3,    1) (   3,    3)
          (   2,    3) (   3,    2) (   3,    3) (   3,    4) (   3,    1) (   3,    4) (   2,    2) (   3,    2) (   3,    3) (   3,    2)
          (   3,    4) (   3,    3) (   3,    3) (   3,    3) (   3,    3) (   2,    1) (   3,    1) (   3,    1) (   3,    3) (   3,    0)
          (   2,    1) (   3,    1) (   3,    2) (   3,    5) (   3,    2) (   3,    0) (   2,    1) (   3,    2) (   3,    3) (   3,    5)
          (   3,    0) (   3,    2) (   2,    4) (   3,    2) (   2,    0) (   3,    3) (   3,    3) (   3,    5) (   2,    6) (   3,    3)
          (   3,    2) (   3,    4) (   2,    3) (   3,    4) (   2,    1) (   3,    4) (   3,    4) (   3,    5) (   2,    0) (   3,    3)
          (   3,    2) (   3,    1) (   2,    1) (   3,    1) (   3,    3) (   3,    3) (   3,    4) (   3,    2) (   2,    3) (   3,    0)
          (   3,    3) (   2,    2) (   3,    5) (   2,    3) (   2,    2) (   3,    1) (   3,    1) (   2,    4) (   1,    4) (   2,    2)
          (   2,    3) (   2,    1) (   3,    2) (   3,    3) (   3,    3) (   3,    2) (   3,    1) (   1,    3) (   3,    3) (   3,    3)
          (   2,    5) (   3,    2) (   3,    0) (   3,    3) (   3,    5) (   3,    6) (   3,    3) (   3,    3) (   3,    5) (   3,    3)
          (   3,    5) (   2,    4) (   2,    5) (   3,    2) (   2,    3) (   3,    2) (   3,    1) (   3,    1) (   3,    0) (   2,    2)
          (   3,    1) (   3,    3) (   3,    3) (   3,    2) (   3,    4) (   3,    1) (   2,    2) (   2,    2) (   2,    2) (   3,    1)
          (   3,    1) (   3,    4) (   2,    2) (   3,    2) (   3,    5) (   3,    2) (   3,    3) (   3,    2) (   3,    2) (   3,    3)
          (   2,    3) (   3,    2) (   2,    3) (   3,    2) (   3,    1) (   3,    4) (   3,    1) (   2,    4) (   2,    9) (   3,    5)
          (   3,    2) (   3,    5) (   2,    2) (   3,    1) (   2,    5) (   2,    2) (   3,    3) (   3,    3) (   3,    4) (   2,    3)
          (   3,    2) (   2,    6) (   2,    3) (   2,    2) (   3,    4) (   3,    5) (   2,    3) (   3,    2) (   3,    1) (   2,    6)
          (   2,    4) (   3,    3) (   3,    2) (   3,    1) (   3,    3) (   3,    2) (   2,    3) (   3,    5) (   1,    3) (   3,    4)
          (   3,    3) (   3,    4) (   3,    2) (   3,    2) (   3,    3) (   2,    2) (   3,    2) (   3,    5) (   3,    1) (   3,    1)
          (   3,    2) (   2,    6) (   3,    3) (   3,    3) (   2,    1) (   3,    2) (   3,    2) (   3,    1) (   2,    2) (   1,    3)
          (   2,    5) (   3,    2) (   3,    2) (   1,    4) (   2,    1) (   3,    3) (   2,    2) (   3,    5) (   3,    4) (   2,    3)
          (   3,    6) (   3,    0) (   2,    3) (   3,    2) (   3,    1) (   3,    2) (   2,    4) (   3,    2) (   3,    4) (   3,    3)
          (   3,    3) (   3,    4) (   2,    1) (   3,    1) (   2,    4) (   3,    3) (   3,    4) (   2,    3) (   3,    2) (   3,    1)
          (   3,    2) (   3,    2) (   3,    5) (   3,    7) (   2,    2) (   3,    5) (   3,    2) (   3,    2) (   2,    2) (   3,    3)
          (   1,    2) (   3,    2) (   3,    5) (   3,    2) (   2,    2) (   2,    1) (   1,    2) (   3,    4) (   3,    3) (   3,    6)
          (   3,    3) (   3,    6) (   3,    1) (   3,    2) (   2,    4) (   3,    2) (   3,    4) (   3,    0) (   3,    2) (   3,    1)
          (   2,    1) (   3,    2) (   3,    1) (   2,    4) (   3,    1) (   3,    3) (   1,    6) (   3,    2) (   3,    1) (   2,    4)
          (   3,    1) (   2,    5) (   3,    5) (   2,    1) (   3,    4) (   3,    2) (   3,    3) (   3,    3) (   3,    5) (   3,    2)
          (   3,    3) (   3,    4) (   3,    2) (   3,    4) (   2,    3) (   3,    3) (   3,    3) (   3,    0) (   3,    3) (   3,    2)
          (   2,    1) (   3,    4) (   3,    2) (   3,    3) (   3,    4) (   3,    3) (   3,    3) (   3,    8) (   3,    2) (   2,    5)
          (   3,    2) (   3,    3) (   2,    0) (   2,    2) (   3,    6) (   2,    6) (   3,    4) (   3,    0) (   1,    4) (   3,    2)
          (   3,    2) (   3,    5) (   3,    3) (   2,    1) (   2,    3) (   2,    3) (   3,    2) (   3,    2) (   3,    4) (   3,    4)
          (   3,    2) (   2,    4) (   3,    4) (   2,    3) (   2,    3) (   3,    2) (   3,    2) (   3,    4) (   3,    4) (   3,    4)
          (   3,    1) (   3,    4) (   3,    1) (   3,    5) (   3,    3) (   3,    1) (   3,    2) (   2,    2) (   3,    2) (   2,    2)
          (   3,    1) (   3,    1) (   3,    2) (   3,    4) (   3,    1) (   3,    2) (   3,    2) (   2,    1) (   3,    3) (   3,    3)
          (   3,    4) (   3,    3) (   3,    0) (   2,    4) (   3,    3) (   3,    7) (   3,    1) (   3,    4) (   3,    2) (   3,    1)
          (   3,    3) (   3,    1) (   3,    2) (   2,    1) (   2,    1) (   3,    4) (   3,    2) (   3,    3) (   3,    1) (   3,    6)
          (   2,    3) (   2,    0) (   3,    6) (   3,    3) (   3,    5) (   3,    3) (   3,    0) (   1,    1) (   3,    3) (   3,    4)
          (   3,    3) (   3,    0) (   3,    3) (   2,    4) (   3,    0) (   2,    5) (   3,    7) (   3,    1) (   3,    1) (   3,    1)
          (   2,    4) (   1,    3) (   3,    2) (   2,    0) (   3,    3) (   3,    4) (   3,    5) (   3,    2) (   3,    4) (   3,    1)
          (   3,    1) (   3,    0) (   3,    2) (   2,    1) (   3,    2) (   3,    1) (   3,    1) (   3,    3) (   3,    3) (   3,    3)
          (   3,    3) (   2,    2) (   3,    5) (   3,    4) (   3,    1) (   3,    5) (   3,    4) (   3,    7) (   3,    4) (   3,    1)
          (   3,    4) (   3,    3) (   2,    0) (   3,    4) (   3,    6) (   2,    4) (   3,    2) (   3,    1) (   3,    7) (   3,    7)
          (   2,    1) (   2,    4) (   3,    1) (   3,    1) (   2,    2) (   2,    2) (   2,    1) (   2,    4) (   3,    3) (   3,    2)
          (   3,    0) (   3,    2) (   3,    4) (   3,    3) (   3,    0) (   3,    3) (   2,    3) (   2,    7) (   3,    3) (   3,    2)
          (   2,    4) (   3,    4) (   3,    2) (   3,    3) (   3,    4) (   3,    4) (   3,    4) (   3,    4) (   2,    2) (   1,    2)
          (   3,    0) (   2,    2) (   3,    2) (   2,    2) (   2,    3) (   3,    5) (   2,    0) (   3,    2) (   3,    6) (   2,    1)
          (   3,    1) (   2,    1) (   3,    2) (   2,    6) (   1,    2) (   1,    2) (   3,    1) (   2,    4) (   3,    8) (   2,    3)
          (   2,    5) (   3,    1) (   2,    1) (   3,    5) (   3,    1) (   2,    4) (   2,    3) (   3,    5) (   3,    4) (   3,    1)
          (   2,    4) (   2,    1) (   3,    3) (   3,    3) (   3,    1) (   3,    2) (   2,    5) (   2,    3) (   3,    3) (   3,    3)
          (   2,    0) (   2,    2) (   3,    4) (   3,    2) (   3,    3) (   3,    2) (   3,    4) (   3,    5) (   3,    3) (   3,    6)
         
node   9 sent_total   1866  recv_total   1885

node  10  (   0,    0) (   0,    0) (   1,    0) (   0,    0) (   2,    1) (   3,    1) (   3,    2) (   1,    6) (   2,    2) (   3,    2)
          (   1,    1) (   3,    4) (   3,    1) (   2,    5) (   3,    3) (   3,    4) (   3,    1) (   3,    1) (   2,    4) (   3,    3)
          (   3,    0) (   3,    5) (   3,    0) (   3,    1) (   2,    1) (   2,    2) (   2,    3) (   1,    4) (   3,    1) (   3,    2)
          (   3,    5) (   2,    4) (   3,    3) (   3,    1) (   3,    0) (   3,    1) (   3,    2) (   3,    1) (   2,    3) (   3,    1)
          (   3,    3) (   3,    2) (   3,    6) (   3,    1) (   2,    0) (   3,    0) (   3,    0) (   3,    5) (   2,    3) (   3,    4)
          (   3,    3) (   2,    0) (   3,    2) (   3,    0) (   3,    2) (   3,    1) (   3,    3) (   3,    3) (   3,    2) (   2,    1)
          (   2,    4) (   3,    5) (   3,    5) (   2,    5) (   1,    5) (   3,    4) (   2,    3) (   3,    1) (   3,    2) (   2,    0)
          (   3,    3) (   3,    5) (   3,    1) (   3,    0) (   3,    2) (   2,    3) (   3,    2) (   2,    2) (   3,    2) (   3,    1)
          (   3,    7) (   2,    2) (   3,    3) (   3,    2) (   3,    2) (   3,    1) (   3,    3) (   3,    2) (   3,    2) (   3,    2)
          (   3,    0) (   3,    3) (   3,    2) (   2,    4) (   2,    3) (   3,    4) (   3,    4) (   2,    6) (   2,    2) (   3,    2)
          (   3,    0) (   0,    0) (   0,    0) (   0,    0) (   0,    0) (   0,    0) (   0,    0) (   0,    0) (   0,    0) (   0,    0)
          (   0,    0) (   0,    0) (   0,    0) (   0,    0) (   0,    0) (   0,    0) (   0,    0) (   0,    0) (   0,    0) (   0,    0)
          (   0,    0) (   0,    0) (   0,    0) (   0,    0) (   0,    0) (   0,    0) (   0,    0) (   0,    0) (   0,    0) (   0,    0)
          (   0,    0) (   0,    0) (   0,    0) (   0,    0) (   0,    0) (   0,    0) (   0,    0) (   0,    0) (   0,    0) (   0,    0)
          (   0,    0) (   0,    0) (   0,    0) (   0,    0) (   0,    0) (   0,    0) (   0,    0) (   0,    0) (   0,    0) (   0,    0)
          (   0,    0) (   0,    0) (   0,    0) (   0,    0) (   0,    0) (   0,    0) (   0,    0) (   0,    0) (   0,    0) (   0,    0)
          (   0,    0) (   0,    0) (   0,    0) (   0,    0) (   0,    0) (   0,    0) (   0,    0) (   0,    0) (   0,    0) (   0,    0)
          (   0,    0) (   0,    0) (   0,    0) (   0,    0) (   0,    0) (   0,    0) (   0,    0) (   0,    0) (   0,    0) (   0,    0)
          (   0,    0) (   0,    0) (   0,    0) (   0,    0) (   0,    0) (   0,    0) (   0,    0) (   0,    0) (   0,    0) (   0,    0)
          (   0,    0) (   0,    0) (   0,    0) (   0,    0) (   0,    0) (   0,    0) (   0,    0) (   0,    0) (   0,    0) (   0,    0)
          (   0,    0) (   0,    0) (   0,    0) (   0,    0) (   0,    0) (   0,    0) (   0,    0) (   0,    0) (   0,    0) (   0,    0)
          (   0,    0) (   0,    0) (   0,    0) (   0,    0) (   0,    0) (   0,    0) (   0,    0) (   0,    0) (   0,    0) (   0,    0)
          (   0,    0) (   0,    0) (   0,    0) (   0,    0) (   0,    0) (   0,    0) (   0,    0) (   0,    0) (   0,    0) (   0,    0)
          (   0,    0) (   0,    0) (   0,    0) (   0,    0) (   0,    0) (   0,    0) (   0,    0) (   0,    0) (   0,    0) (   0,    0)
          (   0,    0) (   0,    0) (   0,    0) (   0,    0) (   0,    0) (   0,    0) (   0,    0) (   0,    0) (   0,    0) (   0,    0)
          (   0,    0) (   0,    0) (   0,    0) (   0,    0) (   0,    0) (   0,    0) (   0,    0) (   0,    0) (   0,    0) (   0,    0)
          (   0,    0) (   0,    0) (   0,    0) (   0,    0) (   0,    0) (   0,    0) (   0,    0) (   0,    0) (   0,    0) (   0,    0)
          (   0,    0) (   0,    0) (   0,    0) (   0,    0) (   0,    0) (   0,    0) (   0,    0) (   0,    0) (   0,    0) (   0,    0)
          (   0,    0) (   0,    0) (   0,    0) (   0,    0) (   0,    0) (   0,    0) (   0,    0) (   0,    0) (   0,    0) (   0,    0)
          (   0,    0) (   0,    0) (   0,    0) (   0,    0) (   0,    0) (   0,    0) (   0,    0) (   0,    0) (   0,    0) (   0,    0)
          (   0,    0) (   0,    0) (   0,    0) (   0,    0) (   0,    0) (   0,    0) (   0,    0) (   0,    0) (   0,    0) (   0,    0)
          (   0,    0) (   0,    0) (   0,    0) (   0,    0) (   0,    0) (   0,    0) (   0,    0) (   0,    0) (   0,    0) (   0,    0)
          (   0,    0) (   0,    0) (   0,    0) (   0,    0) (   0,    0) (   0,    0) (   0,    0) (   0,    0) (   0,    0) (   0,    0)
          (   0,    0) (   0,    0) (   0,    0) (   0,    0) (   0,    0) (   0,    0) (   0,    0) (   0,    0) (   0,    0) (   0,    0)
          (   0,    0) (   0,    0) (   0,    0) (   0,    0) (   0,    0) (   0,    0) (   0,    0) (   0,    0) (   0,    0) (   0,    0)
          (   0,    0) (   0,    0) (   0,    0) (   0,    0) (   0,    0) (   0,    0) (   0,    0) (   0,    0) (   0,    0) (   0,    0)
          (   0,    0) (   0,    0) (   0,    0) (   0,    0) (   0,    0) (   0,    0) (   0,    0) (   0,    0) (   0,    0) (   0,    0)
          (   0,    0) (   0,    0) (   0,    0) (   0,    0) (   0,    0) (   0,    0) (   0,    0) (   0,    0) (   0,    0) (   0,    0)
          (   0,    0) (   0,    0) (   0,    0) (   0,    0) (   0,    0) (   0,    0) (   0,    0) (   0,    0) (   0,    0) (   0,    0)
          (   0,    0) (   0,    0) (   0,    0) (   0,    0) (   0,    0) (   0,    0) (   0,    0) (   0,    0) (   0,    0) (   0,    0)
          (   0,    0) (   0,    0) (   0,    0) (   0,    0) (   0,    0) (   0,    0) (   0,    0) (   0,    0) (   0,    0) (   0,    0)
          (   0,    0) (   0,    0) (   0,    0) (   0,    0) (   0,    0) (   0,    0) (   0,    0) (   0,    0) (   0,    0) (   0,    0)
          (   0,    0) (   0,    0) (   0,    0) (   0,    0) (   0,    0) (   0,    0) (   0,    0) (   0,    0) (   0,    0) (   0,    0)
          (   0,    0) (   0,    0) (   0,    0) (   0,    0) (   0,    0) (   0,    0) (   0,    0) (   0,    0) (   0,    0) (   0,    0)
          (   0,    0) (   0,    0) (   0,    0) (   0,    0) (   0,    0) (   0,    0) (   0,    0) (   0,    0) (   0,    0) (   0,    0)
          (   0,    0) (   0,    0) (   0,    0) (   0,    0) (   0,    0) (   0,    0) (   0,    0) (   0,    0) (   0,    0) (   0,    0)
          (   0,    0) (   0,    0) (   0,    0) (   0,    0) (   0,    0) (   0,    0) (   0,    0) (   0,    0) (   0,    0) (   0,    0)
          (   0,    0) (   0,    0) (   0,    0) (   0,    0) (   0,    0) (   0,    0) (   0,    0) (   0,    0) (   0,    0) (   0,    0)
          (   0,    0) (   0,    0) (   0,    0) (   0,    0) (   0,    0) (   0,    0) (   0,    0) (   0,    0) (   0,    0) (   0,    0)
          (   0,    0) (   0,    0) (   0,    0) (   0,    0) (   0,    0) (   0,    0) (   0,    0) (   0,    0) (   0,    0) (   0,    0)
          (   0,    0) (   0,    0) (   0,    0) (   0,    0) (   0,    0) (   0,    0) (   0,    0) (   0,    0) (   0,    0) (   0,    0)
          (   0,    0) (   0,    0) (   0,    0) (   0,    0) (   0,    0) (   0,    0) (   0,    0) (   0,    0) (   0,    0) (   0,    0)
          (   0,    0) (   0,    0) (   0,    0) (   0,    0) (   0,    0) (   0,    0) (   0,    0) (   0,    0) (   0,    0) (   0,    0)
          (   0,    0) (   0,    0) (   0,    0) (   0,    0) (   0,    0) (   0,    0) (   0,    0) (   0,    0) (   0,    0) (   0,    0)
          (   0,    0) (   0,    0) (   0,    0) (   0,    0) (   0,    0) (   0,    0) (   0,    0) (   0,    0) (   0,    0) (   0,    0)
          (   0,    0) (   0,    0) (   0,    0) (   0,    0) (   0,    0) (   0,    0) (   0,    0) (   0,    0) (   0,    0) (   0,    0)
          (   0,    0) (   0,    0) (   0,    0) (   0,    0) (   0,    0) (   0,    0) (   0,    0) (   0,    0) (   0,    0) (   0,    0)
          (   0,    0) (   0,    0) (   0,    0) (   0,    0) (   0,    0) (   0,    0) (   0,    0) (   0,    0) (   0,    0) (   0,    0)
          (   0,    0) (   0,    0) (   0,    0) (   0,    0) (   0,    0) (   0,    0) (   0,    0) (   0,    0) (   0,    0) (   0,    0)
          (   0,    0) (   0,    0) (   0,    0) (   0,    0) (   0,    0) (   0,    0) (   0,    0) (   0,    0) (   0,    0) (   0,    0)
          (   0,    0) (   0,    0) (   0,    0) (   0,    0) (   0,    0) (   0,    0) (   0,    0) (   0,    0) (   0,    0) (   0,    0)
          (   0,    0) (   0,    0) (   0,    0) (   0,    0) (   0,    0) (   0,    0) (   0,    0) (   0,    0) (   0,    0) (   0,    0)
          (   0,    0) (   0,    0) (   0,    0) (   0,    0) (   0,    0) (   0,    0) (   0,    0) (   0,    0) (   0,    0) (   0,    0)
          (   0,    0) (   0,    0) (   0,    0) (   0,    0) (   0,    0) (   0,    0) (   0,    0) (   0,    0) (   0,    0) (   0,    0)
          (   0,    0) (   0,    0) (   0,    0) (   0,    0) (   0,    0) (   0,    0) (   0,    0) (   0,    0) (   0,    0) (   0,    0)
          (   0,    0) (   0,    0) (   0,    0) (   0,    0) (   0,    0) (   0,    0) (   0,    0) (   0,    0) (   0,    0) (   0,    0)
          (   0,    0) (   0,    0) (   0,    0) (   0,    0) (   0,    0) (   0,    0) (   0,    0) (   0,    0) (   0,    0) (   0,    0)
          (   0,    0) (   0,    0) (   0,    0) (   0,    0) (   0,    0) (   0,    0) (   0,    0) (   0,    0) (   0,    0) (   0,    0)
          (   0,    0) (   0,    0) (   0,    0) (   0,    0) (   0,    0) (   0,    0) (   0,    0) (   0,    0) (   0,    0) (   0,    0)
          (   0,    0) (   0,    0) (   0,    0) (   0,    0) (   0,    0) (   0,    0) (   0,    0) (   0,    0) (   0,    0) (   0,    0)
         
node  10 sent_total    260  recv_total    233

