node   1  (   0,    0) (   6,    3) (   7,    4) (   5,    4) (   3,    5) (   2,    4) (   3,    1) (   2,    2) (   3,    2) (   3,    2)
          (   3,    5) (   3,    3) (   3,    2) (   1,    2) (   2,    5) (   2,    2) (   2,    2) (   3,    6) (   3,    1) (   3,    1)
          (   3,    1) (   3,    3) (   3,    4) (   3,    3) (   3,    4) (   2,    2) (   3,    1) (   2,    1) (   3,    1) (   3,    1)
          (   3,    5) (   3,    3) (   3,    2) (   2,    1) (   3,    1) (   3,    2) (   2,    2) (   1,    2) (   3,    2) (   3,    2)
          (   3,    3) (   3,    2) (   2,    4) (   3,    0) (   2,    1) (   2,    3) (   2,    4) (   3,    2) (   3,    2) (   2,    5)
          (   3,    6) (   3,    3) (   3,    4) (   3,    1) (   3,    3) (   3,    2) (   3,    2) (   3,    3) (   3,    3) (   3,    3)
          (   2,    3) (   3,    1) (   3,    1) (   3,    5) (   3,    2) (   3,    3) (   3,    7) (   3,    6) (   3,    5) (   3,    2)
          (   3,    3) (   2,    1) (   3,    2) (   3,    3) (   3,    3) (   2,    2) (   3,    2) (   3,    3) (   3,    2) (   3,    2)
          (   2,    2) (   3,    0) (   3,    1) (   3,    1) (   2,    1) (   1,    4) (   3,    1) (   3,    3) (   3,    1) (   3,    1)
          (   3,    1) (   3,    3) (   3,    2) (   2,    4) (   3,    1) (   3,    2) (   3,    4) (   3,    3) (   3,    4) (   3,    4)
          (   2,    5) (   3,    3) (   3,    3) (   3,    4) (   3,    4) (   3,    1) (   3,    5) (   3,    2) (   2,    3) (   2,    3)
          (   3,    0) (   3,    3) (   3,    3) (   3,    3) (   3,    2) (   2,    1) (   3,    0) (   2,    2) (   3,    2) (   3,    3)
          (   3,    1) (   2,    4) (   3,    3) (   3,    0) (   3,    3) (   3,    0) (   3,    2) (   3,    4) (   2,    1) (   3,    2)
          (   3,    2) (   3,    3) (   3,    4) (   2,    1) (   2,    4) (   3,    1) (   2,    3) (   2,    2) (   2,    2) (   3,    2)
          (   3,    3) (   2,    3) (   3,    3) (   3,    2) (   3,    6) (   3,    4) (   3,    1) (   3,    0) (   3,    5) (   3,    5)
          (   3,    4) (   2,    1) (   2,    4) (   2,    1) (   3,    3) (   2,    2) (   3,    2) (   3,    2) (   3,    2) (   3,    2)
          (   3,    1) (   3,    4) (   1,    1) (   3,    4) (   3,    5) (   3,    3) (   3,    2) (   3,    3) (   3,    2) (   2,    2)
          (   2,    2) (   3,    5) (   2,    5) (   2,    4) (   3,    3) (   1,    2) (   3,    3) (   2,    6) (   3,    5) (   3,    2)
          (   3,    0) (   2,    4) (   3,    2) (   2,    3) (   2,    0) (   3,    1) (   2,    3) (   3,    7) (   3,    2) (   3,    3)
          (   3,    2) (   3,    1) (   3,    2) (   2,    2) (   2,    4) (   3,    3) (   3,    0) (   3,    4) (   3,    2) (   3,    6)
          (   3,    3) (   3,    4) (   3,    0) (   3,    3) (   3,    1) (   2,    2) (   3,    4) (   3,    3) (   3,    3) (   2,    1)
          (   3,    3) (   2,    1) (   2,    2) (   2,    3) (   3,    1) (   3,    6) (   3,    2) (   1,    5) (   2,    1) (   2,    1)
          (   3,    4) (   3,    2) (   3,    3) (   3,    2) (   3,    2) (   3,    2) (   3,    3) (   3,    1) (   3,    2) (   3,    8)
          (   3,    3) (   3,    5) (   3,    2) (   2,    2) (   3,    2) (   3,    3) (   3,    5) (   3,    3) (   3,    5) (   3,    7)
          (   3,    1) (   3,    2) (   3,    0) (   3,    1) (   3,    0) (   3,    1) (   3,    3) (   2,    3) (   2,    0) (   3,    6)
          (   2,    5) (   3,    1) (   3,    3) (   3,    1) (   1,    3) (   1,    4) (   3,    0) (   3,    1) (   3,    2) (   3,    3)
          (   2,    4) (   3,    2) (   2,    2) (   2,    3) (   2,    1) (   2,    2) (   3,    4) (   2,    1) (   3,    0) (   3,    1)
          (   3,    5) (   3,    1) (   2,    4) (   3,    4) (   3,    3) (   3,    0) (   3,    0) (   3,    1) (   2,    3) (   3,    6)
          (   3,    1) (   3,    2) (   2,    2) (   3,    2) (   2,    6) (   1,    2) (   3,    5) (   2,    5) (   2,    3) (   3,    1)
          (   3,    2) (   3,    6) (   3,    4) (   3,    5) (   2,    2) (   2,    2) (   3,    0) (   3,    3) (   2,    4) (   3,    5)
          (   3,    4) (   3,    5) (   3,    4) (   3,    1) (   3,    2) (   2,    3) (   3,    2) (   2,    1) (   3,    2) (   2,    0)
          (   3,    4) (   3,    5) (   3,    2) (   2,    4) (   3,    1) (   2,    4) (   3,    4) (   3,    3) (   3,    2) (   1,    2)
          (   3,    0) (   2,    3) (   3,    2) (   3,    3) (   2,    1) (   3,    4) (   2,    3) (   2,    3) (   2,    3) (   2,    3)
          (   2,    2) (   2,    3) (   3,    4) (   3,    2) (   3,    3) (   3,    4) (   3,    2) (   3,    3) (   2,    1) (   3,    3)
          (   3,    3) (   2,    2) (   2,    4) (   2,    4) (   3,    2) (   2,    2) (   3,    1) (   3,    4) (   3,    2) (   3,    4)
          (   3,    2) (   3,    2) (   3,    3) (   2,    1) (   3,    1) (   3,    0) (   2,    2) (   3,    4) (   3,    4) (   3,    4)
          (   3,    4) (   2,    3) (   3,    1) (   2,    3) (   2,    1) (   3,    2) (   3,    2) (   3,    2) (   3,    3) (   3,    2)
          (   3,    2) (   2,    2) (   3,    2) (   1,    3) (   3,    3) (   3,    0) (   3,    5) (   3,    1) (   3,    3) (   3,    3)
          (   3,    3) (   2,    2) (   2,    0) (   2,    5) (   3,    3) (   2,    2) (   2,    0) (   3,    4) (   3,    4) (   3,    2)
          (   3,    2) (   3,    1) (   3,    5) (   3,    4) (   3,    3) (   3,    2) (   3,    3) (   2,    6) (   2,    2) (   3,    4)
          (   2,    4) (   3,    0) (   2,    4) (   3,    6) (   3,    2) (   2,    3) (   3,    2) (   2,    1) (   3,    1) (   3,    3)
          (   2,    5) (   3,    3) (   2,    0) (   3,    4) (   2,    4) (   1,    3) (   3,    3) (   3,    1) (   2,    3) (   3,    7)
          (   3,    2) (   3,    4) (   3,    3) (   3,    2) (   3,    4) (   3,    4) (   2,    7) (   3,    3) (   2,    0) (   1,    2)
          (   1,    5) (   2,    2) (   2,    5) (   2,    1) (   3,    3) (   2,    6) (   2,    1) (   3,    3) (   3,    7) (   2,    5)
          (   3,    3) (   3,    0) (   3,    2) (   3,    2) (   3,    3) (   3,    2) (   3,    3) (   1,    3) (   2,    1) (   2,    3)
          (   2,    1) (   3,    6) (   3,    2) (   2,    2) (   3,    3) (   3,    2) (   3,    0) (   3,    6) (   3,    5) (   3,    2)
          (   3,    1) (   3,    1) (   3,    2) (   3,    2) (   2,    5) (   3,    3) (   3,    2) (   2,    2) (   3,    1) (   2,    4)
          (   2,    4) (   3,    4) (   3,    4) (   3,    2) (   3,    3) (   3,    6) (   2,    3) (   3,    4) (   2,    2) (   3,    3)
          (   3,    1) (   3,    4) (   2,    1) (   2,    3) (   3,    4) (   3,    8) (   3,    2) (   2,    1) (   3,    5) (   3,    2)
          (   3,    3) (   2,    4) (   3,    1) (   3,    3) (   3,    2) (   3,    0) (   3,    2) (   3,    3) (   3,    3) (   2,    2)
          (   3,    3) (   3,    3) (   3,    3) (   3,    1) (   2,    2) (   3,    5) (   3,    5) (   3,    5) (   3,    2) (   2,    3)
          (   3,    3) (   3,    5) (   3,    1) (   3,    4) (   3,    2) (   3,    2) (   3,    2) (   3,    4) (   2,    2) (   2,    2)
          (   3,    4) (   3,    4) (   3,    2) (   3,    3) (   3,    1) (   3,    3) (   3,    2) (   3,    2) (   3,    1) (   3,    2)
          (   3,    2) (   3,    2) (   3,    3) (   1,    5) (   3,    3) (   3,    3) (   3,    1) (   2,    2) (   2,    5) (   3,    0)
          (   3,    2) (   3,    2) (   3,    3) (   3,    3) (   3,    3) (   3,    1) (   2,    1) (   3,    3) (   3,    2) (   3,    2)
          (   2,    1) (   3,    4) (   3,    3) (   2,    3) (   3,    4) (   2,    2) (   3,    3) (   3,    3) (   3,    1) (   3,    1)
          (   2,    3) (   3,    3) (   2,    4) (   2,    2) (   3,    3) (   2,    3) (   3,    6) (   2,    4) (   3,    3) (   2,    5)
          (   2,    2) (   3,    5) (   2,    1) (   3,    3) (   3,    3) (   3,    2) (   2,    2) (   2,    1) (   2,    1) (   3,    3)
          (   3,    4) (   2,    4) (   3,    6) (   3,    3) (   3,    1) (   2,    1) (   3,    3) (   3,    1) (   2,    3) (   3,    0)
          (   3,    5) (   2,    5) (   1,    1) (   3,    3) (   3,    4) (   3,    2) (   2,    5) (   3,    1) (   2,    4) (   3,    3)
          (   3,    4) (   3,    0) (   2,    3) (   3,    5) (   3,    3) (   3,    2) (   3,    5) (   3,    4) (   3,    5) (   3,    7)
          (   2,    5) (   3,    5) (   3,    1) (   3,    3) (   2,    4) (   3,    1) (   2,    0) (   3,    1) (   3,    3) (   3,    2)
          (   1,    3) (   3,    3) (   3,    0) (   3,    0) (   3,    3) (   3,    3) (   3,    3) (   3,    3) (   3,    1) (   3,    3)
          (   3,    1) (   3,    1) (   3,    1) (   3,    2) (   2,    2) (   3,    1) (   3,    2) (   3,    5) (   3,    6) (   3,    1)
          (   2,    3) (   3,    2) (   3,    4) (   3,    3) (   3,    1) (   3,    3) (   2,    2) (   3,    5) (   3,    3) (   3,    2)
          (   3,    4) (   1,    1) (   3,    3) (   3,    1) (   3,    0) (   3,    0) (   3,    5) (   3,    5) (   1,    3) (   3,    1)
          (   3,    3) (   3,    4) (   3,    4) (   3,    0) (   3,    1) (   3,    4) (   1,    2) (   3,    4) (   3,    4) (   2,    0)
          (   3,    2) (   2,    3) (   3,    5) (   2,    5) (   3,    5) (   3,    0) (   3,    4) (   3,    2) (   3,    2) (   3,    3)
          (   3,    6) (   3,    1) (   3,    3) (   3,    3) (   3,    1) (   3,    4) (   3,    3) (   3,    1) (   3,    2) (   3,    1)
          (   3,    2) (   3,    3) (   2,    1) (   3,    0) (   3,    2) (   3,    4) (   3,    2) (   3,    5) (   3,    4) (   2,    4)
         
node   1 sent_total   1889  recv_total   1880

node   2  (   1,    0) (   0,    0) (   1,    1) (   3,    4) (   1,    4) (   2,    4) (   3,    2) (   2,    2) (   3,    5) (   2,    3)
          (   2,    1) (   3,    3) (   3,    3) (   3,    3) (   3,    2) (   3,    2) (   3,    3) (   3,    2) (   2,    1) (   3,    5)
          (   2,    4) (   2,    6) (   2,    2) (   3,    3) (   3,    2) (   3,    4) (   3,    2) (   2,    2) (   2,    3) (   3,    2)
          (   3,    5) (   2,    2) (   2,    0) (   3,    5) (   1,    0) (   3,    3) (   3,    2) (   3,    4) (   3,    4) (   3,    3)
          (   3,    3) (   1,    4) (   3,    3) (   3,    2) (   2,    4) (   2,    3) (   3,    7) (   2,    1) (   3,    1) (   3,    2)
          (   3,    3) (   3,    3) (   3,    1) (   2,    2) (   3,    2) (   3,    2) (   2,    3) (   1,    7) (   3,    2) (   2,    3)
          (   2,    1) (   3,    2) (   3,    2) (   1,    2) (   2,    2) (   3,    1) (   2,    3) (   2,    4) (   3,    1) (   3,    1)
          (   2,    5) (   3,    2) (   3,    4) (   3,    2) (   2,    2) (   3,    2) (   2,    1) (   3,    4) (   3,    3) (   3,    2)
          (   2,    5) (   3,    3) (   3,    3) (   3,    4) (   3,    4) (   2,    3) (   3,    4) (   3,    2) (   3,    2) (   3,    2)
          (   3,    1) (   2,    4) (   3,    5) (   3,    2) (   3,    1) (   3,    1) (   3,    0) (   3,    3) (   3,    0) (   2,    1)
          (   2,    4) (   3,    3) (   3,    1) (   3,    4) (   3,    0) (   3,    1) (   2,    3) (   3,    3) (   3,    5) (   3,    0)
          (   2,    1) (   3,    2) (   2,    4) (   3,    3) (   2,    1) (   3,    2) (   3,    1) (   2,    6) (   3,    4) (   2,    2)
          (   3,    4) (   2,    1) (   2,    4) (   3,    4) (   3,    1) (   2,    4) (   2,    5) (   3,    1) (   3,    4) (   3,    3)
          (   3,    2) (   3,    1) (   3,    4) (   3,    3) (   2,    3) (   3,    2) (   2,    2) (   3,    4) (   2,    6) (   2,    0)
          (   2,    3) (   3,    2) (   3,    3) (   3,    2) (   3,    2) (   3,    2) (   3,    4) (   1,    4) (   3,    5) (   3,    2)
          (   3,    6) (   3,    1) (   3,    3) (   3,    3) (   2,    3) (   3,    0) (   3,    3) (   3,    3) (   3,    6) (   3,    3)
          (   3,    2) (   3,    2) (   2,    1) (   3,    1) (   3,    2) (   3,    2) (   3,    3) (   3,    2) (   2,    3) (   2,    1)
          (   3,    1) (   2,    0) (   3,    1) (   3,    4) (   3,    4) (   3,    4) (   3,    1) (   3,    1) (   1,    2) (   3,    2)
          (   2,    6) (   3,    2) (   3,    6) (   2,    4) (   1,    2) (   3,    0) (   3,    6) (   3,    3) (   2,    1) (   3,    4)
          (   3,    3) (   3,    4) (   3,    3) (   3,    0) (   3,    2) (   3,    1) (   2,    4) (   2,    0) (   3,    0) (   3,    4)
          (   3,    4) (   3,    0) (   2,    2) (   2,    2) (   3,    1) (   3,    0) (   3,    4) (   2,    3) (   3,    2) (   2,    5)
          (   3,    3) (   2,    4) (   3,    4) (   3,    4) (   3,    3) (   2,    1) (   3,    1) (   2,    3) (   3,    4) (   3,    3)
          (   3,    3) (   2,    1) (   3,    2) (   3,    4) (   3,    0) (   3,    6) (   3,    3) (   3,    1) (   3,    0) (   3,    1)
          (   2,    3) (   3,    0) (   3,    4) (   3,    6) (   3,    0) (   3,    2) (   3,    1) (   3,    1) (   3,    4) (   3,    1)
          (   3,    2) (   3,    5) (   3,    1) (   3,    3) (   3,    3) (   3,    5) (   3,    1) (   3,    6) (   1,    2) (   3,    3)
          (   2,    2) (   3,    4) (   3,    0) (   3,    1) (   2,    0) (   2,    2) (   3,    6) (   2,    3) (   3,    1) (   3,    5)
          (   1,    1) (   3,    3) (   3,    4) (   3,    5) (   3,    3) (   3,    3) (   2,    2) (   2,    4) (   3,    4) (   2,    1)
          (   2,    3) (   1,    2) (   2,    4) (   1,    3) (   2,    4) (   3,    6) (   3,    1) (   3,    3) (   3,    3) (   3,    1)
          (   2,    1) (   3,    4) (   2,    3) (   3,    1) (   3,    1) (   3,    4) (   3,    5) (   3,    5) (   3,    3) (   3,    0)
          (   3,    2) (   2,    4) (   2,    3) (   3,    3) (   3,    4) (   3,    3) (   3,    3) (   3,    3) (   3,    2) (   3,    1)
          (   1,    3) (   2,    4) (   3,    3) (   3,    0) (   3,    3) (   2,    4) (   3,    2) (   2,    2) (   2,    2) (   3,    5)
          (   1,    1) (   3,    4) (   3,    5) (   3,    3) (   3,    1) (   2,    3) (   3,    4) (   3,    6) (   2,    1) (   3,    1)
          (   2,    4) (   1,    2) (   3,    3) (   3,    2) (   3,    1) (   3,    3) (   3,    2) (   1,    1) (   2,    1) (   3,    2)
          (   3,    4) (   2,    3) (   3,    4) (   3,    4) (   3,    1) (   3,    3) (   3,    1) (   2,    1) (   2,    6) (   2,    1)
          (   2,    5) (   3,    5) (   3,    2) (   3,    2) (   3,    3) (   3,    3) (   3,    1) (   2,    1) (   3,    3) (   3,    2)
          (   3,    0) (   3,    2) (   3,    5) (   2,    0) (   2,    2) (   3,    2) (   2,    2) (   3,    1) (   2,    2) (   3,    3)
          (   2,    1) (   3,    6) (   2,    3) (   3,    5) (   3,    1) (   3,    3) (   2,    1) (   2,    2) (   3,    4) (   3,    1)
          (   2,    3) (   2,    2) (   3,    5) (   3,    3) (   2,    1) (   3,    3) (   3,    3) (   3,    3) (   3,    2) (   3,    6)
          (   2,    1) (   3,    1) (   3,    3) (   3,    2) (   3,    1) (   2,    2) (   3,    6) (   3,    3) (   3,    3) (   3,    1)
          (   3,    8) (   3,    1) (   3,    1) (   3,    2) (   3,    1) (   3,    5) (   3,    3) (   3,    3) (   3,    0) (   2,    5)
          (   3,    1) (   3,    6) (   3,    0) (   2,    0) (   3,    2) (   2,    3) (   3,    3) (   3,    5) (   2,    2) (   3,    5)
          (   3,    1) (   2,    2) (   3,    7) (   2,    1) (   3,    3) (   3,    2) (   2,    1) (   3,    1) (   3,    4) (   3,    1)
          (   2,    3) (   3,    3) (   2,    2) (   3,    2) (   3,    3) (   3,    1) (   3,    0) (   3,    1) (   3,    3) (   2,    4)
          (   2,    2) (   3,    6) (   3,    1) (   2,    4) (   3,    1) (   3,    2) (   3,    2) (   3,    2) (   3,    3) (   3,    6)
          (   3,    4) (   3,    4) (   2,    0) (   2,    1) (   2,    2) (   2,    4) (   2,    0) (   3,    4) (   3,    3) (   2,    3)
          (   3,    2) (   2,    1) (   3,    4) (   3,    1) (   3,    1) (   3,    5) (   2,    1) (   2,    2) (   3,    0) (   3,    4)
          (   2,    4) (   1,    2) (   3,    4) (   3,    2) (   2,    3) (   3,    2) (   3,    2) (   3,    2) (   2,    3) (   3,    1)
          (   3,    5) (   3,    3) (   3,    2) (   3,    2) (   3,    2) (   3,    2) (   3,    4) (   3,    2) (   3,    1) (   3,    6)
          (   2,    1) (   3,    5) (   3,    2) (   3,    1) (   2,    3) (   3,    3) (   3,    1) (   3,    7) (   3,    3) (   3,    5)
          (   3,    1) (   3,    2) (   2,    0) (   2,    3) (   3,    3) (   2,    5) (   3,    2) (   3,    5) (   3,    1) (   3,    0)
          (   3,    5) (   3,    3) (   2,    5) (   3,    3) (   2,    3) (   3,    4) (   3,    2) (   3,    2) (   2,    4) (   3,    1)
          (   3,    4) (   3,    6) (   3,    2) (   2,    4) (   2,    1) (   2,    1) (   3,    2) (   3,    2) (   3,    3) (   3,    4)
          (   3,    2) (   2,    5) (   2,    0) (   2,    3) (   3,    1) (   3,    2) (   3,    5) (   3,    5) (   1,    4) (   3,    4)
          (   3,    7) (   3,    6) (   2,    2) (   3,    5) (   3,    0) (   3,    2) (   3,    3) (   3,    2) (   2,    6) (   1,    2)
          (   3,    1) (   3,    3) (   3,    2) (   3,    2) (   2,    0) (   3,    3) (   3,    3) (   3,    3) (   3,    3) (   3,    2)
          (   3,    5) (   3,    4) (   3,    3) (   3,    3) (   3,    2) (   3,    2) (   3,    2) (   2,    3) (   3,    4) (   3,    3)
          (   3,    1) (   3,    1) (   3,    4) (   3,    4) (   3,    3) (   3,    2) (   3,    3) (   3,    3) (   3,    1) (   3,    3)
          (   3,    4) (   3,    4) (   3,    1) (   1,    1) (   3,    2) (   3,    4) (   2,    2) (   3,    3) (   3,    3) (   3,    3)
          (   3,    2) (   3,    3) (   2,    2) (   3,    1) (   3,    4) (   3,    5) (   3,    3) (   2,    4) (   2,    2) (   2,    2)
          (   3,    3) (   2,    1) (   2,    2) (   3,    5) (   2,    5) (   3,    4) (   3,    2) (   2,    4) (   3,    2) (   3,    3)
          (   3,    4) (   3,    6) (   3,    0) (   3,    2) (   3,    5) (   3,    5) (   3,    4) (   2,    2) (   3,    2) (   3,    0)
          (   3,    7) (   2,    3) (   2,    2) (   3,    4) (   3,    5) (   3,    2) (   3,    3) (   3,    1) (   2,    3) (   2,    1)
          (   2,    2) (   3,    1) (   3,    3) (   3,    4) (   3,    4) (   3,    4) (   3,    2) (   3,    3) (   3,    5) (   2,    2)
          (   3,    3) (   3,    4) (   2,    3) (   3,    1) (   3,    4) (   3,    5) (   3,    5) (   3,    2) (   3,    1) (   3,    4)
          (   3,    1) (   3,    4) (   2,    0) (   2,    5) (   2,    5) (   3,    3) (   2,    5) (   2,    2) (   3,    0) (   3,    3)
          (   3,    5) (   3,    3) (   3,    0) (   3,    3) (   3,    4) (   3,    2) (   3,    2) (   3,    1) (   3,    4) (   2,    3)
          (   3,    4) (   3,    2) (   2,    4) (   3,    5) (   3,    4) (   3,    2) (   3,    0) (   2,    2) (   3,    3) (   3,    2)
          (   3,    4) (   3,    3) (   3,    3) (   1,    0) (   3,    2) (   2,    4) (   3,    3) (   2,    4) (   3,    3) (   3,    3)
          (   2,    0) (   3,    2) (   3,    6) (   1,    4) (   3,    0) (   3,    1) (   1,    2) (   2,    2) (   3,    4) (   3,    3)
          (   3,    4) (   3,    3) (   2,    2) (   3,    1) (   3,    3) (   3,    3) (   2,    4) (   2,    2) (   3,    2) (   3,    4)
         
node   2 sent_total   1868  recv_total   1884

node   3  (   1,    0) (   0,    0) (   2,    2) (   3,    2) (   3,    3) (   3,    2) (   3,    3) (   3,    4) (   3,    5) (   3,    5)
          (   2,    1) (   3,    0) (   3,    1) (   3,    4) (   3,    3) (   3,    5) (   3,    1) (   3,    1) (   3,    2) (   3,    3)
          (   3,    4) (   3,    2) (   3,    3) (   3,    4) (   3,    4) (   3,    4) (   2,    4) (   3,    6) (   2,    1) (   3,    5)
          (   3,    4) (   1,    5) (   3,    5) (   3,    3) (   2,    1) (   3,    2) (   3,    2) (   2,    1) (   3,    2) (   3,    2)
          (   3,    0) (   3,    3) (   2,    3) (   3,    1) (   3,    1) (   3,    2) (   3,    3) (   3,    1) (   3,    3) (   1,    4)
          (   3,    1) (   3,    5) (   2,    1) (   2,    1) (   3,    3) (   3,    0) (   3,    2) (   2,    1) (   3,    3) (   2,    4)
          (   2,    2) (   3,    2) (   3,    4) (   3,    3) (   3,    0) (   3,    2) (   3,    3) (   3,    5) (   3,    1) (   3,    5)
          (   3,    5) (   3,    6) (   3,    4) (   2,    3) (   3,    2) (   3,    3) (   3,    2) (   3,    2) (   3,    3) (   3,    3)
          (   3,    3) (   3,    2) (   3,    1) (   3,    4) (   3,    3) (   3,    4) (   3,    4) (   3,    2) (   3,    4) (   2,    5)
          (   3,    3) (   2,    2) (   3,    2) (   3,    4) (   2,    3) (   3,    6) (   3,    4) (   3,    3) (   3,    3) (   2,    0)
          (   3,    4) (   3,    3) (   2,    3) (   3,    2) (   2,    3) (   3,    3) (   3,    1) (   3,    3) (   2,    4) (   3,    3)
          (   3,    1) (   3,    0) (   3,    3) (   3,    4) (   2,    5) (   2,    3) (   2,    4) (   3,    2) (   3,    4) (   3,    2)
          (   2,    3) (   3,    1) (   3,    4) (   3,    3) (   3,    3) (   3,    4) (   2,    0) (   3,    3) (   2,    2) (   3,    4)
          (   3,    2) (   1,    2) (   3,    4) (   2,    5) (   2,    2) (   2,    3) (   3,    2) (   2,    3) (   3,    2) (   3,    2)
          (   2,    2) (   3,    2) (   2,    3) (   3,    0) (   2,    2) (   2,    3) (   2,    4) (   3,    3) (   3,    3) (   3,    2)
          (   2,    1) (   2,    4) (   1,    2) (   3,    4) (   3,    3) (   3,    1) (   3,    2) (   3,    3) (   3,    4) (   3,    1)
          (   3,    5) (   2,    1) (   3,    4) (   3,    4) (   3,    2) (   2,    2) (   2,    5) (   2,    7) (   3,    2) (   3,    7)
          (   3,    3) (   2,    3) (   2,    3) (   3,    2) (   2,    6) (   3,    5) (   2,    5) (   3,    2) (   3,    2) (   2,    4)
          (   3,    5) (   3,    0) (   2,    2) (   3,    5) (   3,    3) (   3,    2) (   3,    3) (   1,    2) (   3,    1) (   2,    4)
          (   3,    0) (   2,    1) (   3,    6) (   3,    1) (   2,    2) (   3,    6) (   3,    4) (   2,    2) (   3,    5) (   3,    1)
          (   2,    2) (   3,    3) (   3,    3) (   3,    3) (   2,    0) (   3,    2) (   2,    1) (   3,    6) (   2,    1) (   3,    4)
          (   2,    0) (   3,    2) (   3,    3) (   3,    4) (   3,    2) (   2,    2) (   2,    2) (   3,    2) (   3,    7) (   2,    0)
          (   3,    3) (   2,    3) (   3,    1) (   3,    5) (   3,    3) (   2,    9) (   2,    1) (   3,    1) (   3,    3) (   3,    4)
          (   3,    3) (   3,    4) (   3,    2) (   1,    3) (   3,    6) (   2,    5) (   2,    4) (   3,    2) (   3,    2) (   2,    3)
          (   3,    2) (   3,    3) (   3,    5) (   3,    3) (   3,    2) (   3,    1) (   3,    4) (   2,    1) (   3,    3) (   2,    1)
          (   3,    3) (   2,    0) (   3,    4) (   3,    3) (   2,    5) (   3,    1) (   3,    2) (   3,    1) (   3,    1) (   3,    1)
          (   3,    1) (   3,    3) (   3,    3) (   3,    2) (   3,    5) (   2,    1) (   3,    1) (   3,    4) (   2,    3) (   3,    2)
          (   3,    1) (   3,    3) (   2,    4) (   3,    2) (   2,    6) (   3,    2) (   3,    4) (   3,    4) (   3,    1) (   3,    0)
          (   3,    4) (   3,    3) (   2,    5) (   3,    2) (   3,    3) (   1,    4) (   3,    0) (   3,    1) (   3,    0) (   2,    4)
          (   3,    3) (   2,    3) (   3,    1) (   3,    6) (   3,    0) (   3,    1) (   3,    5) (   3,    3) (   3,    0) (   2,    3)
          (   3,    2) (   3,    4) (   3,    3) (   3,    5) (   1,    4) (   3,    3) (   3,    1) (   3,    3) (   2,    2) (   2,    0)
          (   3,    1) (   3,    4) (   1,    2) (   3,    0) (   3,    2) (   3,    2) (   3,    1) (   3,    3) (   3,    4) (   3,    2)
          (   3,    3) (   2,    4) (   3,    2) (   3,    1) (   3,    4) (   2,    2) (   3,    1) (   3,    3) (   3,    1) (   3,    0)
          (   3,    2) (   3,    2) (   2,    1) (   3,    3) (   3,    1) (   3,    3) (   3,    1) (   3,    4) (   2,    4) (   2,    3)
          (   3,    2) (   3,    3) (   3,    1) (   3,    2) (   3,    4) (   3,    5) (   3,    5) (   2,    1) (   3,    2) (   2,    2)
          (   2,    4) (   3,    4) (   2,    1) (   0,    5) (   3,    0) (   3,    1) (   3,    2) (   2,    3) (   2,    2) (   3,    3)
          (   3,    5) (   3,    2) (   3,    3) (   3,    2) (   3,    2) (   2,    6) (   3,    2) (   2,    3) (   3,    2) (   3,    2)
          (   3,    1) (   3,    1) (   2,    2) (   3,    5) (   3,    2) (   3,    6) (   2,    3) (   1,    4) (   3,    2) (   3,    0)
          (   3,    4) (   3,    2) (   3,    5) (   2,    0) (   3,    0) (   1,    1) (   2,    3) (   3,    1) (   3,    1) (   3,    2)
          (   2,    3) (   2,    4) (   1,    3) (   3,    4) (   3,    3) (   3,    5) (   3,    4) (   2,    0) (   3,    2) (   3,    3)
          (   3,    3) (   3,    1) (   2,    3) (   2,    2) (   3,    2) (   2,    2) (   2,    1) (   3,    1) (   2,    0) (   2,    1)
          (   3,    5) (   3,    3) (   3,    2) (   2,    1) (   3,    3) (   1,    2) (   3,    3) (   3,    3) (   3,    2) (   3,    3)
          (   1,    1) (   3,    2) (   2,    3) (   3,    1) (   3,    6) (   1,    3) (   2,    2) (   3,    5) (   3,    4) (   3,    4)
          (   3,    3) (   3,    3) (   2,    2) (   3,    3) (   3,    3) (   3,    2) (   3,    1) (   3,    2) (   3,    0) (   3,    0)
          (   2,    2) (   3,    5) (   3,    1) (   1,    2) (   3,    2) (   2,    5) (   3,    2) (   3,    3) (   3,    2) (   2,    5)
          (   2,    5) (   3,    0) (   3,    1) (   2,    5) (   2,    2) (   2,    3) (   3,    2) (   3,    0) (   3,    2) (   2,    3)
          (   3,    1) (   3,    5) (   3,    5) (   3,    5) (   2,    1) (   3,    2) (   3,    5) (   3,    3) (   3,    2) (   3,    3)
          (   3,    2) (   3,    4) (   2,    3) (   3,    2) (   2,    2) (   3,    1) (   2,    1) (   3,    1) (   2,    2) (   2,    2)
          (   3,    5) (   3,    1) (   3,    6) (   2,    5) (   2,    0) (   3,    0) (   3,    6) (   2,    2) (   3,    4) (   3,    2)
          (   3,    4) (   3,    3) (   2,    1) (   3,    5) (   3,    3) (   3,    4) (   3,    2) (   3,    4) (   3,    0) (   3,    1)
          (   3,    2) (   3,    1) (   3,    0) (   3,    3) (   3,    3) (   3,    2) (   2,    2) (   3,    1) (   2,    3) (   3,    4)
          (   3,    3) (   3,    1) (   3,    2) (   3,    1) (   3,    4) (   2,    2) (   2,    1) (   3,    1) (   3,    2) (   2,    2)
          (   3,    2) (   3,    2) (   3,    4) (   2,    3) (   2,    3) (   3,    4) (   3,    2) (   3,    4) (   3,    4) (   3,    2)
          (   3,    2) (   3,    3) (   3,    3) (   3,    3) (   2,    5) (   1,    1) (   2,    2) (   3,    4) (   3,    2) (   2,    1)
          (   3,    4) (   2,    2) (   3,    3) (   3,    2) (   3,    4) (   3,    2) (   2,    2) (   3,    1) (   3,    1) (   3,    2)
          (   2,    1) (   2,    4) (   3,    1) (   3,    3) (   3,    3) (   3,    3) (   3,    1) (   2,    3) (   3,    3) (   2,    2)
          (   3,    1) (   3,    4) (   3,    1) (   3,    2) (   3,    4) (   3,    2) (   3,    2) (   3,    2) (   3,    1) (   2,    2)
          (   3,    0) (   2,    1) (   3,    5) (   3,    4) (   2,    1) (   3,    3) (   3,    2) (   3,    4) (   3,    0) (   3,    1)
          (   3,    1) (   3,    1) (   2,    2) (   3,    2) (   3,    2) (   3,    2) (   3,    7) (   3,    2) (   1,    2) (   3,    3)
          (   3,    0) (   3,    2) (   3,    2) (   3,    2) (   3,    2) (   2,    0) (   3,    2) (   3,    1) (   3,    1) (   3,    1)
          (   3,    4) (   3,    1) (   3,    3) (   3,    2) (   3,    2) (   3,    2) (   3,    5) (   3,    3) (   3,    0) (   3,    4)
          (   1,    3) (   2,    2) (   3,    2) (   3,    1) (   3,    0) (   3,    2) (   2,    2) (   3,    4) (   3,    1) (   2,    3)
          (   3,    2) (   3,    6) (   2,    2) (   2,    5) (   3,    3) (   3,    6) (   3,    2) (   2,    5) (   3,    5) (   3,    2)
          (   3,    3) (   3,    4) (   3,    2) (   3,    4) (   2,    4) (   3,    2) (   2,    2) (   3,    2) (   2,    1) (   3,    6)
          (   3,    4) (   2,    3) (   3,    5) (   3,    1) (   3,    3) (   2,    2) (   2,    5) (   2,    3) (   3,    2) (   3,    2)
          (   3,    4) (   2,    6) (   3,    3) (   2,    4) (   2,    1) (   3,    4) (   3,    1) (   3,    2) (   3,    2) (   3,    1)
          (   3,    1) (   3,    4) (   3,    3) (   3,    0) (   3,    3) (   3,    6) (   3,    4) (   2,    2) (   2,    1) (   3,    0)
          (   3,    1) (   3,    3) (   3,    2) (   3,    2) (   3,    0) (   2,    5) (   3,    1) (   2,    1) (   3,    2) (   2,    1)
          (   3,    4) (   3,    3) (   2,    1) (   3,    4) (   3,    3) (   2,    1) (   3,    3) (   2,    3) (   2,    4) (   3,    2)
          (   2,    4) (   2,    3) (   2,    3) (   2,    2) (   3,    5) (   3,    2) (   3,    0) (   3,    2) (   3,    1) (   3,    4)
         
node   3 sent_total   1877  recv_total   1824

node   4  (   1,    0) (   0,    0) (   2,    3) (   3,    0) (   3,    4) (   2,    5) (   3,    3) (   2,    2) (   1,    1) (   3,    3)
          (   3,    3) (   2,    3) (   3,    3) (   3,    2) (   3,    2) (   2,    1) (   1,    2) (   2,    1) (   3,    4) (   3,    3)
          (   3,    0) (   3,    1) (   2,    3) (   3,    0) (   3,    5) (   3,    1) (   2,    3) (   3,    3) (   2,    2) (   3,    6)
          (   1,    0) (   3,    2) (   3,    3) (   3,    0) (   3,    2) (   3,    3) (   3,    4) (   3,    3) (   2,    4) (   3,    1)
          (   3,    3) (   3,    3) (   1,    2) (   3,    2) (   3,    5) (   3,    1) (   3,    4) (   3,    6) (   3,    4) (   2,    5)
          (   3,    2) (   3,    2) (   2,    2) (   2,    1) (   3,    2) (   2,    3) (   3,    4) (   3,    7) (   3,    2) (   3,    4)
          (   3,    4) (   1,    3) (   2,    2) (   3,    2) (   3,    0) (   3,    4) (   2,    2) (   3,    3) (   2,    2) (   3,    0)
          (   2,    1) (   3,    7) (   3,    5) (   2,    2) (   3,    2) (   2,    3) (   3,    0) (   3,    2) (   3,    2) (   3,    4)
          (   3,    2) (   3,    5) (   3,    5) (   3,    4) (   3,    2) (   2,    1) (   3,    2) (   3,    4) (   2,    4) (   3,    6)
          (   3,    4) (   3,    7) (   3,    3) (   3,    2) (   3,    3) (   2,    3) (   3,    2) (   2,    1) (   3,    7) (   3,    2)
          (   3,    1) (   3,    2) (   3,    4) (   3,    4) (   2,    1) (   3,    4) (   3,    2) (   3,    1) (   3,    4) (   2,    3)
          (   3,    2) (   3,    3) (   3,    1) (   1,    4) (   3,    3) (   3,    2) (   3,    2) (   3,    2) (   1,    4) (   1,    2)
          (   3,    3) (   2,    2) (   3,    1) (   3,    2) (   3,    4) (   3,    2) (   3,    2) (   3,    3) (   2,    4) (   2,    4)
          (   3,    2) (   3,    5) (   3,    1) (   3,    1) (   3,    1) (   2,    2) (   3,    1) (   3,    1) (   3,    2) (   2,    3)
          (   3,    3) (   3,    1) (   3,    3) (   2,    3) (   3,    3) (   3,    4) (   2,    1) (   2,    2) (   3,    0) (   3,    5)
          (   2,    5) (   3,    1) (   3,    2) (   2,    2) (   2,    2) (   3,    3) (   3,    1) (   3,    1) (   3,    2) (   2,    2)
          (   3,    3) (   3,    2) (   2,    3) (   3,    0) (   1,    5) (   3,    5) (   3,    8) (   3,    4) (   2,    2) (   3,    1)
          (   2,    5) (   3,    2) (   3,    2) (   3,    3) (   2,    2) (   3,    3) (   3,    3) (   3,    0) (   2,    3) (   3,    2)
          (   2,    3) (   2,    0) (   3,    1) (   3,    2) (   3,    1) (   3,    3) (   2,    2) (   2,    1) (   3,    2) (   3,    2)
          (   3,    3) (   3,    2) (   3,    4) (   3,    3) (   2,    4) (   2,    1) (   3,    3) (   3,    5) (   3,    4) (   3,    3)
          (   3,    2) (   3,    3) (   3,    7) (   1,    1) (   2,    6) (   3,    3) (   3,    0) (   3,    3) (   3,    5) (   3,    4)
          (   3,    3) (   3,    1) (   1,    4) (   2,    3) (   3,    3) (   3,    2) (   3,    1) (   3,    3) (   2,    3) (   3,    6)
          (   2,    7) (   3,    3) (   3,    4) (   2,    2) (   3,    5) (   3,    4) (   2,    2) (   1,    2) (   1,    6) (   3,    3)
          (   3,    5) (   3,    2) (   3,    1) (   3,    1) (   3,    2) (   3,    4) (   2,    2) (   2,    2) (   3,    3) (   1,    0)
          (   3,    4) (   3,    2) (   3,    0) (   3,    6) (   2,    4) (   3,    2) (   3,    3) (   3,    4) (   3,    6) (   3,    4)
          (   2,    1) (   3,    1) (   3,    1) (   3,    2) (   3,    2) (   2,    1) (   2,    0) (   2,    2) (   1,    3) (   3,    3)
          (   3,    1) (   3,    4) (   3,    0) (   2,    2) (   3,    4) (   3,    4) (   3,    2) (   3,    2) (   3,    1) (   3,    4)
          (   3,    2) (   2,    4) (   2,    0) (   3,    0) (   2,    2) (   3,    3) (   3,    3) (   3,    4) (   2,    2) (   3,    5)
          (   3,    4) (   3,    2) (   2,    2) (   2,    3) (   1,    2) (   3,    3) (   3,    3) (   3,    1) (   3,    2) (   3,    3)
          (   3,    1) (   2,    4) (   3,    1) (   3,    2) (   3,    2) (   3,    3) (   3,    4) (   3,    2) (   3,    2) (   3,    1)
          (   3,    4) (   2,    2) (   3,    2) (   2,    1) (   3,    4) (   2,    2) (   3,    2) (   1,    1) (   2,    4) (   3,    1)
          (   3,    4) (   3,    2) (   3,    4) (   3,    1) (   2,    4) (   2,    3) (   3,    1) (   3,    2) (   3,    1) (   3,    1)
          (   3,    3) (   3,    0) (   3,    3) (   2,    1) (   2,    2) (   3,    1) (   2,    5) (   3,    2) (   3,    4) (   2,    2)
          (   3,    0) (   1,    0) (   3,    3) (   3,    5) (   3,    3) (   3,    0) (   2,    5) (   3,    0) (   3,    1) (   2,    2)
          (   3,    3) (   3,    0) (   3,    3) (   3,    4) (   3,    1) (   3,    2) (   3,    4) (   1,    5) (   2,    3) (   3,    2)
          (   2,    1) (   3,    4) (   2,    2) (   3,    1) (   3,    4) (   3,    3) (   2,    4) (   3,    4) (   3,    2) (   3,    4)
          (   2,    3) (   2,    2) (   3,    6) (   2,    2) (   2,    2) (   2,    1) (   3,    6) (   3,    4) (   3,    1) (   3,    6)
          (   3,    4) (   3,    3) (   3,    1) (   3,    1) (   3,    4) (   3,    6) (   1,    1) (   3,    4) (   2,    0) (   3,    3)
          (   3,    3) (   3,    4) (   3,    5) (   3,    4) (   2,    5) (   3,    2) (   2,    1) (   2,    3) (   3,    3) (   3,    4)
          (   2,    1) (   1,    2) (   3,    3) (   3,    4) (   1,    3) (   3,    1) (   3,    3) (   2,    1) (   3,    4) (   3,    1)
          (   3,    1) (   2,    5) (   3,    3) (   3,    0) (   3,    4) (   2,    1) (   3,    5) (   3,    2) (   3,    4) (   3,    5)
          (   3,    4) (   3,    3) (   1,    1) (   3,    3) (   3,    3) (   2,    3) (   2,    2) (   2,    2) (   3,    4) (   3,    5)
          (   3,    3) (   2,    0) (   3,    2) (   3,    4) (   3,    2) (   2,    3) (   1,    3) (   3,    3) (   3,    5) (   3,    0)
          (   3,    1) (   3,    3) (   3,    2) (   3,    3) (   3,    4) (   2,    5) (   3,    0) (   3,    2) (   3,    5) (   3,    2)
          (   3,    2) (   3,    2) (   3,    3) (   3,    5) (   3,    1) (   2,    1) (   2,    5) (   3,    3) (   3,    4) (   3,    3)
          (   3,    1) (   2,    0) (   3,    3) (   3,    5) (   3,    4) (   3,    3) (   3,    3) (   3,    1) (   2,    3) (   3,    4)
          (   2,    7) (   2,    3) (   2,    3) (   2,    4) (   3,    0) (   2,    2) (   3,    3) (   2,    2) (   3,    4) (   3,    6)
          (   3,    4) (   3,    1) (   3,    1) (   3,    4) (   2,    0) (   2,    6) (   2,    1) (   2,    4) (   3,    5) (   2,    5)
          (   2,    2) (   2,    4) (   3,    2) (   3,    5) (   2,    2) (   3,    3) (   2,    1) (   3,    1) (   1,    1) (   3,    6)
          (   2,    3) (   3,    1) (   3,    4) (   3,    2) (   3,    2) (   2,    1) (   3,    4) (   3,    3) (   3,    3) (   3,    3)
          (   3,    4) (   3,    1) (   3,    5) (   3,    3) (   3,    3) (   1,    4) (   2,    4) (   3,    2) (   3,    2) (   3,    3)
          (   3,    5) (   2,    3) (   3,    4) (   3,    0) (   3,    2) (   2,    5) (   2,    4) (   3,    1) (   2,    2) (   3,    3)
          (   2,    1) (   3,    1) (   3,    4) (   3,    6) (   3,    2) (   3,    3) (   3,    0) (   3,    1) (   3,    1) (   3,    0)
          (   3,    3) (   3,    2) (   3,    3) (   3,    0) (   3,    1) (   2,    2) (   3,    2) (   3,    2) (   2,    3) (   3,    3)
          (   3,    2) (   1,    5) (   2,    2) (   3,    7) (   2,    5) (   3,    3) (   3,    4) (   3,    2) (   2,    4) (   3,    3)
          (   3,    2) (   1,    0) (   3,    0) (   3,    0) (   1,    1) (   2,    2) (   3,    2) (   3,    3) (   2,    1) (   2,    3)
          (   3,    4) (   3,    4) (   2,    3) (   2,    1) (   3,    2) (   3,    4) (   1,    3) (   3,    4) (   3,    4) (   3,    1)
          (   3,    3) (   3,    3) (   1,    1) (   3,    1) (   3,    3) (   2,    5) (   3,    4) (   3,    2) (   3,    6) (   2,    2)
          (   3,    2) (   3,    4) (   3,    3) (   2,    1) (   2,    1) (   2,    3) (   3,    1) (   3,    3) (   1,    4) (   3,    3)
          (   3,    1) (   3,    2) (   2,    2) (   2,    2) (   3,    3) (   3,    2) (   1,    2) (   1,    1) (   3,    0) (   3,    7)
          (   1,    1) (   3,    4) (   2,    4) (   3,    4) (   3,    2) (   3,    2) (   1,    4) (   3,    4) (   3,    7) (   3,    4)
          (   3,    0) (   2,    2) (   3,    0) (   3,    1) (   3,    7) (   3,    2) (   3,    1) (   3,    0) (   2,    3) (   3,    3)
          (   3,    5) (   3,    1) (   3,    3) (   3,    2) (   1,    2) (   3,    3) (   3,    3) (   2,    1) (   3,    2) (   2,    4)
          (   3,    2) (   3,    2) (   3,    2) (   3,    1) (   3,    4) (   3,    2) (   2,    1) (   3,    5) (   3,    2) (   3,    0)
          (   3,    5) (   3,    3) (   3,    4) (   3,    5) (   3,    4) (   3,    3) (   3,    1) (   2,    1) (   3,    1) (   3,    4)
          (   3,    1) (   3,    1) (   3,    3) (   2,    4) (   3,    3) (   3,    2) (   3,    3) (   3,    0) (   2,    1) (   3,    3)
          (   3,    3) (   2,    1) (   1,    0) (   3,    7) (   3,    3) (   3,    3) (   3,    1) (   2,    2) (   3,    1) (   3,    4)
          (   3,    2) (   3,    3) (   3,    2) (   3,    3) (   3,    2) (   3,    3) (   1,    2) (   3,    2) (   2,    3) (   3,    3)
          (   2,    3) (   3,    3) (   3,    2) (   2,    1) (   3,    2) (   3,    4) (   3,    3) (   3,    2) (   2,    3) (   3,    0)
          (   3,    2) (   2,    2) (   3,    5) (   2,    0) (   1,    5) (   3,    1) (   2,    4) (   3,    2) (   3,    3) (   3,    3)
         
node   4 sent_total   1848  recv_total   1853

node   5  (   0,    0) (   1,    0) (   0,    0) (   1,    1) (   3,    2) (   2,    1) (   3,    2) (   2,    2) (   3,    1) (   2,    3)
          (   3,    4) (   2,    2) (   2,    3) (   3,    3) (   3,    1) (   3,    1) (   3,    5) (   3,    2) (   3,    3) (   3,    2)
          (   3,    1) (   3,    1) (   2,    6) (   3,    4) (   3,    1) (   2,    4) (   2,    1) (   3,    2) (   3,    5) (   3,    2)
          (   3,    2) (   3,    3) (   2,    1) (   3,    4) (   3,    6) (   2,    6) (   3,    4) (   2,    0) (   2,    3) (   1,    6)
          (   3,    2) (   3,    2) (   3,    1) (   3,    4) (   3,    1) (   2,    0) (   3,    1) (   3,    3) (   3,    3) (   2,    4)
          (   3,    2) (   3,    1) (   2,    2) (   2,    5) (   3,    2) (   3,    2) (   3,    2) (   3,    1) (   3,    3) (   2,    3)
          (   3,    1) (   2,    1) (   3,    2) (   3,    3) (   3,    4) (   3,    2) (   3,    1) (   3,    4) (   3,    1) (   3,    4)
          (   3,    1) (   3,    2) (   2,    2) (   2,    0) (   2,    6) (   3,    4) (   3,    5) (   3,    2) (   3,    3) (   3,    4)
          (   3,    5) (   3,    1) (   3,    2) (   2,    3) (   3,    3) (   3,    4) (   0,    2) (   3,    4) (   3,    1) (   3,    1)
          (   3,    5) (   3,    4) (   3,    2) (   2,    3) (   3,    3) (   2,    4) (   3,    1) (   3,    3) (   2,    1) (   3,    2)
          (   3,    3) (   3,    3) (   3,    1) (   3,    3) (   3,    4) (   3,    4) (   3,    5) (   3,    3) (   2,    4) (   3,    1)
          (   2,    5) (   3,    2) (   2,    5) (   2,    1) (   3,    2) (   3,    4) (   2,    1) (   2,    0) (   3,    0) (   3,    2)
          (   3,    1) (   2,    2) (   2,    1) (   2,    4) (   3,    3) (   3,    4) (   3,    3) (   3,    1) (   2,    1) (   2,    3)
          (   3,    2) (   3,    5) (   3,    1) (   3,    5) (   3,    4) (   3,    0) (   2,    5) (   3,    4) (   2,    4) (   2,    1)
          (   3,    1) (   2,    5) (   3,    4) (   1,    3) (   2,    5) (   3,    0) (   3,    6) (   2,    6) (   3,    3) (   3,    5)
          (   1,    1) (   3,    3) (   3,    3) (   1,    1) (   3,    2) (   1,    7) (   3,    4) (   3,    1) (   3,    2) (   3,    5)
          (   2,    4) (   3,    3) (   2,    3) (   3,    2) (   3,    3) (   3,    3) (   2,    2) (   3,    1) (   2,    1) (   3,    4)
          (   2,    4) (   2,    4) (   3,    0) (   2,    1) (   3,    3) (   3,    1) (   3,    4) (   3,    0) (   3,    2) (   3,    1)
          (   3,    5) (   3,    3) (   3,    3) (   2,    4) (   2,    4) (   3,    2) (   3,    3) (   3,    3) (   3,    3) (   2,    4)
          (   3,    2) (   3,    3) (   3,    2) (   3,    1) (   2,    3) (   3,    1) (   3,    3) (   3,    1) (   3,    3) (   3,    3)
          (   3,    2) (   3,    2) (   3,    0) (   3,    4) (   3,    2) (   2,    4) (   3,    4) (   3,    2) (   3,    4) (   3,    1)
          (   2,    1) (   3,    0) (   3,    1) (   2,    0) (   2,    2) (   2,    4) (   3,    3) (   2,    1) (   2,    2) (   2,    0)
          (   1,    0) (   3,    6) (   2,    2) (   3,    4) (   3,    4) (   3,    0) (   3,    1) (   3,    1) (   3,    5) (   2,    3)
          (   3,    4) (   3,    4) (   3,    4) (   3,    3) (   3,    3) (   3,    4) (   3,    4) (   3,    1) (   3,    2) (   3,    7)
          (   3,    1) (   2,    3) (   3,    3) (   3,    2) (   3,    7) (   3,    3) (   3,    2) (   2,    3) (   3,    1) (   3,    6)
          (   2,    4) (   3,    2) (   3,    3) (   2,    3) (   3,    3) (   2,    2) (   1,    3) (   3,    3) (   2,    3) (   3,    1)
          (   2,    5) (   3,    2) (   3,    5) (   2,    2) (   2,    1) (   3,    2) (   2,    3) (   3,    3) (   2,    2) (   3,    6)
          (   3,    4) (   3,    4) (   2,    2) (   3,    1) (   3,    2) (   3,    4) (   3,    2) (   3,    2) (   3,    2) (   3,    1)
          (   3,    6) (   3,    3) (   3,    6) (   2,    5) (   3,    3) (   2,    3) (   3,    2) (   2,    2) (   3,    4) (   3,    3)
          (   2,    1) (   3,    0) (   2,    6) (   3,    2) (   3,    1) (   3,    2) (   3,    1) (   3,    2) (   2,    2) (   3,    2)
          (   3,    1) (   3,    3) (   3,    0) (   3,    4) (   3,    1) (   3,    6) (   3,    2) (   3,    5) (   3,    3) (   3,    4)
          (   3,    2) (   2,    2) (   3,    1) (   3,    4) (   2,    4) (   2,    2) (   3,    4) (   3,    2) (   2,    3) (   3,    6)
          (   2,    2) (   2,    3) (   2,    2) (   2,    5) (   3,    3) (   3,    5) (   3,    5) (   2,    2) (   3,    4) (   2,    2)
          (   3,    2) (   3,    1) (   2,    1) (   2,    3) (   2,    5) (   2,    3) (   2,    2) (   3,    2) (   3,    1) (   3,    2)
          (   1,    3) (   3,    1) (   3,    5) (   2,    3) (   2,    2) (   3,    1) (   3,    3) (   3,    2) (   3,    2) (   3,    0)
          (   3,    2) (   3,    5) (   2,    2) (   3,    2) (   2,    1) (   3,    2) (   3,    1) (   3,    3) (   3,    3) (   3,    3)
          (   3,    3) (   2,    1) (   3,    4) (   2,    3) (   3,    2) (   2,    3) (   3,    1) (   3,    3) (   2,    2) (   2,    2)
          (   2,    2) (   3,    1) (   3,    5) (   3,    1) (   2,    2) (   3,    1) (   3,    2) (   3,    1) (   3,    3) (   3,    1)
          (   2,    1) (   2,    3) (   3,    2) (   3,    2) (   3,    6) (   3,    5) (   2,    3) (   3,    1) (   3,    1) (   2,    2)
          (   3,    4) (   3,    4) (   3,    4) (   3,    2) (   2,    6) (   3,    2) (   3,    4) (   3,    4) (   3,    0) (   2,    3)
          (   2,    2) (   3,    2) (   3,    3) (   3,    1) (   3,    2) (   2,    3) (   3,    0) (   2,    1) (   3,    5) (   3,    4)
          (   3,    3) (   3,    1) (   2,    3) (   3,    4) (   2,    2) (   2,    1) (   3,    4) (   3,    1) (   3,    3) (   3,    2)
          (   3,    3) (   3,    0) (   3,    1) (   3,    2) (   2,    1) (   3,    2) (   2,    2) (   2,    1) (   3,    1) (   3,    5)
          (   3,    3) (   3,    0) (   3,    1) (   3,    1) (   2,    3) (   3,    4) (   3,    6) (   3,    2) (   3,    4) (   3,    2)
          (   3,    3) (   3,    3) (   3,    6) (   3,    4) (   3,    3) (   3,    2) (   3,    1) (   2,    1) (   3,    2) (   3,    4)
          (   1,    3) (   3,    3) (   3,    5) (   3,    5) (   3,    4) (   2,    3) (   2,    5) (   3,    5) (   3,    6) (   3,    2)
          (   3,    2) (   3,    1) (   3,    1) (   2,    2) (   2,    1) (   3,    5) (   3,    1) (   2,    2) (   2,    2) (   3,    0)
          (   3,    3) (   3,    1) (   2,    3) (   2,    1) (   3,    4) (   3,    1) (   2,    4) (   3,    7) (   2,    5) (   3,    2)
          (   3,    2) (   3,    1) (   2,    7) (   3,    3) (   3,    4) (   3,    1) (   3,    3) (   2,    4) (   3,    1) (   3,    3)
          (   3,    7) (   3,    4) (   3,    2) (   2,    0) (   2,    4) (   3,    5) (   3,    4) (   2,    4) (   2,    0) (   3,    7)
          (   3,    2) (   3,    2) (   3,    2) (   2,    2) (   2,    4) (   3,    1) (   3,    3) (   3,    1) (   3,    6) (   2,    2)
          (   2,    5) (   3,    4) (   2,    1) (   3,    3) (   2,    3) (   2,    2) (   3,    4) (   2,    0) (   1,    1) (   3,    2)
          (   3,    2) (   3,    5) (   3,    4) (   3,    3) (   3,    6) (   3,    1) (   2,    4) (   2,    1) (   3,    3) (   3,    4)
          (   3,    3) (   3,    3) (   3,    1) (   3,    2) (   3,    4) (   3,    3) (   1,    6) (   3,    3) (   2,    0) (   2,    2)
          (   3,    1) (   3,    3) (   3,    1) (   3,    1) (   3,    3) (   2,    4) (   3,    1) (   2,    3) (   3,    2) (   2,    6)
          (   3,    3) (   2,    3) (   3,    3) (   3,    6) (   3,    1) (   3,    3) (   3,    4) (   3,    4) (   3,    1) (   3,    1)
          (   3,    2) (   3,    1) (   3,    3) (   3,    4) (   3,    2) (   3,    3) (   2,    2) (   1,    3) (   3,    7) (   3,    1)
          (   3,    4) (   3,    1) (   2,    6) (   3,    1) (   3,    2) (   3,    2) (   3,    3) (   3,    5) (   3,    7) (   3,    1)
          (   2,    4) (   3,    1) (   1,    2) (   1,    3) (   3,    1) (   3,    1) (   3,    2) (   3,    3) (   2,    2) (   2,    1)
          (   3,    1) (   3,    3) (   3,    1) (   3,    3) (   2,    2) (   3,    1) (   3,    2) (   2,    3) (   3,    3) (   2,    1)
          (   3,    3) (   2,    3) (   3,    5) (   3,    2) (   3,    5) (   2,    1) (   3,    2) (   3,    1) (   3,    2) (   2,    0)
          (   3,    3) (   3,    1) (   2,    3) (   3,    1) (   3,    0) (   3,    4) (   1,    5) (   3,    4) (   3,    0) (   2,    3)
          (   3,    2) (   1,    2) (   3,    8) (   3,    4) (   3,    5) (   3,    4) (   2,    2) (   3,    3) (   3,    1) (   3,    1)
          (   3,    4) (   3,    2) (   2,    3) (   2,    3) (   3,    3) (   3,    2) (   3,    1) (   3,    2) (   3,    5) (   3,    5)
          (   2,    0) (   3,    2) (   2,    5) (   3,    5) (   3,    3) (   3,    2) (   3,    2) (   3,    1) (   2,    2) (   2,    2)
          (   3,    6) (   3,    2) (   3,    5) (   3,    2) (   2,    3) (   2,    4) (   2,    3) (   3,    3) (   3,    1) (   3,    1)
          (   3,    7) (   3,    6) (   3,    1) (   3,    2) (   2,    1) (   3,    1) (   2,    6) (   3,    1) (   2,    6) (   3,    2)
          (   3,    3) (   3,    9) (   3,    3) (   3,    3) (   3,    2) (   2,    2) (   3,    3) (   2,    1) (   2,    3) (   3,    1)
          (   3,    5) (   3,    2) (   1,    1) (   2,    1) (   3,    2) (   3,    7) (   3,    2) (   3,    4) (   2,    1) (   3,    4)
          (   3,    3) (   3,    2) (   3,    5) (   3,    5) (   3,    0) (   3,    3) (   3,    2) (   2,    3) (   2,    4) (   3,    2)
         
node   5 sent_total   1864  recv_total   1882

node   6  (   0,    0) (   1,    0) (   0,    0) (   3,    1) (   3,    3) (   3,    2) (   3,    2) (   2,    4) (   3,    3) (   3,    1)
          (   3,    4) (   2,    4) (   3,    5) (   3,    3) (   3,    4) (   3,    1) (   3,    5) (   3,    6) (   3,    3) (   3,    2)
          (   3,    6) (   3,    0) (   3,    5) (   2,    2) (   3,    3) (   3,    5) (   2,    2) (   3,    3) (   2,    1) (   3,    4)
          (   3,    4) (   3,    1) (   3,    1) (   2,    3) (   3,    6) (   3,    3) (   3,    4) (   2,    2) (   2,    2) (   3,    3)
          (   2,    4) (   3,    4) (   2,    3) (   3,    4) (   3,    1) (   2,    6) (   3,    0) (   3,    3) (   3,    2) (   3,    2)
          (   3,    3) (   2,    3) (   1,    3) (   3,    2) (   3,    1) (   3,    3) (   3,    4) (   3,    0) (   3,    3) (   3,    3)
          (   3,    3) (   3,    1) (   3,    3) (   3,    2) (   3,    3) (   2,    4) (   3,    2) (   3,    1) (   2,    3) (   3,    2)
          (   3,    6) (   3,    0) (   2,    0) (   2,    6) (   2,    3) (   3,    2) (   2,    6) (   3,    4) (   3,    2) (   2,    3)
          (   3,    3) (   2,    2) (   3,    3) (   2,    3) (   3,    4) (   2,    1) (   2,    3) (   3,    1) (   3,    3) (   3,    3)
          (   3,    2) (   3,    0) (   3,    2) (   1,    2) (   3,    4) (   3,    5) (   3,    5) (   3,    1) (   3,    3) (   3,    6)
          (   2,    2) (   3,    1) (   3,    2) (   3,    0) (   3,    2) (   3,    3) (   3,    1) (   3,    2) (   3,    2) (   3,    3)
          (   3,    2) (   2,    4) (   3,    3) (   3,    0) (   3,    3) (   2,    2) (   3,    6) (   3,    2) (   2,    2) (   3,    2)
          (   3,    2) (   3,    3) (   2,    1) (   2,    1) (   2,    2) (   3,    3) (   3,    3) (   2,    2) (   0,    3) (   1,    1)
          (   3,    5) (   3,    1) (   3,    2) (   3,    1) (   1,    2) (   3,    2) (   3,    1) (   3,    2) (   3,    2) (   3,    6)
          (   3,    4) (   3,    3) (   3,    2) (   3,    2) (   2,    2) (   3,    3) (   3,    2) (   2,    2) (   3,    1) (   3,    2)
          (   2,    0) (   3,    1) (   3,    3) (   3,    2) (   3,    3) (   2,    2) (   2,    2) (   3,    5) (   2,    3) (   2,    6)
          (   3,    4) (   2,    4) (   3,    2) (   3,    1) (   3,    4) (   3,    4) (   3,    2) (   3,    2) (   2,    4) (   3,    3)
          (   3,    2) (   3,    2) (   3,    4) (   3,    1) (   2,    2) (   3,    2) (   2,    2) (   3,    5) (   2,    5) (   2,    3)
          (   3,    2) (   3,    4) (   3,    4) (   3,    2) (   2,    6) (   3,    4) (   3,    4) (   3,    3) (   3,    3) (   3,    5)
          (   3,    3) (   3,    3) (   3,    2) (   2,    6) (   3,    2) (   2,    1) (   2,    1) (   3,    3) (   3,    1) (   3,    2)
          (   1,    2) (   3,    5) (   2,    3) (   3,    1) (   2,    1) (   3,    7) (   3,    3) (   3,    4) (   3,    2) (   3,    1)
          (   2,    2) (   3,    3) (   3,    4) (   2,    1) (   3,    3) (   1,    5) (   3,    5) (   2,    2) (   3,    2) (   3,    3)
          (   3,    3) (   3,    2) (   1,    6) (   2,    1) (   3,    2) (   2,    2) (   1,    6) (   3,    4) (   3,    2) (   2,    3)
          (   3,    0) (   2,    1) (   3,    6) (   3,    3) (   3,    4) (   3,    3) (   2,    3) (   2,    0) (   3,    2) (   3,    1)
          (   3,    2) (   2,    3) (   3,    1) (   3,    1) (   3,    1) (   2,    4) (   3,    2) (   3,    3) (   3,    2) (   3,    2)
          (   2,    5) (   3,    1) (   3,    4) (   2,    4) (   3,    1) (   3,    7) (   2,    3) (   3,    1) (   3,    3) (   2,    4)
          (   3,    2) (   3,    4) (   3,    2) (   2,    2) (   2,    3) (   3,    6) (   3,    3) (   1,    2) (   2,    3) (   3,    3)
          (   3,    1) (   3,    3) (   3,    3) (   3,    3) (   2,    2) (   2,    2) (   3,    6) (   3,    2) (   3,    2) (   3,    4)
          (   3,    2) (   3,    0) (   1,    1) (   3,    3) (   2,    0) (   3,    0) (   2,    1) (   2,    1) (   3,    5) (   3,    5)
          (   3,    6) (   3,    2) (   3,    4) (   3,    0) (   2,    1) (   2,    3) (   2,    4) (   3,    4) (   3,    4) (   3,    3)
          (   3,    3) (   3,    1) (   3,    1) (   3,    3) (   3,    3) (   2,    2) (   3,    3) (   3,    2) (   3,    3) (   3,    3)
          (   3,    5) (   3,    3) (   2,    4) (   3,    3) (   2,    2) (   3,    1) (   3,    1) (   3,    5) (   3,    3) (   3,    1)
          (   2,    0) (   2,    3) (   2,    1) (   3,    4) (   3,    4) (   1,    4) (   3,    1) (   3,    3) (   2,    3) (   3,    3)
          (   3,    4) (   1,    5) (   3,    1) (   3,    0) (   2,    6) (   2,    2) (   2,    3) (   3,    8) (   3,    1) (   2,    4)
          (   1,    2) (   2,    4) (   3,    2) (   3,    3) (   3,    2) (   3,    5) (   3,    3) (   3,    5) (   3,    4) (   2,    1)
          (   3,    6) (   3,    1) (   2,    2) (   2,    1) (   1,    3) (   3,    8) (   3,    3) (   2,    1) (   2,    0) (   3,    2)
          (   2,    1) (   3,    4) (   3,    1) (   3,    3) (   3,    2) (   3,    2) (   3,    1) (   2,    4) (   3,    2) (   3,    3)
          (   3,    5) (   3,    4) (   2,    2) (   3,    1) (   3,    6) (   3,    2) (   3,    3) (   2,    4) (   2,    4) (   2,    4)
          (   2,    6) (   1,    3) (   2,    5) (   3,    3) (   2,    2) (   3,    4) (   2,    2) (   3,    1) (   3,    2) (   3,    7)
          (   3,    0) (   3,    1) (   3,    4) (   1,    3) (   3,    1) (   3,    2) (   2,    3) (   3,    4) (   3,    4) (   3,    0)
          (   3,    2) (   3,    7) (   3,    3) (   3,    1) (   2,    3) (   3,    3) (   3,    4) (   3,    4) (   3,    4) (   3,    1)
          (   3,    1) (   2,    1) (   3,    0) (   3,    0) (   3,    3) (   3,    4) (   2,    2) (   3,    3) (   3,    5) (   3,    4)
          (   3,    5) (   2,    5) (   3,    3) (   3,    0) (   3,    2) (   3,    2) (   3,    5) (   2,    3) (   2,    1) (   1,    2)
          (   2,    0) (   3,    2) (   3,    2) (   2,    1) (   3,    2) (   3,    2) (   3,    4) (   3,    1) (   3,    1) (   3,    2)
          (   3,    5) (   3,    3) (   3,    1) (   3,    2) (   3,    4) (   2,    2) (   3,    3) (   3,    2) (   3,    2) (   1,    1)
          (   2,    2) (   3,    1) (   3,    1) (   3,    2) (   3,    2) (   3,    2) (   2,    3) (   2,    5) (   2,    6) (   3,    2)
          (   2,    2) (   3,    7) (   2,    3) (   3,    6) (   3,    3) (   3,    3) (   2,    2) (   3,    5) (   1,    3) (   3,    1)
          (   3,    3) (   3,    3) (   3,    5) (   1,    5) (   2,    4) (   3,    1) (   3,    6) (   2,    1) (   3,    4) (   3,    1)
          (   3,    3) (   3,    3) (   3,    2) (   3,    1) (   2,    0) (   3,    2) (   3,    4) (   1,    2) (   3,    2) (   3,    2)
          (   3,    4) (   3,    1) (   3,    5) (   3,    2) (   3,    2) (   3,    5) (   3,    1) (   3,    1) (   3,    2) (   3,    2)
          (   3,    0) (   2,    4) (   2,    4) (   2,    4) (   3,    5) (   3,    2) (   2,    1) (   3,    2) (   3,    0) (   2,    4)
          (   2,    2) (   3,    1) (   2,    6) (   3,    1) (   3,    2) (   3,    4) (   3,    2) (   3,    3) (   3,    3) (   3,    5)
          (   3,    3) (   3,    3) (   3,    2) (   3,    1) (   1,    2) (   2,    5) (   3,    2) (   3,    2) (   3,    5) (   3,    1)
          (   2,    4) (   3,    1) (   3,    5) (   2,    2) (   2,    3) (   2,    4) (   3,    2) (   3,    4) (   2,    2) (   3,    3)
          (   3,    2) (   3,    5) (   2,    3) (   3,    1) (   2,    1) (   3,    5) (   1,    2) (   3,    1) (   3,    4) (   2,    1)
          (   3,    1) (   3,    2) (   3,    7) (   2,    5) (   2,    3) (   3,    1) (   3,    2) (   3,    4) (   1,    4) (   3,    3)
          (   2,    3) (   3,    3) (   1,    4) (   3,    3) (   2,    3) (   2,    3) (   3,    2) (   3,    1) (   3,    2) (   2,    2)
          (   3,    2) (   2,    1) (   2,    1) (   2,    2) (   3,    6) (   3,    0) (   2,    4) (   3,    4) (   3,    2) (   2,    2)
          (   2,    4) (   3,    1) (   3,    1) (   2,    3) (   3,    5) (   3,    0) (   3,    1) (   3,    3) (   3,    2) (   3,    2)
          (   3,    6) (   2,    3) (   3,    6) (   2,    1) (   3,    1) (   3,    2) (   3,    1) (   3,    5) (   3,    0) (   3,    4)
          (   3,    5) (   3,    2) (   3,    1) (   3,    1) (   2,    5) (   3,    4) (   2,    0) (   3,    2) (   1,    1) (   3,    1)
          (   2,    0) (   2,    2) (   3,    4) (   3,    4) (   2,    1) (   3,    5) (   3,    4) (   2,    1) (   3,    4) (   3,    2)
          (   3,    2) (   3,    3) (   2,    2) (   3,    1) (   3,    2) (   3,    2) (   1,    5) (   3,    2) (   3,    4) (   2,    2)
          (   3,    3) (   3,    3) (   2,    6) (   3,    1) (   3,    0) (   2,    3) (   3,    3) (   3,    1) (   3,    3) (   3,    3)
          (   3,    3) (   3,    4) (   3,    3) (   3,    3) (   3,    4) (   3,    4) (   3,    2) (   2,    2) (   3,    7) (   3,    4)
          (   2,    2) (   3,    2) (   3,    2) (   3,    2) (   3,    4) (   3,    5) (   3,    4) (   3,    2) (   3,    3) (   3,    6)
          (   3,    1) (   3,    1) (   3,    3) (   2,    1) (   3,    3) (   3,    2) (   1,    4) (   2,    3) (   2,    3) (   2,    2)
          (   3,    3) (   3,    3) (   3,    5) (   3,    2) (   3,    6) (   3,    3) (   3,    0) (   3,    3) (   3,    1) (   2,    5)
          (   2,    4) (   2,    3) (   2,    3) (   3,    2) (   3,    1) (   2,    3) (   3,    2) (   3,    2) (   3,    2) (   2,    2)
          (   3,    5) (   3,    2) (   3,    1) (   3,    4) (   3,    1) (   3,    3) (   3,    4) (   2,    5) (   3,    4) (   3,    1)
         
node   6 sent_total   1856  recv_total   1906

node   7  (   0,    0) (   1,    0) (   0,    0) (   3,    1) (   2,    0) (   3,    3) (   2,    1) (   3,    3) (   3,    2) (   3,    7)
          (   3,    1) (   3,    2) (   3,    2) (   3,    2) (   2,    5) (   3,    5) (   3,    3) (   3,    3) (   3,    2) (   3,    3)
          (   3,    4) (   3,    2) (   3,    0) (   3,    5) (   3,    1) (   3,    2) (   3,    2) (   2,    4) (   3,    5) (   3,    1)
          (   3,    3) (   3,    1) (   3,    7) (   3,    3) (   3,    1) (   2,    1) (   3,    2) (   3,    0) (   3,    2) (   3,    1)
          (   3,    3) (   2,    1) (   2,    5) (   2,    1) (   3,    5) (   3,    4) (   3,    3) (   3,    3) (   3,    4) (   3,    3)
          (   3,    2) (   3,    3) (   3,    1) (   3,    4) (   3,    0) (   2,    2) (   2,    2) (   2,    1) (   3,    3) (   2,    2)
          (   3,    6) (   2,    4) (   2,    5) (   3,    2) (   3,    6) (   3,    1) (   3,    2) (   3,    0) (   3,    2) (   2,    2)
          (   3,    3) (   3,    2) (   3,    3) (   3,    1) (   2,    3) (   3,    4) (   3,    3) (   2,    2) (   3,    2) (   2,    4)
          (   3,    3) (   3,    6) (   2,    2) (   3,    2) (   3,    1) (   3,    3) (   3,    0) (   3,    2) (   3,    4) (   3,    3)
          (   3,    2) (   2,    2) (   2,    2) (   3,    2) (   3,    1) (   3,    2) (   3,    2) (   3,    5) (   2,    2) (   3,    1)
          (   3,    1) (   0,    0) (   0,    0) (   0,    0) (   0,    0) (   0,    0) (   0,    0) (   0,    0) (   0,    0) (   0,    0)
          (   0,    0) (   0,    0) (   0,    0) (   0,    0) (   0,    0) (   0,    0) (   0,    0) (   0,    0) (   0,    0) (   0,    0)
          (   0,    0) (   0,    0) (   0,    0) (   0,    0) (   0,    0) (   0,    0) (   0,    0) (   0,    0) (   0,    0) (   0,    0)
          (   0,    0) (   0,    0) (   0,    0) (   0,    0) (   0,    0) (   0,    0) (   0,    0) (   0,    0) (   0,    0) (   0,    0)
          (   0,    0) (   0,    0) (   0,    0) (   0,    0) (   0,    0) (   0,    0) (   0,    0) (   0,    0) (   0,    0) (   0,    0)
          (   0,    0) (   0,    0) (   0,    0) (   0,    0) (   0,    0) (   0,    0) (   0,    0) (   0,    0) (   0,    0) (   0,    0)
          (   0,    0) (   0,    0) (   0,    0) (   0,    0) (   0,    0) (   0,    0) (   0,    0) (   0,    0) (   0,    0) (   0,    0)
          (   0,    0) (   0,    0) (   0,    0) (   0,    0) (   0,    0) (   0,    0) (   0,    0) (   0,    0) (   0,    0) (   0,    0)
          (   0,    0) (   0,    0) (   0,    0) (   0,    0) (   0,    0) (   0,    0) (   0,    0) (   0,    0) (   0,    0) (   0,    0)
          (   0,    0) (   0,    0) (   0,    0) (   0,    0) (   0,    0) (   0,    0) (   0,    0) (   0,    0) (   0,    0) (   0,    0)
          (   0,    0) (   0,    0) (   0,    0) (   0,    0) (   0,    0) (   0,    0) (   0,    0) (   0,    0) (   0,    0) (   0,    0)
          (   0,    0) (   0,    0) (   0,    0) (   0,    0) (   0,    0) (   0,    0) (   0,    0) (   0,    0) (   0,    0) (   0,    0)
          (   0,    0) (   0,    0) (   0,    0) (   0,    0) (   0,    0) (   0,    0) (   0,    0) (   0,    0) (   0,    0) (   0,    0)
          (   0,    0) (   0,    0) (   0,    0) (   0,    0) (   0,    0) (   0,    0) (   0,    0) (   0,    0) (   0,    0) (   0,    0)
          (   0,    0) (   0,    0) (   0,    0) (   0,    0) (   0,    0) (   0,    0) (   0,    0) (   0,    0) (   0,    0) (   0,    0)
          (   0,    0) (   0,    0) (   0,    0) (   0,    0) (   0,    0) (   0,    0) (   0,    0) (   0,    0) (   0,    0) (   0,    0)
          (   0,    0) (   0,    0) (   0,    0) (   0,    0) (   0,    0) (   0,    0) (   0,    0) (   0,    0) (   0,    0) (   0,    0)
          (   0,    0) (   0,    0) (   0,    0) (   0,    0) (   0,    0) (   0,    0) (   0,    0) (   0,    0) (   0,    0) (   0,    0)
          (   0,    0) (   0,    0) (   0,    0) (   0,    0) (   0,    0) (   0,    0) (   0,    0) (   0,    0) (   0,    0) (   0,    0)
          (   0,    0) (   0,    0) (   0,    0) (   0,    0) (   0,    0) (   0,    0) (   0,    0) (   0,    0) (   0,    0) (   0,    0)
          (   0,    0) (   0,    0) (   0,    0) (   0,    0) (   0,    0) (   0,    0) (   0,    0) (   0,    0) (   0,    0) (   0,    0)
          (   0,    0) (   0,    0) (   0,    0) (   0,    0) (   0,    0) (   0,    0) (   0,    0) (   0,    0) (   0,    0) (   0,    0)
          (   0,    0) (   0,    0) (   0,    0) (   0,    0) (   0,    0) (   0,    0) (   0,    0) (   0,    0) (   0,    0) (   0,    0)
          (   0,    0) (   0,    0) (   0,    0) (   0,    0) (   0,    0) (   0,    0) (   0,    0) (   0,    0) (   0,    0) (   0,    0)
          (   0,    0) (   0,    0) (   0,    0) (   0,    0) (   0,    0) (   0,    0) (   0,    0) (   0,    0) (   0,    0) (   0,    0)
          (   0,    0) (   0,    0) (   0,    0) (   0,    0) (   0,    0) (   0,    0) (   0,    0) (   0,    0) (   0,    0) (   0,    0)
          (   0,    0) (   0,    0) (   0,    0) (   0,    0) (   0,    0) (   0,    0) (   0,    0) (   0,    0) (   0,    0) (   0,    0)
          (   0,    0) (   0,    0) (   0,    0) (   0,    0) (   0,    0) (   0,    0) (   0,    0) (   0,    0) (   0,    0) (   0,    0)
          (   0,    0) (   0,    0) (   0,    0) (   0,    0) (   0,    0) (   0,    0) (   0,    0) (   0,    0) (   0,    0) (   0,    0)
          (   0,    0) (   0,    0) (   0,    0) (   0,    0) (   0,    0) (   0,    0) (   0,    0) (   0,    0) (   0,    0) (   0,    0)
          (   0,    0) (   0,    0) (   0,    0) (   0,    0) (   0,    0) (   0,    0) (   0,    0) (   0,    0) (   0,    0) (   0,    0)
          (   0,    0) (   0,    0) (   0,    0) (   0,    0) (   0,    0) (   0,    0) (   0,    0) (   0,    0) (   0,    0) (   0,    0)
          (   0,    0) (   0,    0) (   0,    0) (   0,    0) (   0,    0) (   0,    0) (   0,    0) (   0,    0) (   0,    0) (   0,    0)
          (   0,    0) (   0,    0) (   0,    0) (   0,    0) (   0,    0) (   0,    0) (   0,    0) (   0,    0) (   0,    0) (   0,    0)
          (   0,    0) (   0,    0) (   0,    0) (   0,    0) (   0,    0) (   0,    0) (   0,    0) (   0,    0) (   0,    0) (   0,    0)
          (   0,    0) (   0,    0) (   0,    0) (   0,    0) (   0,    0) (   0,    0) (   0,    0) (   0,    0) (   0,    0) (   0,    0)
          (   0,    0) (   0,    0) (   0,    0) (   0,    0) (   0,    0) (   0,    0) (   0,    0) (   0,    0) (   0,    0) (   0,    0)
          (   0,    0) (   0,    0) (   0,    0) (   0,    0) (   0,    0) (   0,    0) (   0,    0) (   0,    0) (   0,    0) (   0,    0)
          (   0,    0) (   0,    0) (   0,    0) (   0,    0) (   0,    0) (   0,    0) (   0,    0) (   0,    0) (   0,    0) (   0,    0)
          (   0,    0) (   0,    0) (   0,    0) (   0,    0) (   0,    0) (   0,    0) (   0,    0) (   0,    0) (   0,    0) (   0,    0)
          (   0,    0) (   0,    0) (   0,    0) (   0,    0) (   0,    0) (   0,    0) (   0,    0) (   0,    0) (   0,    0) (   0,    0)
          (   0,    0) (   0,    0) (   0,    0) (   0,    0) (   0,    0) (   0,    0) (   0,    0) (   0,    0) (   0,    0) (   0,    0)
          (   0,    0) (   0,    0) (   0,    0) (   0,    0) (   0,    0) (   0,    0) (   0,    0) (   0,    0) (   0,    0) (   0,    0)
          (   0,    0) (   0,    0) (   0,    0) (   0,    0) (   0,    0) (   0,    0) (   0,    0) (   0,    0) (   0,    0) (   0,    0)
          (   0,    0) (   0,    0) (   0,    0) (   0,    0) (   0,    0) (   0,    0) (   0,    0) (   0,    0) (   0,    0) (   0,    0)
          (   0,    0) (   0,    0) (   0,    0) (   0,    0) (   0,    0) (   0,    0) (   0,    0) (   0,    0) (   0,    0) (   0,    0)
          (   0,    0) (   0,    0) (   0,    0) (   0,    0) (   0,    0) (   0,    0) (   0,    0) (   0,    0) (   0,    0) (   0,    0)
          (   0,    0) (   0,    0) (   0,    0) (   0,    0) (   0,    0) (   0,    0) (   0,    0) (   0,    0) (   0,    0) (   0,    0)
          (   0,    0) (   0,    0) (   0,    0) (   0,    0) (   0,    0) (   0,    0) (   0,    0) (   0,    0) (   0,    0) (   0,    0)
          (   0,    0) (   0,    0) (   0,    0) (   0,    0) (   0,    0) (   0,    0) (   0,    0) (   0,    0) (   0,    0) (   0,    0)
          (   0,    0) (   0,    0) (   0,    0) (   0,    0) (   0,    0) (   0,    0) (   0,    0) (   0,    0) (   0,    0) (   0,    0)
          (   0,    0) (   0,    0) (   0,    0) (   0,    0) (   0,    0) (   0,    0) (   0,    0) (   0,    0) (   0,    0) (   0,    0)
          (   0,    0) (   0,    0) (   0,    0) (   0,    0) (   0,    0) (   0,    0) (   0,    0) (   0,    0) (   0,    0) (   0,    0)
          (   0,    0) (   0,    0) (   0,    0) (   0,    0) (   0,    0) (   0,    0) (   0,    0) (   0,    0) (   0,    0) (   0,    0)
          (   0,    0) (   0,    0) (   0,    0) (   0,    0) (   0,    0) (   0,    0) (   0,    0) (   0,    0) (   0,    0) (   0,    0)
          (   0,    0) (   0,    0) (   0,    0) (   0,    0) (   0,    0) (   0,    0) (   0,    0) (   0,    0) (   0,    0) (   0,    0)
          (   0,    0) (   0,    0) (   0,    0) (   0,    0) (   0,    0) (   0,    0) (   0,    0) (   0,    0) (   0,    0) (   0,    0)
          (   0,    0) (   0,    0) (   0,    0) (   0,    0) (   0,    0) (   0,    0) (   0,    0) (   0,    0) (   0,    0) (   0,    0)
          (   0,    0) (   0,    0) (   0,    0) (   0,    0) (   0,    0) (   0,    0) (   0,    0) (   0,    0) (   0,    0) (   0,    0)
          (   0,    0) (   0,    0) (   0,    0) (   0,    0) (   0,    0) (   0,    0) (   0,    0) (   0,    0) (   0,    0) (   0,    0)
         
node   7 sent_total    273  recv_total    249

node   8  (   0,    0) (   1,    0) (   0,    0) (   3,    1) (   3,    0) (   3,    3) (   3,    3) (   2,    2) (   3,    2) (   3,    2)
          (   3,    2) (   3,    4) (   2,    1) (   3,    4) (   3,    3) (   3,    3) (   3,    4) (   3,    3) (   3,    2) (   2,    1)
          (   3,    4) (   3,    6) (   3,    2) (   3,    1) (   2,    3) (   2,    1) (   3,    5) (   3,    0) (   3,    2) (   3,    1)
          (   3,    3) (   3,    2) (   3,    4) (   3,    4) (   1,    2) (   3,    2) (   2,    3) (   3,    4) (   2,    1) (   3,    1)
          (   2,    4) (   3,    2) (   2,    3) (   2,    3) (   3,    3) (   3,    3) (   3,    2) (   2,    1) (   3,    3) (   3,    3)
          (   3,    3) (   2,    4) (   2,    7) (   3,    3) (   2,    2) (   3,    6) (   3,    2) (   3,    3) (   3,    1) (   3,    3)
          (   2,    2) (   3,    3) (   2,    0) (   3,    1) (   3,    3) (   2,    4) (   3,    6) (   2,    1) (   3,    6) (   3,    4)
          (   3,    2) (   3,    2) (   2,    7) (   3,    4) (   3,    1) (   2,    3) (   3,    4) (   3,    3) (   3,    2) (   3,    2)
          (   2,    1) (   3,    4) (   3,    4) (   3,    2) (   3,    1) (   3,    4) (   3,    4) (   3,    1) (   3,    2) (   3,    4)
          (   2,    1) (   3,    1) (   3,    3) (   3,    0) (   3,    2) (   2,    1) (   2,    2) (   3,    6) (   3,    3) (   3,    6)
          (   3,    4) (   3,    1) (   3,    3) (   2,    4) (   2,    3) (   3,    1) (   2,    0) (   3,    1) (   3,    1) (   3,    4)
          (   2,    1) (   3,    2) (   2,    1) (   3,    2) (   3,    0) (   3,    1) (   3,    3) (   2,    2) (   3,    0) (   3,    3)
          (   3,    1) (   3,    6) (   3,    2) (   3,    0) (   3,    3) (   2,    0) (   3,    1) (   3,    5) (   3,    4) (   3,    0)
          (   3,    3) (   3,    5) (   2,    4) (   3,    4) (   2,    0) (   2,    5) (   3,    5) (   3,    3) (   3,    3) (   2,    3)
          (   2,    3) (   3,    2) (   3,    0) (   3,    1) (   3,    2) (   2,    4) (   2,    2) (   3,    4) (   3,    1) (   3,    3)
          (   3,    3) (   3,    2) (   3,    1) (   3,    3) (   3,    1) (   2,    3) (   3,    3) (   3,    5) (   3,    2) (   3,    4)
          (   2,    5) (   3,    2) (   3,    5) (   2,    3) (   3,    1) (   3,    4) (   3,    1) (   2,    1) (   3,    5) (   2,    0)
          (   2,    2) (   3,    3) (   2,    2) (   2,    3) (   3,    0) (   3,    3) (   3,    1) (   3,    1) (   3,    5) (   3,    5)
          (   2,    1) (   1,    2) (   3,    1) (   2,    4) (   2,    0) (   3,    1) (   3,    3) (   3,    3) (   3,    5) (   3,    1)
          (   2,    4) (   3,    2) (   2,    2) (   3,    2) (   3,    3) (   2,    4) (   3,    2) (   3,    6) (   3,    2) (   3,    1)
          (   3,    2) (   3,    2) (   3,    2) (   2,    4) (   3,    4) (   3,    1) (   2,    2) (   3,    0) (   3,    2) (   3,    1)
          (   3,    3) (   2,    4) (   2,    3) (   2,    3) (   2,    4) (   3,    1) (   3,    1) (   3,    4) (   3,    1) (   3,    1)
          (   3,    1) (   3,    2) (   3,    5) (   3,    3) (   2,    3) (   2,    2) (   2,    3) (   2,    3) (   3,    0) (   3,    2)
          (   3,    0) (   2,    2) (   3,    0) (   2,    4) (   3,    2) (   3,    2) (   3,    1) (   2,    4) (   2,    2) (   2,    3)
          (   2,    2) (   3,    4) (   3,    6) (   3,    1) (   3,    1) (   3,    3) (   3,    5) (   3,    1) (   3,    2) (   3,    1)
          (   2,    1) (   2,    3) (   3,    2) (   3,    4) (   2,    6) (   2,    2) (   3,    2) (   2,    3) (   3,    3) (   3,    2)
          (   3,    2) (   2,    2) (   3,    5) (   3,    3) (   1,    2) (   3,    2) (   3,    2) (   3,    1) (   3,    5) (   1,    2)
          (   3,    2) (   3,    4) (   2,    4) (   3,    0) (   3,    4) (   2,    1) (   2,    3) (   3,    1) (   2,    2) (   3,    1)
          (   3,    4) (   3,    4) (   3,    2) (   3,    2) (   2,    4) (   3,    0) (   3,    1) (   3,    3) (   2,    2) (   3,    2)
          (   3,    3) (   3,    2) (   2,    2) (   2,    1) (   2,    8) (   3,    1) (   3,    2) (   2,    4) (   3,    3) (   3,    3)
          (   3,    4) (   3,    3) (   3,    3) (   3,    6) (   3,    3) (   2,    3) (   3,    1) (   3,    6) (   3,    3) (   1,    3)
          (   3,    3) (   2,    0) (   3,    1) (   2,    3) (   2,    1) (   3,    4) (   3,    2) (   3,    3) (   3,    3) (   3,    4)
          (   3,    5) (   3,    4) (   3,    2) (   3,    2) (   3,    2) (   2,    1) (   2,    3) (   3,    5) (   2,    2) (   3,    5)
          (   2,    1) (   3,    2) (   3,    2) (   3,    2) (   3,    2) (   3,    2) (   2,    4) (   3,    2) (   3,    2) (   2,    3)
          (   3,    0) (   2,    0) (   3,    1) (   3,    5) (   2,    3) (   3,    4) (   3,    3) (   1,    3) (   1,    2) (   3,    4)
          (   2,    5) (   3,    2) (   3,    4) (   3,    1) (   3,    5) (   2,    2) (   2,    2) (   3,    3) (   3,    1) (   3,    1)
          (   3,    1) (   2,    1) (   3,    1) (   3,    3) (   2,    4) (   2,    2) (   2,    3) (   2,    3) (   2,    2) (   3,    2)
          (   3,    4) (   3,    4) (   3,    3) (   3,    5) (   3,    4) (   2,    2) (   3,    4) (   3,    3) (   2,    2) (   3,    1)
          (   3,    3) (   3,    2) (   3,    3) (   3,    3) (   3,    1) (   3,    1) (   3,    4) (   2,    2) (   3,    3) (   3,    2)
          (   0,    1) (   3,    2) (   3,    1) (   3,    1) (   3,    2) (   3,    2) (   3,    1) (   3,    3) (   3,    1) (   3,    2)
          (   3,    3) (   3,    3) (   3,    1) (   2,    2) (   3,    1) (   1,    2) (   3,    2) (   3,    3) (   3,    2) (   3,    4)
          (   3,    2) (   2,    2) (   3,    3) (   3,    4) (   2,    1) (   3,    3) (   2,    1) (   3,    2) (   3,    0) (   3,    2)
          (   3,    5) (   2,    3) (   3,    1) (   3,    2) (   3,    4) (   3,    4) (   3,    2) (   3,    2) (   3,    5) (   2,    2)
          (   3,    1) (   2,    1) (   3,    2) (   3,    4) (   3,    2) (   3,    2) (   2,    4) (   3,    5) (   3,    2) (   2,    2)
          (   3,    2) (   3,    2) (   3,    4) (   3,    1) (   3,    4) (   3,    1) (   3,    3) (   3,    2) (   2,    5) (   3,    1)
          (   2,    2) (   3,    3) (   3,    2) (   2,    2) (   2,    4) (   2,    2) (   2,    3) (   3,    1) (   3,    1) (   3,    3)
          (   2,    2) (   3,    1) (   3,    2) (   1,    1) (   3,    4) (   3,    4) (   3,    3) (   3,    7) (   3,    3) (   2,    2)
          (   2,    1) (   2,    4) (   2,    2) (   3,    3) (   3,    4) (   2,    4) (   3,    2) (   3,    3) (   3,    2) (   3,    3)
          (   1,    3) (   3,    1) (   3,    2) (   3,    2) (   2,    5) (   3,    0) (   2,    5) (   3,    3) (   3,    0) (   3,    2)
          (   3,    2) (   3,    4) (   3,    3) (   3,    3) (   3,    2) (   3,    1) (   3,    3) (   2,    5) (   2,    3) (   2,    2)
          (   3,    5) (   3,    2) (   2,    1) (   2,    2) (   3,    0) (   2,    3) (   3,    1) (   2,    1) (   2,    5) (   3,    3)
          (   3,    1) (   3,    3) (   2,    3) (   2,    4) (   3,    4) (   3,    1) (   3,    2) (   3,    5) (   3,    3) (   3,    1)
          (   3,    5) (   2,    4) (   3,    5) (   3,    2) (   3,    5) (   2,    2) (   3,    3) (   3,    6) (   3,    3) (   3,    5)
          (   3,    1) (   3,    2) (   2,    4) (   2,    1) (   2,    4) (   3,    3) (   3,    2) (   2,    4) (   3,    1) (   3,    3)
          (   3,    6) (   3,    3) (   3,    2) (   1,    2) (   2,    2) (   3,    1) (   3,    4) (   3,    3) (   3,    3) (   3,    2)
          (   3,    3) (   3,    3) (   3,    1) (   3,    2) (   3,    2) (   2,    1) (   3,    1) (   3,    1) (   3,    2) (   3,    2)
          (   3,    4) (   2,    6) (   3,    2) (   3,    2) (   3,    4) (   2,    1) (   3,    1) (   3,    3) (   2,    2) (   2,    2)
          (   3,    3) (   2,    3) (   3,    2) (   3,    3) (   2,    2) (   3,    6) (   3,    4) (   3,    2) (   3,    2) (   3,    5)
          (   3,    2) (   3,    4) (   2,    4) (   2,    2) (   3,    4) (   3,    3) (   3,    1) (   3,    2) (   2,    5) (   3,    2)
          (   3,    4) (   3,    5) (   3,    3) (   3,    3) (   2,    1) (   2,    5) (   3,    2) (   3,    2) (   3,    2) (   3,    3)
          (   3,    1) (   3,    2) (   3,    6) (   3,    4) (   2,    2) (   3,    5) (   3,    3) (   3,    4) (   3,    3) (   3,    2)
          (   3,    3) (   3,    1) (   1,    2) (   3,    3) (   3,    3) (   2,    4) (   3,    2) (   3,    3) (   3,    2) (   2,    6)
          (   3,    1) (   3,    3) (   2,    1) (   2,    2) (   1,    2) (   3,    0) (   3,    4) (   2,    3) (   2,    1) (   2,    6)
          (   2,    2) (   3,    5) (   2,    3) (   3,    6) (   3,    3) (   2,    3) (   3,    3) (   3,    3) (   3,    3) (   3,    0)
          (   3,    3) (   2,    5) (   3,    1) (   3,    0) (   3,    1) (   3,    0) (   3,    5) (   3,    1) (   3,    5) (   2,    1)
          (   2,    1) (   3,    2) (   3,    0) (   3,    3) (   3,    4) (   2,    3) (   1,    4) (   3,    3) (   3,    4) (   2,    5)
          (   3,    4) (   3,    3) (   3,    5) (   2,    2) (   3,    2) (   3,    2) (   3,    2) (   3,    0) (   2,    2) (   3,    2)
          (   3,    3) (   3,    2) (   3,    4) (   3,    7) (   3,    0) (   3,    3) (   3,    5) (   3,    4) (   2,    2) (   2,    1)
          (   3,    0) (   3,    5) (   3,    3) (   2,    3) (   3,    4) (   2,    1) (   2,    4) (   3,    4) (   3,    4) (   3,    5)
          (   3,    5) (   2,    6) (   3,    1) (   3,    3) (   2,    2) (   1,    1) (   3,    4) (   3,    3) (   1,    0) (   2,    1)
         
node   8 sent_total   1871  recv_total   1822

node   9  (   0,    0) (   0,    0) (   1,    0) (   0,    0) (   2,    2) (   3,    0) (   3,    3) (   3,    5) (   3,    2) (   2,    1)
          (   3,    6) (   0,    5) (   3,    1) (   3,    3) (   2,    1) (   3,    2) (   3,    0) (   3,    0) (   3,    2) (   3,    5)
          (   3,    4) (   3,    6) (   3,    3) (   3,    3) (   3,    2) (   3,    2) (   3,    4) (   3,    3) (   3,    4) (   3,    2)
          (   3,    2) (   2,    0) (   3,    3) (   2,    0) (   3,    4) (   3,    3) (   3,    2) (   2,    8) (   2,    2) (   3,    2)
          (   3,    3) (   3,    4) (   3,    2) (   2,    2) (   3,    3) (   3,    3) (   3,    1) (   2,    3) (   3,    4) (   3,    2)
          (   3,    0) (   3,    2) (   1,    4) (   3,    0) (   3,    6) (   3,    5) (   2,    5) (   2,    1) (   2,    4) (   3,    2)
          (   3,    1) (   3,    4) (   2,    5) (   2,    1) (   1,    4) (   3,    3) (   3,    2) (   2,    1) (   3,    2) (   3,    3)
          (   3,    2) (   3,    3) (   2,    2) (   2,    3) (   3,    2) (   3,    2) (   3,    2) (   3,    3) (   3,    7) (   3,    3)
          (   3,    1) (   3,    1) (   3,    4) (   3,    2) (   1,    7) (   2,    0) (   2,    0) (   1,    4) (   3,    6) (   3,    1)
          (   3,    5) (   3,    2) (   3,    4) (   2,    6) (   2,    4) (   2,    2) (   3,    1) (   3,    2) (   3,    1) (   3,    5)
          (   2,    1) (   3,    4) (   3,    4) (   0,    1) (   3,    1) (   3,    2) (   3,    3) (   3,    3) (   3,    1) (   3,    1)
          (   3,    2) (   3,    5) (   3,    0) (   3,    3) (   2,    4) (   3,    3) (   2,    0) (   2,    5) (   2,    1) (   2,    2)
          (   2,    3) (   3,    1) (   3,    1) (   3,    6) (   3,    2) (   3,    5) (   2,    4) (   3,    3) (   3,    3) (   3,    1)
          (   3,    3) (   3,    1) (   3,    3) (   3,    2) (   3,    5) (   2,    3) (   3,    1) (   3,    1) (   3,    4) (   3,    7)
          (   2,    3) (   3,    1) (   1,    2) (   3,    6) (   3,    0) (   3,    2) (   3,    1) (   3,    1) (   3,    1) (   3,    3)
          (   3,    5) (   3,    3) (   3,    4) (   3,    4) (   2,    4) (   2,    4) (   3,    1) (   3,    3) (   2,    3) (   3,    2)
          (   1,    1) (   3,    2) (   1,    2) (   3,    2) (   2,    1) (   2,    1) (   3,    1) (   3,    2) (   3,    1) (   3,    2)
          (   3,    2) (   3,    2) (   3,    5) (   2,    3) (   3,    3) (   3,    2) (   3,    4) (   3,    4) (   3,    1) (   3,    2)
          (   2,    1) (   3,    5) (   3,    1) (   3,    1) (   3,    3) (   2,    3) (   3,    1) (   3,    0) (   3,    2) (   1,    2)
          (   2,    2) (   3,    5) (   2,    3) (   2,    4) (   2,    3) (   3,    2) (   3,    2) (   3,    0) (   3,    5) (   3,    3)
          (   3,    6) (   2,    2) (   3,    2) (   3,    4) (   3,    5) (   2,    0) (   3,    3) (   3,    1) (   3,    6) (   1,    5)
          (   3,    2) (   2,    6) (   3,    1) (   3,    2) (   3,    1) (   3,    2) (   3,    2) (   2,    2) (   3,    0) (   2,    4)
          (   3,    1) (   3,    0) (   3,    1) (   2,    2) (   3,    3) (   3,    0) (   3,    3) (   3,    4) (   3,    2) (   3,    1)
          (   3,    4) (   3,    3) (   3,    2) (   3,    2) (   3,    3) (   2,    2) (   3,    2) (   3,    6) (   3,    2) (   2,    3)
          (   3,    6) (   3,    1) (   3,    2) (   1,    9) (   3,    4) (   3,    3) (   2,    4) (   2,    1) (   2,    4) (   3,    0)
          (   3,    2) (   2,    5) (   1,    2) (   3,    3) (   2,    4) (   3,    0) (   2,    1) (   3,    2) (   3,    3) (   3,    2)
          (   3,    5) (   2,    0) (   3,    1) (   2,    5) (   2,    2) (   3,    1) (   2,    6) (   3,    5) (   2,    2) (   3,    2)
          (   3,    5) (   3,    5) (   3,    0) (   3,    2) (   2,    2) (   1,    2) (   3,    1) (   3,    5) (   3,    4) (   3,    4)
          (   2,    1) (   3,    1) (   3,    2) (   3,    2) (   3,    3) (   3,    2) (   3,    2) (   2,    2) (   2,    3) (   3,    1)
          (   3,    5) (   2,    2) (   3,    2) (   3,    4) (   3,    3) (   3,    6) (   3,    4) (   2,    1) (   2,    4) (   3,    3)
          (   2,    3) (   3,    1) (   2,    4) (   3,    4) (   3,    2) (   2,    0) (   2,    5) (   2,    3) (   3,    2) (   3,    3)
          (   3,    2) (   1,    4) (   2,    2) (   2,    3) (   3,    3) (   3,    2) (   3,    3) (   3,    2) (   3,    4) (   3,    4)
          (   3,    3) (   3,    3) (   3,    1) (   3,    2) (   3,    5) (   3,    5) (   3,    0) (   3,    2) (   3,    2) (   3,    4)
          (   1,    5) (   2,    4) (   3,    0) (   3,    2) (   3,    2) (   3,    2) (   2,    3) (   3,    0) (   2,    3) (   2,    2)
          (   1,    1) (   3,    0) (   2,    5) (   3,    1) (   3,    1) (   3,    3) (   3,    3) (   3,    2) (   3,    2) (   3,    5)
          (   3,    3) (   3,    2) (   2,    4) (   3,    6) (   2,    3) (   3,    0) (   2,    5) (   3,    2) (   3,    3) (   2,    1)
          (   3,    3) (   3,    3) (   3,    3) (   3,    2) (   3,    7) (   2,    3) (   3,    2) (   3,    1) (   3,    5) (   3,    2)
          (   3,    2) (   3,    3) (   3,    1) (   3,    1) (   3,    0) (   1,    2) (   3,    1) (   3,    2) (   3,    5) (   3,    2)
          (   3,    3) (   3,    4) (   2,    0) (   3,    3) (   3,    2) (   3,    5) (   3,    3) (   3,    2) (   3,    4) (   3,    6)
          (   2,    1) (   3,    2) (   3,    1) (   3,    2) (   2,    2) (   3,    1) (   3,    4) (   2,    2) (   3,    4) (   2,    4)
          (   3,    2) (   3,    1) (   2,    1) (   2,    6) (   2,    1) (   3,    2) (   2,    1) (   3,    4) (   3,    1) (   2,    1)
          (   2,    1) (   3,    8) (   3,    5) (   3,    3) (   3,    2) (   2,    3) (   2,    2) (   2,    3) (   3,    2) (   3,    0)
          (   3,    3) (   1,    4) (   2,    3) (   2,    5) (   3,    2) (   2,    4) (   2,    1) (   3,    1) (   3,    3) (   3,    2)
          (   3,    3) (   3,    3) (   3,    4) (   3,    3) (   3,    1) (   3,    0) (   3,    2) (   3,    2) (   1,    3) (   3,    5)
          (   3,    3) (   3,    5) (   3,    5) (   3,    5) (   3,    3) (   2,    4) (   3,    2) (   3,    0) (   3,    0) (   3,    3)
          (   2,    4) (   2,    3) (   3,    4) (   2,    3) (   3,    1) (   2,    5) (   2,    3) (   3,    0) (   3,    1) (   3,    3)
          (   3,    3) (   3,    2) (   3,    3) (   3,    0) (   3,    3) (   2,    2) (   2,    3) (   3,    1) (   2,    3) (   3,    3)
          (   3,    3) (   1,    1) (   2,    3) (   3,    3) (   3,    1) (   3,    1) (   3,    2) (   1,    1) (   3,    2) (   3,    0)
          (   3,    6) (   3,    2) (   2,    0) (   3,    3) (   3,    1) (   3,    1) (   3,    1) (   3,    1) (   3,    1) (   3,    1)
          (   3,    2) (   3,    5) (   3,    6) (   3,    4) (   3,    3) (   3,    3) (   3,    5) (   2,    1) (   3,    1) (   3,    3)
          (   2,    4) (   2,    6) (   2,    4) (   3,    2) (   2,    2) (   3,    2) (   2,    3) (   3,    2) (   3,    4) (   3,    1)
          (   3,    0) (   3,    0) (   3,    3) (   2,    2) (   3,    3) (   3,    3) (   1,    4) (   3,    4) (   3,    6) (   2,    3)
          (   3,    3) (   3,    1) (   3,    1) (   2,    0) (   3,    1) (   3,    0) (   3,    6) (   3,    2) (   3,    2) (   3,    6)
          (   3,    2) (   3,    3) (   2,    3) (   3,    3) (   3,    3) (   3,    4) (   3,    2) (   3,    2) (   2,    3) (   3,    2)
          (   2,    2) (   3,    1) (   2,    5) (   3,    3) (   3,    7) (   2,    2) (   2,    5) (   3,    4) (   3,    3) (   3,    4)
          (   3,    5) (   3,    2) (   2,    2) (   3,    3) (   3,    4) (   2,    5) (   3,    6) (   3,    3) (   2,    6) (   3,    5)
          (   3,    3) (   3,    3) (   3,    4) (   2,    4) (   2,    0) (   3,    2) (   3,    2) (   2,    2) (   2,    0) (   3,    2)
          (   2,    3) (   3,    6) (   3,    4) (   3,    4) (   3,    4) (   3,    2) (   3,    2) (   3,    2) (   2,    2) (   3,    5)
          (   3,    2) (   3,    4) (   2,    1) (   2,    3) (   3,    1) (   3,    3) (   2,    3) (   3,    4) (   2,    2) (   3,    4)
          (   3,    3) (   3,    4) (   3,    3) (   2,    3) (   3,    3) (   2,    4) (   3,    3) (   3,    4) (   2,    6) (   3,    3)
          (   2,    1) (   3,    3) (   3,    0) (   2,    3) (   3,    1) (   2,    1) (   3,    1) (   3,    3) (   3,    6) (   3,    4)
          (   3,    3) (   3,    4) (   3,    8) (   3,    6) (   3,    4) (   3,    2) (   3,    5) (   1,    5) (   3,    5) (   3,    2)
          (   2,    6) (   3,    1) (   3,    3) (   2,    4) (   3,    1) (   3,    1) (   3,    3) (   3,    3) (   3,    3) (   3,    1)
          (   3,    4) (   3,    2) (   2,    5) (   2,    0) (   3,    2) (   3,    4) (   2,    4) (   2,    2) (   2,    2) (   3,    2)
          (   3,    1) (   3,    2) (   2,    1) (   3,    1) (   3,    5) (   3,    5) (   2,    2) (   3,    5) (   3,    1) (   2,    3)
          (   2,    1) (   2,    2) (   2,    3) (   3,    3) (   3,    3) (   3,    3) (   2,    2) (   2,    3) (   3,    4) (   3,    1)
          (   3,    1) (   3,    0) (   3,    2) (   2,    5) (   3,    3) (   2,    2) (   2,    3) (   3,    4) (   2,    1) (   1,    4)
          (   3,    2) (   3,    1) (   3,    1) (   2,    2) (   2,    1) (   3,    2) (   2,    4) (   1,    2) (   3,    4) (   3,    3)
          (   2,    1) (   2,    2) (   2,    4) (   1,    3) (   3,    4) (   2,    2) (   3,    1) (   3,    2) (   2,    2) (   3,    2)
          (   3,    1) (   3,    4) (   3,    3) (   1,    5) (   2,    2) (   2,    2) (   3,    2) (   3,    2) (   1,    1) (   3,    1)
         
node   9 sent_total   1850  recv_total   1867

node  10  (   0,    0) (   0,    0) (   1,    0) (   0,    0) (   3,    1) (   3,    2) (   3,    6) (   3,    3) (   3,    1) (   3,    1)
          (   2,    0) (   3,    1) (   3,    3) (   3,    2) (   3,    2) (   2,    5) (   3,    2) (   3,    3) (   3,    9) (   3,    4)
          (   3,    1) (   3,    2) (   3,    1) (   3,    2) (   3,    4) (   1,    4) (   3,    1) (   3,    2) (   3,    3) (   3,    2)
          (   3,    2) (   3,    9) (   2,    0) (   2,    4) (   3,    3) (   3,    0) (   3,    3) (   3,    4) (   2,    2) (   3,    3)
          (   2,    3) (   3,    2) (   3,    1) (   3,    4) (   2,    3) (   3,    2) (   3,    1) (   3,    6) (   3,    1) (   3,    0)
          (   2,    3) (   3,    3) (   2,    3) (   2,    2) (   2,    4) (   3,    3) (   3,    2) (   3,    3) (   3,    1) (   3,    2)
          (   3,    3) (   3,    5) (   3,    2) (   3,    5) (   2,    3) (   3,    2) (   2,    0) (   2,    2) (   2,    3) (   3,    4)
          (   3,    1) (   3,    3) (   3,    0) (   3,    2) (   3,    1) (   3,    1) (   3,    2) (   3,    3) (   3,    3) (   3,    3)
          (   2,    3) (   2,    2) (   3,    3) (   3,    4) (   3,    2) (   3,    3) (   2,    4) (   3,    1) (   2,    1) (   3,    2)
          (   3,    5) (   3,    4) (   2,    2) (   3,    3) (   2,    3) (   3,    1) (   3,    5) (   3,    2) (   3,    5) (   3,    1)
          (   3,    3) (   2,    3) (   3,    3) (   3,    2) (   2,    2) (   3,    2) (   3,    3) (   3,    4) (   2,    0) (   2,    1)
          (   3,    3) (   2,    2) (   2,    3) (   3,    2) (   3,    2) (   2,    2) (   3,    4) (   3,    0) (   3,    2) (   2,    2)
          (   3,    3) (   2,    4) (   3,    1) (   3,    1) (   3,    3) (   2,    4) (   2,    4) (   2,    1) (   2,    3) (   3,    1)
          (   2,    2) (   3,    3) (   2,    2) (   3,    3) (   2,    4) (   3,    2) (   2,    3) (   3,    3) (   3,    0) (   2,    0)
          (   3,    0) (   3,    4) (   3,    5) (   3,    5) (   2,    2) (   2,    1) (   2,    3) (   3,    1) (   3,    3) (   3,    0)
          (   2,    2) (   3,    5) (   3,    3) (   3,    4) (   3,    2) (   3,    2) (   3,    3) (   2,    3) (   3,    2) (   3,    0)
          (   3,    0) (   1,    3) (   3,    2) (   3,    3) (   3,    3) (   3,    0) (   3,    1) (   3,    3) (   3,    5) (   2,    3)
          (   2,    2) (   2,    1) (   2,    1) (   3,    2) (   3,    0) (   2,    2) (   3,    1) (   3,    6) (   2,    1) (   3,    1)
          (   3,    2) (   3,    3) (   3,    3) (   3,    1) (   3,    4) (   3,    5) (   2,    1) (   2,    2) (   3,    4) (   2,    1)
          (   3,    3) (   3,    4) (   2,    2) (   3,    5) (   3,    1) (   3,    3) (   3,    5) (   3,    4) (   3,    3) (   2,    4)
          (   3,    3) (   1,    3) (   3,    5) (   3,    3) (   2,    3) (   3,    4) (   1,    3) (   3,    1) (   1,    1) (   3,    2)
          (   2,    6) (   3,    2) (   2,    1) (   2,    2) (   3,    2) (   2,    2) (   2,    4) (   3,    3) (   3,    1) (   3,    6)
          (   2,    1) (   2,    4) (   3,    0) (   3,    1) (   3,    2) (   3,    1) (   3,    2) (   2,    5) (   3,    3) (   3,    0)
          (   2,    3) (   2,    4) (   2,    3) (   3,    2) (   3,    1) (   3,    2) (   3,    3) (   3,    5) (   3,    2) (   3,    1)
          (   3,    2) (   2,    3) (   3,    6) (   3,    1) (   3,    3) (   1,    4) (   2,    0) (   3,    3) (   3,    3) (   3,    0)
          (   3,    3) (   2,    4) (   3,    4) (   3,    4) (   3,    1) (   3,    2) (   3,    4) (   2,    6) (   3,    4) (   3,    3)
          (   2,    5) (   2,    2) (   3,    2) (   3,    2) (   3,    1) (   3,    0) (   3,    2) (   2,    2) (   3,    2) (   2,    2)
          (   3,    0) (   3,    0) (   3,    3) (   3,    6) (   3,    0) (   3,    2) (   1,    3) (   1,    2) (   3,    6) (   3,    2)
          (   3,    4) (   3,    6) (   3,    4) (   3,    1) (   3,    3) (   3,    4) (   1,    3) (   3,    4) (   3,    1) (   3,    5)
          (   3,    3) (   3,    3) (   3,    0) (   2,    1) (   3,    4) (   3,    3) (   1,    2) (   3,    2) (   3,    4) (   3,    3)
          (   3,    2) (   2,    1) (   3,    4) (   3,    2) (   3,    4) (   2,    2) (   3,    2) (   2,    3) (   3,    0) (   3,    5)
          (   3,    1) (   3,    1) (   3,    2) (   2,    2) (   3,    5) (   3,    2) (   3,    3) (   3,    1) (   2,    6) (   2,    3)
          (   2,    4) (   1,    1) (   1,    3) (   3,    3) (   3,    3) (   3,    0) (   2,    3) (   3,    2) (   3,    3) (   2,    2)
          (   2,    3) (   2,    2) (   2,    3) (   3,    3) (   3,    3) (   3,    6) (   3,    4) (   3,    2) (   3,    7) (   3,    3)
          (   2,    2) (   2,    4) (   3,    0) (   3,    1) (   3,    7) (   3,    0) (   3,    3) (   3,    4) (   2,    1) (   3,    3)
          (   3,    2) (   2,    2) (   3,    3) (   3,    5) (   3,    2) (   2,    4) (   2,    4) (   2,    0) (   3,    7) (   3,    3)
          (   3,    5) (   3,    2) (   3,    1) (   3,    3) (   3,    3) (   3,    2) (   3,    4) (   3,    3) (   2,    2) (   3,    4)
          (   2,    3) (   3,    4) (   1,    4) (   3,    3) (   3,    3) (   3,    3) (   2,    2) (   2,    1) (   2,    2) (   3,    3)
          (   2,    2) (   3,    2) (   3,    0) (   1,    2) (   3,    3) (   3,    3) (   2,    1) (   3,    4) (   3,    4) (   2,    1)
          (   3,    5) (   3,    4) (   2,    2) (   3,    2) (   2,    4) (   3,    2) (   3,    2) (   1,    3) (   2,    4) (   3,    3)
          (   3,    6) (   1,    0) (   3,    6) (   3,    6) (   3,    6) (   3,    6) (   3,    2) (   2,    4) (   3,    5) (   3,    1)
          (   2,    3) (   3,    1) (   1,    3) (   3,    1) (   2,    4) (   3,    2) (   2,    2) (   3,    5) (   3,    2) (   3,    2)
          (   2,    2) (   3,    2) (   3,    4) (   3,    6) (   3,    2) (   2,    3) (   3,    0) (   3,    2) (   1,    3) (   2,    2)
          (   3,    2) (   1,    3) (   3,    4) (   3,    5) (   3,    5) (   2,    3) (   2,    4) (   3,    5) (   3,    2) (   3,    1)
          (   3,    1) (   2,    2) (   2,    4) (   3,    3) (   3,    2) (   2,    5) (   2,    2) (   3,    6) (   2,    5) (   3,    1)
          (   2,    2) (   2,    2) (   3,    1) (   3,    2) (   3,    2) (   2,    0) (   2,    2) (   2,    1) (   3,    0) (   3,    2)
          (   2,    4) (   3,    0) (   3,    1) (   3,    3) (   3,    3) (   3,    0) (   2,    4) (   2,    0) (   3,    2) (   3,    2)
          (   3,    0) (   3,    4) (   3,    1) (   3,    1) (   3,    4) (   3,    2) (   3,    2) (   3,    0) (   3,    0) (   3,    2)
          (   3,    2) (   2,    2) (   3,    3) (   3,    1) (   3,    6) (   2,    4) (   3,    3) (   2,    4) (   2,    4) (   3,    1)
          (   3,    1) (   2,    2) (   2,    3) (   3,    2) (   3,    4) (   3,    2) (   2,    2) (   2,    0) (   3,   10) (   3,    5)
          (   3,    0) (   3,    4) (   2,    1) (   3,    2) (   3,    2) (   2,    0) (   1,    2) (   3,    5) (   2,    0) (   3,    2)
          (   3,    1) (   3,    2) (   2,    4) (   3,    4) (   1,    3) (   3,    3) (   2,    2) (   3,    2) (   2,    4) (   3,    0)
          (   3,    2) (   2,    1) (   3,    2) (   3,    5) (   2,    3) (   3,    3) (   3,    1) (   2,    3) (   3,    2) (   3,    1)
          (   3,    3) (   3,    4) (   2,    3) (   3,    2) (   3,    0) (   2,    2) (   3,    2) (   3,    1) (   3,    3) (   3,    5)
          (   3,    3) (   3,    2) (   3,    3) (   3,    3) (   3,    0) (   2,    2) (   3,    2) (   2,    2) (   2,    3) (   3,    3)
          (   3,    4) (   0,    3) (   3,    0) (   2,    1) (   1,    4) (   3,    3) (   2,    2) (   3,    2) (   3,    3) (   3,    3)
          (   3,    4) (   3,    0) (   3,    1) (   3,    1) (   3,    3) (   3,    5) (   2,    3) (   3,    1) (   3,    3) (   2,    7)
          (   3,    1) (   3,    1) (   3,    3) (   3,    3) (   3,    1) (   2,    1) (   3,    2) (   3,    1) (   2,    3) (   2,    2)
          (   2,    3) (   3,    2) (   3,    5) (   3,    3) (   3,    2) (   2,    8) (   2,    3) (   2,    3) (   3,    3) (   3,    1)
          (   3,    2) (   3,    2) (   3,    4) (   3,    1) (   3,    3) (   3,    4) (   3,    5) (   2,    3) (   3,    4) (   2,    0)
          (   3,    2) (   2,    3) (   3,    3) (   3,    2) (   3,    1) (   3,    3) (   3,    1) (   3,    1) (   3,    0) (   3,    3)
          (   3,    2) (   3,    3) (   3,    1) (   3,    0) (   3,    3) (   2,    3) (   3,    3) (   3,    4) (   3,    3) (   3,    3)
          (   3,    0) (   2,    3) (   3,    2) (   3,    2) (   3,    2) (   3,    0) (   3,    3) (   3,    1) (   2,    2) (   3,    4)
          (   3,    1) (   2,    3) (   3,    1) (   2,    4) (   3,    2) (   0,    3) (   3,    1) (   3,    2) (   3,    3) (   3,    4)
          (   3,    7) (   3,    0) (   3,    2) (   3,    1) (   3,    0) (   3,    4) (   3,    2) (   2,    3) (   3,    1) (   3,    5)
          (   2,    0) (   3,    4) (   3,    4) (   3,    4) (   2,    3) (   3,    1) (   1,    1) (   3,    2) (   3,    4) (   3,    3)
          (   3,    1) (   2,    6) (   2,    3) (   1,    1) (   3,    2) (   3,    4) (   3,    4) (   3,    3) (   2,    2) (   1,    5)
          (   3,    1) (   3,    0) (   3,    1) (   3,    3) (   2,    5) (   3,    3) (   2,    2) (   3,    4) (   3,    2) (   3,    4)
          (   3,    1) (   3,    2) (   3,    2) (   2,    1) (   2,    2) (   3,    3) (   3,    3) (   2,    4) (   2,    2) (   3,    3)
          (   3,    0) (   3,    1) (   2,    3) (   2,    3) (   2,    2) (   3,    3) (   3,    2) (   2,    1) (   3,    4) (   3,    2)
         
node  10 sent_total   1848  recv_total   1788

